<?xml version="1.0" ?>
<testsuite errors="544" failures="0" name="prospector-dodgy-mccabe-profile-validator-pycodestyle-pyflakes-pylint" tests="544" time="33.46">
	<properties/>
	<system-out><![CDATA[]]></system-out>
	<system-err><![CDATA[]]></system-err>
	<testcase name="truelearn_experiments/analyse_results.py:54">
		<error message="String statement has no effect" type="pylint Error"><![CDATA[truelearn_experiments/analyse_results.py:54: [pointless-string-statement(pylint), None] String statement has no effect]]></error>
	</testcase>
	<testcase name="truelearn_experiments/baseline_models.py-6">
		<error message="Unable to import 'analyses.truelearn_experiments.utils'" type="pylint Error"><![CDATA[truelearn_experiments/baseline_models.py:6: [import-error(pylint), None] Unable to import 'analyses.truelearn_experiments.utils']]></error>
	</testcase>
	<testcase name="truelearn_experiments/baseline_models.py-43">
		<error message="Unnecessary &quot;else&quot; after &quot;return&quot;, remove the &quot;else&quot; and de-indent the code inside it" type="pylint Error"><![CDATA[truelearn_experiments/baseline_models.py:43: [no-else-return(pylint), update_topic_dict] Unnecessary "else" after "return", remove the "else" and de-indent the code inside it]]></error>
	</testcase>
	<testcase name="truelearn_experiments/baseline_models.py-106">
		<error message="Too many local variables (17/15)" type="pylint Error"><![CDATA[truelearn_experiments/baseline_models.py:106: [too-many-locals(pylint), predict_and_model_ccf] Too many local variables (17/15)]]></error>
	</testcase>
	<testcase name="truelearn_experiments/baseline_models.py-113">
		<error message="Unused variable 'event_time'" type="pylint Error"><![CDATA[truelearn_experiments/baseline_models.py:113: [unused-variable(pylint), predict_and_model_ccf] Unused variable 'event_time']]></error>
	</testcase>
	<testcase name="truelearn_experiments/baseline_recommender_models.py-3">
		<error message="Unable to import 'analyses.truelearn_experiments.utils'" type="pylint Error"><![CDATA[truelearn_experiments/baseline_recommender_models.py:3: [import-error(pylint), None] Unable to import 'analyses.truelearn_experiments.utils']]></error>
	</testcase>
	<testcase name="truelearn_experiments/baseline_recommender_models.py-46">
		<error message="Unused variable 'topics_covered'" type="pylint Error"><![CDATA[truelearn_experiments/baseline_recommender_models.py:46: [unused-variable(pylint), persistent_model] Unused variable 'topics_covered']]></error>
	</testcase>
	<testcase name="truelearn_experiments/baseline_recommender_models.py-89">
		<error message="ambiguous variable name 'l'" type="pycodestyle Error"><![CDATA[truelearn_experiments/baseline_recommender_models.py:89: [E741(pycodestyle), None] ambiguous variable name 'l']]></error>
	</testcase>
	<testcase name="truelearn_experiments/compute_performace_for_pr_cos_weights/generate_dataset_shell_script.py-21">
		<error message="line too long (332 &gt; 159 characters)" type="pycodestyle Error"><![CDATA[truelearn_experiments/compute_performace_for_pr_cos_weights/generate_dataset_shell_script.py:21: [E501(pycodestyle), None] line too long (332 > 159 characters)]]></error>
	</testcase>
	<testcase name="truelearn_experiments/compute_performace_for_pr_cos_weights/generate_dataset_shell_script.py-59">
		<error message="Too many local variables (24/15)" type="pylint Error"><![CDATA[truelearn_experiments/compute_performace_for_pr_cos_weights/generate_dataset_shell_script.py:59: [too-many-locals(pylint), main] Too many local variables (24/15)]]></error>
	</testcase>
	<testcase name="truelearn_experiments/compute_performace_for_pr_cos_weights/generate_dataset_shell_script.py-68">
		<error message="Formatting a regular string which could be a f-string" type="pylint Error"><![CDATA[truelearn_experiments/compute_performace_for_pr_cos_weights/generate_dataset_shell_script.py:68: [consider-using-f-string(pylint), main] Formatting a regular string which could be a f-string]]></error>
	</testcase>
	<testcase name="truelearn_experiments/compute_performace_for_pr_cos_weights/generate_dataset_shell_script.py-101">
		<error message="Formatting a regular string which could be a f-string" type="pylint Error"><![CDATA[truelearn_experiments/compute_performace_for_pr_cos_weights/generate_dataset_shell_script.py:101: [consider-using-f-string(pylint), main] Formatting a regular string which could be a f-string]]></error>
	</testcase>
	<testcase name="truelearn_experiments/compute_performace_for_pr_cos_weights/generate_dataset_shell_script.py-107">
		<error message="Using open without explicitly specifying an encoding" type="pylint Error"><![CDATA[truelearn_experiments/compute_performace_for_pr_cos_weights/generate_dataset_shell_script.py:107: [unspecified-encoding(pylint), main] Using open without explicitly specifying an encoding]]></error>
	</testcase>
	<testcase name="truelearn_experiments/compute_performace_for_pr_cos_weights/generate_dataset_shell_script.py-112">
		<error message="String statement has no effect" type="pylint Error"><![CDATA[truelearn_experiments/compute_performace_for_pr_cos_weights/generate_dataset_shell_script.py:112: [pointless-string-statement(pylint), None] String statement has no effect]]></error>
	</testcase>
	<testcase name="truelearn_experiments/compute_performace_for_pr_cos_weights/summarise_grid_search_results.py-36">
		<error message="String statement has no effect" type="pylint Error"><![CDATA[truelearn_experiments/compute_performace_for_pr_cos_weights/summarise_grid_search_results.py:36: [pointless-string-statement(pylint), None] String statement has no effect]]></error>
	</testcase>
	<testcase name="truelearn_experiments/data_analysis/analyse_active_user_performance.py-4">
		<error message="Unused pandas imported as pd" type="pylint Error"><![CDATA[truelearn_experiments/data_analysis/analyse_active_user_performance.py:4: [unused-import(pylint), None] Unused pandas imported as pd]]></error>
	</testcase>
	<testcase name="truelearn_experiments/data_analysis/analyse_active_user_performance.py-6">
		<error message="Unable to import 'networkx'" type="pylint Error"><![CDATA[truelearn_experiments/data_analysis/analyse_active_user_performance.py:6: [import-error(pylint), None] Unable to import 'networkx']]></error>
	</testcase>
	<testcase name="truelearn_experiments/data_analysis/analyse_active_user_performance.py-9">
		<error message="Unused seaborn imported as sns" type="pylint Error"><![CDATA[truelearn_experiments/data_analysis/analyse_active_user_performance.py:9: [unused-import(pylint), None] Unused seaborn imported as sns]]></error>
	</testcase>
	<testcase name="truelearn_experiments/data_analysis/analyse_active_user_performance.py-10">
		<error message="Unused matplotlib.pyplot imported as plt" type="pylint Error"><![CDATA[truelearn_experiments/data_analysis/analyse_active_user_performance.py:10: [unused-import(pylint), None] Unused matplotlib.pyplot imported as plt]]></error>
	</testcase>
	<testcase name="truelearn_experiments/data_analysis/analyse_active_user_performance.py-11">
		<error message="Unable to import 'networkx'" type="pylint Error"><![CDATA[truelearn_experiments/data_analysis/analyse_active_user_performance.py:11: [import-error(pylint), None] Unable to import 'networkx']]></error>
	</testcase>
	<testcase name="truelearn_experiments/data_analysis/analyse_active_user_performance.py-13">
		<error message="Unable to import 'analyses.truelearn_experiments.grid_search.eval.summarise_experiment_results'" type="pylint Error"><![CDATA[truelearn_experiments/data_analysis/analyse_active_user_performance.py:13: [import-error(pylint), None] Unable to import 'analyses.truelearn_experiments.grid_search.eval.summarise_experiment_results']]></error>
	</testcase>
	<testcase name="truelearn_experiments/data_analysis/analyse_active_user_performance.py-13">
		<error message="Unused decode_algo_name imported from analyses.truelearn_experiments.grid_search.eval.summarise_experiment_results" type="pylint Error"><![CDATA[truelearn_experiments/data_analysis/analyse_active_user_performance.py:13: [unused-import(pylint), None] Unused decode_algo_name imported from analyses.truelearn_experiments.grid_search.eval.summarise_experiment_results]]></error>
	</testcase>
	<testcase name="truelearn_experiments/data_analysis/analyse_active_user_performance.py-14">
		<error message="Unable to import 'analyses.truelearn_experiments.trueknowledge_recommender_models'" type="pylint Error"><![CDATA[truelearn_experiments/data_analysis/analyse_active_user_performance.py:14: [import-error(pylint), None] Unable to import 'analyses.truelearn_experiments.trueknowledge_recommender_models']]></error>
	</testcase>
	<testcase name="truelearn_experiments/data_analysis/analyse_active_user_performance.py-15">
		<error message="Unable to import 'analyses.truelearn_experiments.utils'" type="pylint Error"><![CDATA[truelearn_experiments/data_analysis/analyse_active_user_performance.py:15: [import-error(pylint), None] Unable to import 'analyses.truelearn_experiments.utils']]></error>
	</testcase>
	<testcase name="truelearn_experiments/data_analysis/analyse_active_user_performance.py-16">
		<error message="Unable to import 'lib.spark_context'" type="pylint Error"><![CDATA[truelearn_experiments/data_analysis/analyse_active_user_performance.py:16: [import-error(pylint), None] Unable to import 'lib.spark_context']]></error>
	</testcase>
	<testcase name="truelearn_experiments/data_analysis/analyse_active_user_performance.py-81">
		<error message="Formatting a regular string which could be a f-string" type="pylint Error"><![CDATA[truelearn_experiments/data_analysis/analyse_active_user_performance.py:81: [consider-using-f-string(pylint), main] Formatting a regular string which could be a f-string]]></error>
	</testcase>
	<testcase name="truelearn_experiments/data_analysis/analyse_active_user_performance.py-90">
		<error message="Using open without explicitly specifying an encoding" type="pylint Error"><![CDATA[truelearn_experiments/data_analysis/analyse_active_user_performance.py:90: [unspecified-encoding(pylint), main] Using open without explicitly specifying an encoding]]></error>
	</testcase>
	<testcase name="truelearn_experiments/data_analysis/analyse_active_user_performance.py-98">
		<error message="Using open without explicitly specifying an encoding" type="pylint Error"><![CDATA[truelearn_experiments/data_analysis/analyse_active_user_performance.py:98: [unspecified-encoding(pylint), main] Using open without explicitly specifying an encoding]]></error>
	</testcase>
	<testcase name="truelearn_experiments/data_analysis/analyse_active_user_performance.py-103">
		<error message="String statement has no effect" type="pylint Error"><![CDATA[truelearn_experiments/data_analysis/analyse_active_user_performance.py:103: [pointless-string-statement(pylint), None] String statement has no effect]]></error>
	</testcase>
	<testcase name="truelearn_experiments/data_analysis/analyse_model_results_truelearn_hybrid.py-11">
		<error message="Unable to import 'analyses.truelearn_experiments.data_analysis.generate_userwise_analyses'" type="pylint Error"><![CDATA[truelearn_experiments/data_analysis/analyse_model_results_truelearn_hybrid.py:11: [import-error(pylint), None] Unable to import 'analyses.truelearn_experiments.data_analysis.generate_userwise_analyses']]></error>
	</testcase>
	<testcase name="truelearn_experiments/data_analysis/analyse_model_results_truelearn_hybrid.py-16">
		<error message="Unable to import 'lib.spark_context'" type="pylint Error"><![CDATA[truelearn_experiments/data_analysis/analyse_model_results_truelearn_hybrid.py:16: [import-error(pylint), None] Unable to import 'lib.spark_context']]></error>
	</testcase>
	<testcase name="truelearn_experiments/data_analysis/analyse_model_results_truelearn_hybrid.py-21">
		<error message="Too many local variables (19/15)" type="pylint Error"><![CDATA[truelearn_experiments/data_analysis/analyse_model_results_truelearn_hybrid.py:21: [too-many-locals(pylint), get_records] Too many local variables (19/15)]]></error>
	</testcase>
	<testcase name="truelearn_experiments/data_analysis/analyse_model_results_truelearn_hybrid.py-67">
		<error message="Use isinstance() rather than type() for a typecheck." type="pylint Error"><![CDATA[truelearn_experiments/data_analysis/analyse_model_results_truelearn_hybrid.py:67: [unidiomatic-typecheck(pylint), get_weights] Use isinstance() rather than type() for a typecheck.]]></error>
	</testcase>
	<testcase name="truelearn_experiments/data_analysis/analyse_model_results_truelearn_hybrid.py-79">
		<error message="Unused variable 'num_events'" type="pylint Error"><![CDATA[truelearn_experiments/data_analysis/analyse_model_results_truelearn_hybrid.py:79: [unused-variable(pylint), extract_user_summary] Unused variable 'num_events']]></error>
	</testcase>
	<testcase name="truelearn_experiments/data_analysis/analyse_model_results_truelearn_hybrid.py-85">
		<error message="Cell variable n defined in loop" type="pylint Error"><![CDATA[truelearn_experiments/data_analysis/analyse_model_results_truelearn_hybrid.py:85: [cell-var-from-loop(pylint), extract_user_summary.<lambda>] Cell variable n defined in loop]]></error>
	</testcase>
	<testcase name="truelearn_experiments/data_analysis/analyse_model_results_truelearn_hybrid.py-103">
		<error message="Unused variable 'ax'" type="pylint Error"><![CDATA[truelearn_experiments/data_analysis/analyse_model_results_truelearn_hybrid.py:103: [unused-variable(pylint), extract_user_summary] Unused variable 'ax']]></error>
	</testcase>
	<testcase name="truelearn_experiments/data_analysis/analyse_model_results_truelearn_hybrid.py-109">
		<error message="Unused variable 'sum_weights'" type="pylint Error"><![CDATA[truelearn_experiments/data_analysis/analyse_model_results_truelearn_hybrid.py:109: [unused-variable(pylint), get_weights_only] Unused variable 'sum_weights']]></error>
	</testcase>
	<testcase name="truelearn_experiments/data_analysis/analyse_model_results_truelearn_hybrid.py-115">
		<error message="ambiguous variable name 'l'" type="pycodestyle Error"><![CDATA[truelearn_experiments/data_analysis/analyse_model_results_truelearn_hybrid.py:115: [E741(pycodestyle), None] ambiguous variable name 'l']]></error>
	</testcase>
	<testcase name="truelearn_experiments/data_analysis/analyse_model_results_truelearn_hybrid.py-139">
		<error message="Formatting a regular string which could be a f-string" type="pylint Error"><![CDATA[truelearn_experiments/data_analysis/analyse_model_results_truelearn_hybrid.py:139: [consider-using-f-string(pylint), generate_topic_sparsity_plot] Formatting a regular string which could be a f-string]]></error>
	</testcase>
	<testcase name="truelearn_experiments/data_analysis/analyse_model_results_truelearn_hybrid.py-141">
		<error message="Formatting a regular string which could be a f-string" type="pylint Error"><![CDATA[truelearn_experiments/data_analysis/analyse_model_results_truelearn_hybrid.py:141: [consider-using-f-string(pylint), generate_topic_sparsity_plot] Formatting a regular string which could be a f-string]]></error>
	</testcase>
	<testcase name="truelearn_experiments/data_analysis/analyse_model_results_truelearn_hybrid.py-160">
		<error message="Unused variable 'ax'" type="pylint Error"><![CDATA[truelearn_experiments/data_analysis/analyse_model_results_truelearn_hybrid.py:160: [unused-variable(pylint), generate_topic_sparsity_plot] Unused variable 'ax']]></error>
	</testcase>
	<testcase name="truelearn_experiments/data_analysis/analyse_model_results_truelearn_hybrid.py-175">
		<error message="Redefining built-in 'id'" type="pylint Error"><![CDATA[truelearn_experiments/data_analysis/analyse_model_results_truelearn_hybrid.py:175: [redefined-builtin(pylint), generate_event_records] Redefining built-in 'id']]></error>
	</testcase>
	<testcase name="truelearn_experiments/data_analysis/analyse_model_results_truelearn_hybrid.py-194">
		<error message="Unused variable 'w_k'" type="pylint Error"><![CDATA[truelearn_experiments/data_analysis/analyse_model_results_truelearn_hybrid.py:194: [unused-variable(pylint), compute_metrics] Unused variable 'w_k']]></error>
	</testcase>
	<testcase name="truelearn_experiments/data_analysis/analyse_model_results_truelearn_hybrid.py-249">
		<error message="Too many local variables (23/15)" type="pylint Error"><![CDATA[truelearn_experiments/data_analysis/analyse_model_results_truelearn_hybrid.py:249: [too-many-locals(pylint), main] Too many local variables (23/15)]]></error>
	</testcase>
	<testcase name="truelearn_experiments/data_analysis/analyse_model_results_truelearn_hybrid.py-262">
		<error message="Unused variable 't'" type="pylint Error"><![CDATA[truelearn_experiments/data_analysis/analyse_model_results_truelearn_hybrid.py:262: [unused-variable(pylint), main] Unused variable 't']]></error>
	</testcase>
	<testcase name="truelearn_experiments/data_analysis/analyse_model_results_truelearn_hybrid.py-316">
		<error message="Using open without explicitly specifying an encoding" type="pylint Error"><![CDATA[truelearn_experiments/data_analysis/analyse_model_results_truelearn_hybrid.py:316: [unspecified-encoding(pylint), main] Using open without explicitly specifying an encoding]]></error>
	</testcase>
	<testcase name="truelearn_experiments/data_analysis/analyse_model_results_truelearn_hybrid.py-317">
		<error message="Module 'ujson' has no 'load' member, but source is unavailable. Consider adding this module to extension-pkg-allow-list if you want to perform analysis based on run-time introspection of living objects." type="pylint Error"><![CDATA[truelearn_experiments/data_analysis/analyse_model_results_truelearn_hybrid.py:317: [c-extension-no-member(pylint), main] Module 'ujson' has no 'load' member, but source is unavailable. Consider adding this module to extension-pkg-allow-list if you want to perform analysis based on run-time introspection of living objects.]]></error>
	</testcase>
	<testcase name="truelearn_experiments/data_analysis/analyse_model_results_truelearn_hybrid.py-319">
		<error message="ambiguous variable name 'l'" type="pycodestyle Error"><![CDATA[truelearn_experiments/data_analysis/analyse_model_results_truelearn_hybrid.py:319: [E741(pycodestyle), None] ambiguous variable name 'l']]></error>
	</testcase>
	<testcase name="truelearn_experiments/data_analysis/analyse_model_results_truelearn_hybrid.py-333">
		<error message="Unused variable 'ax'" type="pylint Error"><![CDATA[truelearn_experiments/data_analysis/analyse_model_results_truelearn_hybrid.py:333: [unused-variable(pylint), main] Unused variable 'ax']]></error>
	</testcase>
	<testcase name="truelearn_experiments/data_analysis/analyse_model_results_truelearn_hybrid.py-334">
		<error message="Formatting a regular string which could be a f-string" type="pylint Error"><![CDATA[truelearn_experiments/data_analysis/analyse_model_results_truelearn_hybrid.py:334: [consider-using-f-string(pylint), main] Formatting a regular string which could be a f-string]]></error>
	</testcase>
	<testcase name="truelearn_experiments/data_analysis/analyse_model_results_truelearn_hybrid.py-363">
		<error message="local variable 'ax' is assigned to but never used" type="pyflakes Error"><![CDATA[truelearn_experiments/data_analysis/analyse_model_results_truelearn_hybrid.py:363: [F841(pyflakes), None] local variable 'ax' is assigned to but never used]]></error>
	</testcase>
	<testcase name="truelearn_experiments/data_analysis/analyse_model_results_truelearn_hybrid.py-369">
		<error message="String statement has no effect" type="pylint Error"><![CDATA[truelearn_experiments/data_analysis/analyse_model_results_truelearn_hybrid.py:369: [pointless-string-statement(pylint), None] String statement has no effect]]></error>
	</testcase>
	<testcase name="truelearn_experiments/data_analysis/analyse_performance_of_user_buckets.py-39">
		<error message="Unused variable 'st_simp_p'" type="pylint Error"><![CDATA[truelearn_experiments/data_analysis/analyse_performance_of_user_buckets.py:39: [unused-variable(pylint), main] Unused variable 'st_simp_p']]></error>
	</testcase>
	<testcase name="truelearn_experiments/data_analysis/analyse_performance_of_user_buckets.py-42">
		<error message="Unused variable 'st_mult_p'" type="pylint Error"><![CDATA[truelearn_experiments/data_analysis/analyse_performance_of_user_buckets.py:42: [unused-variable(pylint), main] Unused variable 'st_mult_p']]></error>
	</testcase>
	<testcase name="truelearn_experiments/data_analysis/analyse_performance_of_user_buckets.py-45">
		<error message="Unused variable 'st_pr_p'" type="pylint Error"><![CDATA[truelearn_experiments/data_analysis/analyse_performance_of_user_buckets.py:45: [unused-variable(pylint), main] Unused variable 'st_pr_p']]></error>
	</testcase>
	<testcase name="truelearn_experiments/data_analysis/analyse_performance_of_user_buckets.py-52">
		<error message="Import outside toplevel (seaborn)" type="pylint Error"><![CDATA[truelearn_experiments/data_analysis/analyse_performance_of_user_buckets.py:52: [import-outside-toplevel(pylint), main] Import outside toplevel (seaborn)]]></error>
	</testcase>
	<testcase name="truelearn_experiments/data_analysis/analyse_performance_of_user_buckets.py-53">
		<error message="Import outside toplevel (matplotlib.pyplot)" type="pylint Error"><![CDATA[truelearn_experiments/data_analysis/analyse_performance_of_user_buckets.py:53: [import-outside-toplevel(pylint), main] Import outside toplevel (matplotlib.pyplot)]]></error>
	</testcase>
	<testcase name="truelearn_experiments/data_analysis/analyse_performance_of_user_buckets.py-53">
		<error message="Unused pyplot imported from matplotlib as plt" type="pylint Error"><![CDATA[truelearn_experiments/data_analysis/analyse_performance_of_user_buckets.py:53: [unused-import(pylint), main] Unused pyplot imported from matplotlib as plt]]></error>
	</testcase>
	<testcase name="truelearn_experiments/data_analysis/analyse_performance_of_user_buckets.py-55">
		<error message="Unused variable 'ax'" type="pylint Error"><![CDATA[truelearn_experiments/data_analysis/analyse_performance_of_user_buckets.py:55: [unused-variable(pylint), main] Unused variable 'ax']]></error>
	</testcase>
	<testcase name="truelearn_experiments/data_analysis/analyse_performance_of_user_buckets.py-60">
		<error message="String statement has no effect" type="pylint Error"><![CDATA[truelearn_experiments/data_analysis/analyse_performance_of_user_buckets.py:60: [pointless-string-statement(pylint), None] String statement has no effect]]></error>
	</testcase>
	<testcase name="truelearn_experiments/data_analysis/analyse_user_activity_over_time.py-7">
		<error message="Unable to import 'analyses.truelearn_experiments.utils'" type="pylint Error"><![CDATA[truelearn_experiments/data_analysis/analyse_user_activity_over_time.py:7: [import-error(pylint), None] Unable to import 'analyses.truelearn_experiments.utils']]></error>
	</testcase>
	<testcase name="truelearn_experiments/data_analysis/analyse_user_activity_over_time.py-8">
		<error message="Unable to import 'lib.spark_context'" type="pylint Error"><![CDATA[truelearn_experiments/data_analysis/analyse_user_activity_over_time.py:8: [import-error(pylint), None] Unable to import 'lib.spark_context']]></error>
	</testcase>
	<testcase name="truelearn_experiments/data_analysis/analyse_user_activity_over_time.py-11">
		<error message="Redefining built-in 'id'" type="pylint Error"><![CDATA[truelearn_experiments/data_analysis/analyse_user_activity_over_time.py:11: [redefined-builtin(pylint), compute_gap] Redefining built-in 'id']]></error>
	</testcase>
	<testcase name="truelearn_experiments/data_analysis/analyse_user_activity_over_time.py-12">
		<error message="Consider using a generator instead 'min(k['time'] for k in session)'" type="pylint Error"><![CDATA[truelearn_experiments/data_analysis/analyse_user_activity_over_time.py:12: [consider-using-generator(pylint), compute_gap] Consider using a generator instead 'min(k['time'] for k in session)']]></error>
	</testcase>
	<testcase name="truelearn_experiments/data_analysis/analyse_user_activity_over_time.py-13">
		<error message="Consider using a generator instead 'max(k['time'] for k in session)'" type="pylint Error"><![CDATA[truelearn_experiments/data_analysis/analyse_user_activity_over_time.py:13: [consider-using-generator(pylint), compute_gap] Consider using a generator instead 'max(k['time'] for k in session)']]></error>
	</testcase>
	<testcase name="truelearn_experiments/data_analysis/analyse_user_activity_over_time.py-15">
		<error message="Formatting a regular string which could be a f-string" type="pylint Error"><![CDATA[truelearn_experiments/data_analysis/analyse_user_activity_over_time.py:15: [consider-using-f-string(pylint), compute_gap] Formatting a regular string which could be a f-string]]></error>
	</testcase>
	<testcase name="truelearn_experiments/data_analysis/analyse_user_activity_over_time.py-16">
		<error message="Formatting a regular string which could be a f-string" type="pylint Error"><![CDATA[truelearn_experiments/data_analysis/analyse_user_activity_over_time.py:16: [consider-using-f-string(pylint), compute_gap] Formatting a regular string which could be a f-string]]></error>
	</testcase>
	<testcase name="truelearn_experiments/data_analysis/analyse_user_activity_over_time.py-23">
		<error message="Unused variable 'idx'" type="pylint Error"><![CDATA[truelearn_experiments/data_analysis/analyse_user_activity_over_time.py:23: [unused-variable(pylint), get_topic_mapping] Unused variable 'idx']]></error>
	</testcase>
	<testcase name="truelearn_experiments/data_analysis/analyse_user_activity_over_time.py-29">
		<error message="Redefining built-in 'id'" type="pylint Error"><![CDATA[truelearn_experiments/data_analysis/analyse_user_activity_over_time.py:29: [redefined-builtin(pylint), generate_plot] Redefining built-in 'id']]></error>
	</testcase>
	<testcase name="truelearn_experiments/data_analysis/analyse_user_activity_over_time.py-45">
		<error message="Lambda may not be necessary" type="pylint Error"><![CDATA[truelearn_experiments/data_analysis/analyse_user_activity_over_time.py:45: [unnecessary-lambda(pylint), generate_plot.<lambda>] Lambda may not be necessary]]></error>
	</testcase>
	<testcase name="truelearn_experiments/data_analysis/analyse_user_activity_over_time.py-50">
		<error message="Import outside toplevel (seaborn)" type="pylint Error"><![CDATA[truelearn_experiments/data_analysis/analyse_user_activity_over_time.py:50: [import-outside-toplevel(pylint), generate_plot] Import outside toplevel (seaborn)]]></error>
	</testcase>
	<testcase name="truelearn_experiments/data_analysis/analyse_user_activity_over_time.py-51">
		<error message="Import outside toplevel (matplotlib.pyplot)" type="pylint Error"><![CDATA[truelearn_experiments/data_analysis/analyse_user_activity_over_time.py:51: [import-outside-toplevel(pylint), generate_plot] Import outside toplevel (matplotlib.pyplot)]]></error>
	</testcase>
	<testcase name="truelearn_experiments/data_analysis/analyse_user_activity_over_time.py-54">
		<error message="Unused variable 'ax'" type="pylint Error"><![CDATA[truelearn_experiments/data_analysis/analyse_user_activity_over_time.py:54: [unused-variable(pylint), generate_plot] Unused variable 'ax']]></error>
	</testcase>
	<testcase name="truelearn_experiments/data_analysis/analyse_user_activity_over_time.py-67">
		<error message="Formatting a regular string which could be a f-string" type="pylint Error"><![CDATA[truelearn_experiments/data_analysis/analyse_user_activity_over_time.py:67: [consider-using-f-string(pylint), generate_plot] Formatting a regular string which could be a f-string]]></error>
	</testcase>
	<testcase name="truelearn_experiments/data_analysis/analyse_user_activity_over_time.py-106">
		<error message="String statement has no effect" type="pylint Error"><![CDATA[truelearn_experiments/data_analysis/analyse_user_activity_over_time.py:106: [pointless-string-statement(pylint), None] String statement has no effect]]></error>
	</testcase>
	<testcase name="truelearn_experiments/data_analysis/analyse_user_activity_over_time.py-123">
		<error message="Assigning result of a function call, where the function has no return" type="pylint Error"><![CDATA[truelearn_experiments/data_analysis/analyse_user_activity_over_time.py:123: [assignment-from-no-return(pylint), None] Assigning result of a function call, where the function has no return]]></error>
	</testcase>
	<testcase name="truelearn_experiments/data_analysis/analyse_user_stats_performance_relationship.py-74">
		<error message="local variable '_sr' is assigned to but never used" type="pyflakes Error"><![CDATA[truelearn_experiments/data_analysis/analyse_user_stats_performance_relationship.py:74: [F841(pyflakes), None] local variable '_sr' is assigned to but never used]]></error>
	</testcase>
	<testcase name="truelearn_experiments/data_analysis/analyse_user_stats_performance_relationship.py-79">
		<error message="local variable '_pred' is assigned to but never used" type="pyflakes Error"><![CDATA[truelearn_experiments/data_analysis/analyse_user_stats_performance_relationship.py:79: [F841(pyflakes), None] local variable '_pred' is assigned to but never used]]></error>
	</testcase>
	<testcase name="truelearn_experiments/data_analysis/analyse_user_stats_performance_relationship.py-81">
		<error message="Formatting a regular string which could be a f-string" type="pylint Error"><![CDATA[truelearn_experiments/data_analysis/analyse_user_stats_performance_relationship.py:81: [consider-using-f-string(pylint), create_algorithm_name] Formatting a regular string which could be a f-string]]></error>
	</testcase>
	<testcase name="truelearn_experiments/data_analysis/analyse_user_stats_performance_relationship.py-85">
		<error message="Unnecessary &quot;elif&quot; after &quot;return&quot;, remove the leading &quot;el&quot; from &quot;elif&quot;" type="pylint Error"><![CDATA[truelearn_experiments/data_analysis/analyse_user_stats_performance_relationship.py:85: [no-else-return(pylint), _get_significance_size] Unnecessary "elif" after "return", remove the leading "el" from "elif"]]></error>
	</testcase>
	<testcase name="truelearn_experiments/data_analysis/analyse_user_stats_performance_relationship.py-97">
		<error message="Unused variable 'idx'" type="pylint Error"><![CDATA[truelearn_experiments/data_analysis/analyse_user_stats_performance_relationship.py:97: [unused-variable(pylint), get_data_structures] Unused variable 'idx']]></error>
	</testcase>
	<testcase name="truelearn_experiments/data_analysis/analyse_user_stats_performance_relationship.py-107">
		<error message="Consider using enumerate instead of iterating with range and len" type="pylint Error"><![CDATA[truelearn_experiments/data_analysis/analyse_user_stats_performance_relationship.py:107: [consider-using-enumerate(pylint), get_data_structures] Consider using enumerate instead of iterating with range and len]]></error>
	</testcase>
	<testcase name="truelearn_experiments/data_analysis/analyse_user_stats_performance_relationship.py-108">
		<error message="Consider using enumerate instead of iterating with range and len" type="pylint Error"><![CDATA[truelearn_experiments/data_analysis/analyse_user_stats_performance_relationship.py:108: [consider-using-enumerate(pylint), get_data_structures] Consider using enumerate instead of iterating with range and len]]></error>
	</testcase>
	<testcase name="truelearn_experiments/data_analysis/analyse_user_stats_performance_relationship.py-121">
		<error message="Too many local variables (19/15)" type="pylint Error"><![CDATA[truelearn_experiments/data_analysis/analyse_user_stats_performance_relationship.py:121: [too-many-locals(pylint), create_meshplot] Too many local variables (19/15)]]></error>
	</testcase>
	<testcase name="truelearn_experiments/data_analysis/analyse_user_stats_performance_relationship.py-124">
		<error message="Import outside toplevel (numpy)" type="pylint Error"><![CDATA[truelearn_experiments/data_analysis/analyse_user_stats_performance_relationship.py:124: [import-outside-toplevel(pylint), create_meshplot] Import outside toplevel (numpy)]]></error>
	</testcase>
	<testcase name="truelearn_experiments/data_analysis/analyse_user_stats_performance_relationship.py-124">
		<error message="Reimport 'numpy' (imported line 4)" type="pylint Error"><![CDATA[truelearn_experiments/data_analysis/analyse_user_stats_performance_relationship.py:124: [reimported(pylint), create_meshplot] Reimport 'numpy' (imported line 4)]]></error>
	</testcase>
	<testcase name="truelearn_experiments/data_analysis/analyse_user_stats_performance_relationship.py-125">
		<error message="Import outside toplevel (matplotlib.pyplot)" type="pylint Error"><![CDATA[truelearn_experiments/data_analysis/analyse_user_stats_performance_relationship.py:125: [import-outside-toplevel(pylint), create_meshplot] Import outside toplevel (matplotlib.pyplot)]]></error>
	</testcase>
	<testcase name="truelearn_experiments/data_analysis/analyse_user_stats_performance_relationship.py-126">
		<error message="Import outside toplevel (seaborn)" type="pylint Error"><![CDATA[truelearn_experiments/data_analysis/analyse_user_stats_performance_relationship.py:126: [import-outside-toplevel(pylint), create_meshplot] Import outside toplevel (seaborn)]]></error>
	</testcase>
	<testcase name="truelearn_experiments/data_analysis/analyse_user_stats_performance_relationship.py-127">
		<error message="Import outside toplevel (matplotlib.collections.PatchCollection)" type="pylint Error"><![CDATA[truelearn_experiments/data_analysis/analyse_user_stats_performance_relationship.py:127: [import-outside-toplevel(pylint), create_meshplot] Import outside toplevel (matplotlib.collections.PatchCollection)]]></error>
	</testcase>
	<testcase name="truelearn_experiments/data_analysis/analyse_user_stats_performance_relationship.py-170">
		<error message="Too many local variables (19/15)" type="pylint Error"><![CDATA[truelearn_experiments/data_analysis/analyse_user_stats_performance_relationship.py:170: [too-many-locals(pylint), main] Too many local variables (19/15)]]></error>
	</testcase>
	<testcase name="truelearn_experiments/data_analysis/analyse_user_stats_performance_relationship.py-171">
		<error message="Unable to import 'analyses.truelearn_experiments.grid_search.eval.summarise_experiment_results'" type="pylint Error"><![CDATA[truelearn_experiments/data_analysis/analyse_user_stats_performance_relationship.py:171: [import-error(pylint), main] Unable to import 'analyses.truelearn_experiments.grid_search.eval.summarise_experiment_results']]></error>
	</testcase>
	<testcase name="truelearn_experiments/data_analysis/analyse_user_stats_performance_relationship.py-171">
		<error message="Import outside toplevel (analyses.truelearn_experiments.grid_search.eval.summarise_experiment_results.decode_algo_name)" type="pylint Error"><![CDATA[truelearn_experiments/data_analysis/analyse_user_stats_performance_relationship.py:171: [import-outside-toplevel(pylint), main] Import outside toplevel (analyses.truelearn_experiments.grid_search.eval.summarise_experiment_results.decode_algo_name)]]></error>
	</testcase>
	<testcase name="truelearn_experiments/data_analysis/analyse_user_stats_performance_relationship.py-179">
		<error message="Unused variable 'agg_func'" type="pylint Error"><![CDATA[truelearn_experiments/data_analysis/analyse_user_stats_performance_relationship.py:179: [unused-variable(pylint), main] Unused variable 'agg_func']]></error>
	</testcase>
	<testcase name="truelearn_experiments/data_analysis/analyse_user_stats_performance_relationship.py-220">
		<error message="String statement has no effect" type="pylint Error"><![CDATA[truelearn_experiments/data_analysis/analyse_user_stats_performance_relationship.py:220: [pointless-string-statement(pylint), None] String statement has no effect]]></error>
	</testcase>
	<testcase name="truelearn_experiments/data_analysis/convert_json_truelearn_run_data_to_csv.py-3">
		<error message="line too long (232 &gt; 159 characters)" type="pycodestyle Error"><![CDATA[truelearn_experiments/data_analysis/convert_json_truelearn_run_data_to_csv.py:3: [E501(pycodestyle), None] line too long (232 > 159 characters)]]></error>
	</testcase>
	<testcase name="truelearn_experiments/data_analysis/convert_json_truelearn_run_data_to_csv.py-5">
		<error message="Using open without explicitly specifying an encoding" type="pylint Error"><![CDATA[truelearn_experiments/data_analysis/convert_json_truelearn_run_data_to_csv.py:5: [unspecified-encoding(pylint), None] Using open without explicitly specifying an encoding]]></error>
	</testcase>
	<testcase name="truelearn_experiments/data_analysis/convert_json_truelearn_run_data_to_csv.py-12">
		<error message="line too long (247 &gt; 159 characters)" type="pycodestyle Error"><![CDATA[truelearn_experiments/data_analysis/convert_json_truelearn_run_data_to_csv.py:12: [E501(pycodestyle), None] line too long (247 > 159 characters)]]></error>
	</testcase>
	<testcase name="truelearn_experiments/data_analysis/engagement_for_quality/analyse_engagement_of_learners.py-8">
		<error message="Unable to import 'lib.spark_context'" type="pylint Error"><![CDATA[truelearn_experiments/data_analysis/engagement_for_quality/analyse_engagement_of_learners.py:8: [import-error(pylint), None] Unable to import 'lib.spark_context']]></error>
	</testcase>
	<testcase name="truelearn_experiments/data_analysis/engagement_for_quality/analyse_engagement_of_learners.py-61">
		<error message="Consider using enumerate instead of iterating with range and len" type="pylint Error"><![CDATA[truelearn_experiments/data_analysis/engagement_for_quality/analyse_engagement_of_learners.py:61: [consider-using-enumerate(pylint), get_update_stats] Consider using enumerate instead of iterating with range and len]]></error>
	</testcase>
	<testcase name="truelearn_experiments/data_analysis/engagement_for_quality/analyse_engagement_of_learners.py-90">
		<error message="Consider using enumerate instead of iterating with range and len" type="pylint Error"><![CDATA[truelearn_experiments/data_analysis/engagement_for_quality/analyse_engagement_of_learners.py:90: [consider-using-enumerate(pylint), get_person_n_stats] Consider using enumerate instead of iterating with range and len]]></error>
	</testcase>
	<testcase name="truelearn_experiments/data_analysis/engagement_for_quality/analyse_engagement_of_learners.py-131">
		<error message="Formatting a regular string which could be a f-string" type="pylint Error"><![CDATA[truelearn_experiments/data_analysis/engagement_for_quality/analyse_engagement_of_learners.py:131: [consider-using-f-string(pylint), main] Formatting a regular string which could be a f-string]]></error>
	</testcase>
	<testcase name="truelearn_experiments/data_analysis/engagement_for_quality/analyse_engagement_of_learners.py-134">
		<error message="Using open without explicitly specifying an encoding" type="pylint Error"><![CDATA[truelearn_experiments/data_analysis/engagement_for_quality/analyse_engagement_of_learners.py:134: [unspecified-encoding(pylint), main] Using open without explicitly specifying an encoding]]></error>
	</testcase>
	<testcase name="truelearn_experiments/data_analysis/engagement_for_quality/analyse_engagement_of_learners.py-169">
		<error message="Formatting a regular string which could be a f-string" type="pylint Error"><![CDATA[truelearn_experiments/data_analysis/engagement_for_quality/analyse_engagement_of_learners.py:169: [consider-using-f-string(pylint), main] Formatting a regular string which could be a f-string]]></error>
	</testcase>
	<testcase name="truelearn_experiments/data_analysis/engagement_for_quality/analyse_engagement_of_learners.py-185">
		<error message="Formatting a regular string which could be a f-string" type="pylint Error"><![CDATA[truelearn_experiments/data_analysis/engagement_for_quality/analyse_engagement_of_learners.py:185: [consider-using-f-string(pylint), main] Formatting a regular string which could be a f-string]]></error>
	</testcase>
	<testcase name="truelearn_experiments/data_analysis/engagement_for_quality/analyse_engagement_of_learners.py-194">
		<error message="String statement has no effect" type="pylint Error"><![CDATA[truelearn_experiments/data_analysis/engagement_for_quality/analyse_engagement_of_learners.py:194: [pointless-string-statement(pylint), None] String statement has no effect]]></error>
	</testcase>
	<testcase name="truelearn_experiments/data_analysis/engagement_for_quality/analyse_performance_of_quality_hybrid.py-7">
		<error message="Unable to import 'analyses.truelearn_experiments.data_analysis.engagement_for_quality.analyse_engagement_of_learners'" type="pylint Error"><![CDATA[truelearn_experiments/data_analysis/engagement_for_quality/analyse_performance_of_quality_hybrid.py:7: [import-error(pylint), None] Unable to import 'analyses.truelearn_experiments.data_analysis.engagement_for_quality.analyse_engagement_of_learners']]></error>
	</testcase>
	<testcase name="truelearn_experiments/data_analysis/engagement_for_quality/analyse_performance_of_quality_hybrid.py-7">
		<error message="Unused get_event_n_statistics imported from analyses.truelearn_experiments.data_analysis.engagement_for_quality.analyse_engagement_of_learners" type="pylint Error"><![CDATA[truelearn_experiments/data_analysis/engagement_for_quality/analyse_performance_of_quality_hybrid.py:7: [unused-import(pylint), None] Unused get_event_n_statistics imported from analyses.truelearn_experiments.data_analysis.engagement_for_quality.analyse_engagement_of_learners]]></error>
	</testcase>
	<testcase name="truelearn_experiments/data_analysis/engagement_for_quality/analyse_performance_of_quality_hybrid.py-9">
		<error message="Unable to import 'lib.spark_context'" type="pylint Error"><![CDATA[truelearn_experiments/data_analysis/engagement_for_quality/analyse_performance_of_quality_hybrid.py:9: [import-error(pylint), None] Unable to import 'lib.spark_context']]></error>
	</testcase>
	<testcase name="truelearn_experiments/data_analysis/engagement_for_quality/analyse_performance_of_quality_hybrid.py-31">
		<error message="Too many local variables (17/15)" type="pylint Error"><![CDATA[truelearn_experiments/data_analysis/engagement_for_quality/analyse_performance_of_quality_hybrid.py:31: [too-many-locals(pylint), main] Too many local variables (17/15)]]></error>
	</testcase>
	<testcase name="truelearn_experiments/data_analysis/engagement_for_quality/analyse_performance_of_quality_hybrid.py-32">
		<error message="Formatting a regular string which could be a f-string" type="pylint Error"><![CDATA[truelearn_experiments/data_analysis/engagement_for_quality/analyse_performance_of_quality_hybrid.py:32: [consider-using-f-string(pylint), main] Formatting a regular string which could be a f-string]]></error>
	</testcase>
	<testcase name="truelearn_experiments/data_analysis/engagement_for_quality/analyse_performance_of_quality_hybrid.py-35">
		<error message="Using open without explicitly specifying an encoding" type="pylint Error"><![CDATA[truelearn_experiments/data_analysis/engagement_for_quality/analyse_performance_of_quality_hybrid.py:35: [unspecified-encoding(pylint), main] Using open without explicitly specifying an encoding]]></error>
	</testcase>
	<testcase name="truelearn_experiments/data_analysis/engagement_for_quality/analyse_performance_of_quality_hybrid.py-38">
		<error message="Using open without explicitly specifying an encoding" type="pylint Error"><![CDATA[truelearn_experiments/data_analysis/engagement_for_quality/analyse_performance_of_quality_hybrid.py:38: [unspecified-encoding(pylint), main] Using open without explicitly specifying an encoding]]></error>
	</testcase>
	<testcase name="truelearn_experiments/data_analysis/engagement_for_quality/analyse_performance_of_quality_hybrid.py-59">
		<error message="String statement has no effect" type="pylint Error"><![CDATA[truelearn_experiments/data_analysis/engagement_for_quality/analyse_performance_of_quality_hybrid.py:59: [pointless-string-statement(pylint), None] String statement has no effect]]></error>
	</testcase>
	<testcase name="truelearn_experiments/data_analysis/engagement_for_quality/compare_pink_to_ink.py-1">
		<error message="Unused import json" type="pylint Error"><![CDATA[truelearn_experiments/data_analysis/engagement_for_quality/compare_pink_to_ink.py:1: [unused-import(pylint), None] Unused import json]]></error>
	</testcase>
	<testcase name="truelearn_experiments/data_analysis/engagement_for_quality/compare_pink_to_ink.py-25">
		<error message="expected an indented block (comment)" type="pycodestyle Error"><![CDATA[truelearn_experiments/data_analysis/engagement_for_quality/compare_pink_to_ink.py:25: [E115(pycodestyle), None] expected an indented block (comment)]]></error>
	</testcase>
	<testcase name="truelearn_experiments/data_analysis/engagement_for_quality/compare_pink_to_ink.py-30">
		<error message="Formatting a regular string which could be a f-string" type="pylint Error"><![CDATA[truelearn_experiments/data_analysis/engagement_for_quality/compare_pink_to_ink.py:30: [consider-using-f-string(pylint), main] Formatting a regular string which could be a f-string]]></error>
	</testcase>
	<testcase name="truelearn_experiments/data_analysis/engagement_for_quality/compare_pink_to_ink.py-31">
		<error message="Formatting a regular string which could be a f-string" type="pylint Error"><![CDATA[truelearn_experiments/data_analysis/engagement_for_quality/compare_pink_to_ink.py:31: [consider-using-f-string(pylint), main] Formatting a regular string which could be a f-string]]></error>
	</testcase>
	<testcase name="truelearn_experiments/data_analysis/engagement_for_quality/compare_pink_to_ink.py-35">
		<error message="expected 2 blank lines after class or function definition, found 1" type="pycodestyle Error"><![CDATA[truelearn_experiments/data_analysis/engagement_for_quality/compare_pink_to_ink.py:35: [E305(pycodestyle), None] expected 2 blank lines after class or function definition, found 1]]></error>
	</testcase>
	<testcase name="truelearn_experiments/data_analysis/engagement_for_quality/compare_pink_to_ink.py-36">
		<error message="String statement has no effect" type="pylint Error"><![CDATA[truelearn_experiments/data_analysis/engagement_for_quality/compare_pink_to_ink.py:36: [pointless-string-statement(pylint), None] String statement has no effect]]></error>
	</testcase>
	<testcase name="truelearn_experiments/data_analysis/engagement_for_quality/train_quality_model_for_PEEK.py-10">
		<error message="Unable to import 'analyses.quality_classifier.io_utils'" type="pylint Error"><![CDATA[truelearn_experiments/data_analysis/engagement_for_quality/train_quality_model_for_PEEK.py:10: [import-error(pylint), None] Unable to import 'analyses.quality_classifier.io_utils']]></error>
	</testcase>
	<testcase name="truelearn_experiments/data_analysis/engagement_for_quality/train_quality_model_for_PEEK.py-10">
		<error message="Unused LABEL_COLS imported from analyses.quality_classifier.io_utils" type="pylint Error"><![CDATA[truelearn_experiments/data_analysis/engagement_for_quality/train_quality_model_for_PEEK.py:10: [unused-import(pylint), None] Unused LABEL_COLS imported from analyses.quality_classifier.io_utils]]></error>
	</testcase>
	<testcase name="truelearn_experiments/data_analysis/engagement_for_quality/train_quality_model_for_PEEK.py-12">
		<error message="Unable to import 'lib.spark_context'" type="pylint Error"><![CDATA[truelearn_experiments/data_analysis/engagement_for_quality/train_quality_model_for_PEEK.py:12: [import-error(pylint), None] Unable to import 'lib.spark_context']]></error>
	</testcase>
	<testcase name="truelearn_experiments/data_analysis/engagement_for_quality/train_quality_model_for_PEEK.py-12">
		<error message="Unused get_spark_context imported from lib.spark_context" type="pylint Error"><![CDATA[truelearn_experiments/data_analysis/engagement_for_quality/train_quality_model_for_PEEK.py:12: [unused-import(pylint), None] Unused get_spark_context imported from lib.spark_context]]></error>
	</testcase>
	<testcase name="truelearn_experiments/data_analysis/engagement_for_quality/train_quality_model_for_PEEK.py-13">
		<error message="Unable to import 'scratch.generate_dataset.utils'" type="pylint Error"><![CDATA[truelearn_experiments/data_analysis/engagement_for_quality/train_quality_model_for_PEEK.py:13: [import-error(pylint), None] Unable to import 'scratch.generate_dataset.utils']]></error>
	</testcase>
	<testcase name="truelearn_experiments/data_analysis/engagement_for_quality/train_quality_model_for_PEEK.py-13">
		<error message="Unused MED_ENGAGEMENT_RATE imported from scratch.generate_dataset.utils" type="pylint Error"><![CDATA[truelearn_experiments/data_analysis/engagement_for_quality/train_quality_model_for_PEEK.py:13: [unused-import(pylint), None] Unused MED_ENGAGEMENT_RATE imported from scratch.generate_dataset.utils]]></error>
	</testcase>
	<testcase name="truelearn_experiments/data_analysis/engagement_for_quality/train_quality_model_for_PEEK.py-41">
		<error message="Too many arguments (7/5)" type="pylint Error"><![CDATA[truelearn_experiments/data_analysis/engagement_for_quality/train_quality_model_for_PEEK.py:41: [too-many-arguments(pylint), train_quality_model] Too many arguments (7/5)]]></error>
	</testcase>
	<testcase name="truelearn_experiments/data_analysis/engagement_for_quality/train_quality_model_for_PEEK.py-41">
		<error message="Too many local variables (34/15)" type="pylint Error"><![CDATA[truelearn_experiments/data_analysis/engagement_for_quality/train_quality_model_for_PEEK.py:41: [too-many-locals(pylint), train_quality_model] Too many local variables (34/15)]]></error>
	</testcase>
	<testcase name="truelearn_experiments/data_analysis/engagement_for_quality/train_quality_model_for_PEEK.py-47">
		<error message="Unused variable 'lectures'" type="pylint Error"><![CDATA[truelearn_experiments/data_analysis/engagement_for_quality/train_quality_model_for_PEEK.py:47: [unused-variable(pylint), train_quality_model] Unused variable 'lectures']]></error>
	</testcase>
	<testcase name="truelearn_experiments/data_analysis/engagement_for_quality/train_quality_model_for_PEEK.py-65">
		<error message="Formatting a regular string which could be a f-string" type="pylint Error"><![CDATA[truelearn_experiments/data_analysis/engagement_for_quality/train_quality_model_for_PEEK.py:65: [consider-using-f-string(pylint), train_quality_model] Formatting a regular string which could be a f-string]]></error>
	</testcase>
	<testcase name="truelearn_experiments/data_analysis/engagement_for_quality/train_quality_model_for_PEEK.py-66">
		<error message="Formatting a regular string which could be a f-string" type="pylint Error"><![CDATA[truelearn_experiments/data_analysis/engagement_for_quality/train_quality_model_for_PEEK.py:66: [consider-using-f-string(pylint), train_quality_model] Formatting a regular string which could be a f-string]]></error>
	</testcase>
	<testcase name="truelearn_experiments/data_analysis/engagement_for_quality/train_quality_model_for_PEEK.py-67">
		<error message="Formatting a regular string which could be a f-string" type="pylint Error"><![CDATA[truelearn_experiments/data_analysis/engagement_for_quality/train_quality_model_for_PEEK.py:67: [consider-using-f-string(pylint), train_quality_model] Formatting a regular string which could be a f-string]]></error>
	</testcase>
	<testcase name="truelearn_experiments/data_analysis/engagement_for_quality/train_quality_model_for_PEEK.py-84">
		<error message="Import outside toplevel (sklearn.metrics)" type="pylint Error"><![CDATA[truelearn_experiments/data_analysis/engagement_for_quality/train_quality_model_for_PEEK.py:84: [import-outside-toplevel(pylint), train_quality_model] Import outside toplevel (sklearn.metrics)]]></error>
	</testcase>
	<testcase name="truelearn_experiments/data_analysis/engagement_for_quality/train_quality_model_for_PEEK.py-85">
		<error message="Import outside toplevel (scipy.stats.spearmanr)" type="pylint Error"><![CDATA[truelearn_experiments/data_analysis/engagement_for_quality/train_quality_model_for_PEEK.py:85: [import-outside-toplevel(pylint), train_quality_model] Import outside toplevel (scipy.stats.spearmanr)]]></error>
	</testcase>
	<testcase name="truelearn_experiments/data_analysis/engagement_for_quality/train_quality_model_for_PEEK.py-93">
		<error message="Formatting a regular string which could be a f-string" type="pylint Error"><![CDATA[truelearn_experiments/data_analysis/engagement_for_quality/train_quality_model_for_PEEK.py:93: [consider-using-f-string(pylint), train_quality_model] Formatting a regular string which could be a f-string]]></error>
	</testcase>
	<testcase name="truelearn_experiments/data_analysis/engagement_for_quality/train_quality_model_for_PEEK.py-94">
		<error message="Formatting a regular string which could be a f-string" type="pylint Error"><![CDATA[truelearn_experiments/data_analysis/engagement_for_quality/train_quality_model_for_PEEK.py:94: [consider-using-f-string(pylint), train_quality_model] Formatting a regular string which could be a f-string]]></error>
	</testcase>
	<testcase name="truelearn_experiments/data_analysis/engagement_for_quality/train_quality_model_for_PEEK.py-133">
		<error message="Unused variable 'peek_train'" type="pylint Error"><![CDATA[truelearn_experiments/data_analysis/engagement_for_quality/train_quality_model_for_PEEK.py:133: [unused-variable(pylint), main] Unused variable 'peek_train']]></error>
	</testcase>
	<testcase name="truelearn_experiments/data_analysis/engagement_for_quality/train_quality_model_for_PEEK.py-142">
		<error message="Unused variable 'quality_model'" type="pylint Error"><![CDATA[truelearn_experiments/data_analysis/engagement_for_quality/train_quality_model_for_PEEK.py:142: [unused-variable(pylint), main] Unused variable 'quality_model']]></error>
	</testcase>
	<testcase name="truelearn_experiments/data_analysis/engagement_for_quality/train_quality_model_for_PEEK.py-145">
		<error message="Using open without explicitly specifying an encoding" type="pylint Error"><![CDATA[truelearn_experiments/data_analysis/engagement_for_quality/train_quality_model_for_PEEK.py:145: [unspecified-encoding(pylint), main] Using open without explicitly specifying an encoding]]></error>
	</testcase>
	<testcase name="truelearn_experiments/data_analysis/engagement_for_quality/train_quality_model_for_PEEK.py-150">
		<error message="String statement has no effect" type="pylint Error"><![CDATA[truelearn_experiments/data_analysis/engagement_for_quality/train_quality_model_for_PEEK.py:150: [pointless-string-statement(pylint), None] String statement has no effect]]></error>
	</testcase>
	<testcase name="truelearn_experiments/data_analysis/generate_dataset_stats.py-7">
		<error message="Unable to import 'analyses.truelearn_experiments.data_analysis.get_related_topic_distribution'" type="pylint Error"><![CDATA[truelearn_experiments/data_analysis/generate_dataset_stats.py:7: [import-error(pylint), None] Unable to import 'analyses.truelearn_experiments.data_analysis.get_related_topic_distribution']]></error>
	</testcase>
	<testcase name="truelearn_experiments/data_analysis/generate_dataset_stats.py-13">
		<error message="Redefining built-in 'id'" type="pylint Error"><![CDATA[truelearn_experiments/data_analysis/generate_dataset_stats.py:13: [redefined-builtin(pylint), get_activity_stats] Redefining built-in 'id']]></error>
	</testcase>
	<testcase name="truelearn_experiments/data_analysis/generate_dataset_stats.py-56">
		<error message="Import outside toplevel (seaborn)" type="pylint Error"><![CDATA[truelearn_experiments/data_analysis/generate_dataset_stats.py:56: [import-outside-toplevel(pylint), generate_num_event_plot] Import outside toplevel (seaborn)]]></error>
	</testcase>
	<testcase name="truelearn_experiments/data_analysis/generate_dataset_stats.py-57">
		<error message="Import outside toplevel (matplotlib.pyplot)" type="pylint Error"><![CDATA[truelearn_experiments/data_analysis/generate_dataset_stats.py:57: [import-outside-toplevel(pylint), generate_num_event_plot] Import outside toplevel (matplotlib.pyplot)]]></error>
	</testcase>
	<testcase name="truelearn_experiments/data_analysis/generate_dataset_stats.py-59">
		<error message="Unused variable 'g'" type="pylint Error"><![CDATA[truelearn_experiments/data_analysis/generate_dataset_stats.py:59: [unused-variable(pylint), generate_num_event_plot] Unused variable 'g']]></error>
	</testcase>
	<testcase name="truelearn_experiments/data_analysis/generate_dataset_stats.py-105">
		<error message="Formatting a regular string which could be a f-string" type="pylint Error"><![CDATA[truelearn_experiments/data_analysis/generate_dataset_stats.py:105: [consider-using-f-string(pylint), get_lecture_stats] Formatting a regular string which could be a f-string]]></error>
	</testcase>
	<testcase name="truelearn_experiments/data_analysis/generate_dataset_stats.py-110">
		<error message="Formatting a regular string which could be a f-string" type="pylint Error"><![CDATA[truelearn_experiments/data_analysis/generate_dataset_stats.py:110: [consider-using-f-string(pylint), get_lecture_stats] Formatting a regular string which could be a f-string]]></error>
	</testcase>
	<testcase name="truelearn_experiments/data_analysis/generate_dataset_stats.py-135">
		<error message="String statement has no effect" type="pylint Error"><![CDATA[truelearn_experiments/data_analysis/generate_dataset_stats.py:135: [pointless-string-statement(pylint), None] String statement has no effect]]></error>
	</testcase>
	<testcase name="truelearn_experiments/data_analysis/generate_most_active_user_analytics.py-9">
		<error message="Unable to import 'analyses.truelearn_experiments.run_experiments'" type="pylint Error"><![CDATA[truelearn_experiments/data_analysis/generate_most_active_user_analytics.py:9: [import-error(pylint), None] Unable to import 'analyses.truelearn_experiments.run_experiments']]></error>
	</testcase>
	<testcase name="truelearn_experiments/data_analysis/generate_most_active_user_analytics.py-10">
		<error message="Unable to import 'analyses.truelearn_experiments.run_experiments_seq'" type="pylint Error"><![CDATA[truelearn_experiments/data_analysis/generate_most_active_user_analytics.py:10: [import-error(pylint), None] Unable to import 'analyses.truelearn_experiments.run_experiments_seq']]></error>
	</testcase>
	<testcase name="truelearn_experiments/data_analysis/generate_most_active_user_analytics.py-11">
		<error message="Unable to import 'analyses.truelearn_experiments.trueknowledge_recommender_models'" type="pylint Error"><![CDATA[truelearn_experiments/data_analysis/generate_most_active_user_analytics.py:11: [import-error(pylint), None] Unable to import 'analyses.truelearn_experiments.trueknowledge_recommender_models']]></error>
	</testcase>
	<testcase name="truelearn_experiments/data_analysis/generate_most_active_user_analytics.py-13">
		<error message="Unable to import 'analyses.truelearn_experiments.utils'" type="pylint Error"><![CDATA[truelearn_experiments/data_analysis/generate_most_active_user_analytics.py:13: [import-error(pylint), None] Unable to import 'analyses.truelearn_experiments.utils']]></error>
	</testcase>
	<testcase name="truelearn_experiments/data_analysis/generate_most_active_user_analytics.py-14">
		<error message="Unable to import 'lib.spark_context'" type="pylint Error"><![CDATA[truelearn_experiments/data_analysis/generate_most_active_user_analytics.py:14: [import-error(pylint), None] Unable to import 'lib.spark_context']]></error>
	</testcase>
	<testcase name="truelearn_experiments/data_analysis/generate_most_active_user_analytics.py-34">
		<error message="Unused variable 'num_records'" type="pylint Error"><![CDATA[truelearn_experiments/data_analysis/generate_most_active_user_analytics.py:34: [unused-variable(pylint), eval_algorithm_truelearn] Unused variable 'num_records']]></error>
	</testcase>
	<testcase name="truelearn_experiments/data_analysis/generate_most_active_user_analytics.py-58">
		<error message="Consider using enumerate instead of iterating with range and len" type="pylint Error"><![CDATA[truelearn_experiments/data_analysis/generate_most_active_user_analytics.py:58: [consider-using-enumerate(pylint), _eval_metric] Consider using enumerate instead of iterating with range and len]]></error>
	</testcase>
	<testcase name="truelearn_experiments/data_analysis/generate_most_active_user_analytics.py-75">
		<error message="Too many arguments (6/5)" type="pylint Error"><![CDATA[truelearn_experiments/data_analysis/generate_most_active_user_analytics.py:75: [too-many-arguments(pylint), generate_cumulative_metrics] Too many arguments (6/5)]]></error>
	</testcase>
	<testcase name="truelearn_experiments/data_analysis/generate_most_active_user_analytics.py-75">
		<error message="Too many local variables (26/15)" type="pylint Error"><![CDATA[truelearn_experiments/data_analysis/generate_most_active_user_analytics.py:75: [too-many-locals(pylint), generate_cumulative_metrics] Too many local variables (26/15)]]></error>
	</testcase>
	<testcase name="truelearn_experiments/data_analysis/generate_most_active_user_analytics.py-83">
		<error message="Unused variable 'event_weight'" type="pylint Error"><![CDATA[truelearn_experiments/data_analysis/generate_most_active_user_analytics.py:83: [unused-variable(pylint), generate_cumulative_metrics] Unused variable 'event_weight']]></error>
	</testcase>
	<testcase name="truelearn_experiments/data_analysis/generate_most_active_user_analytics.py-127">
		<error message="Unused variable 'tot_events'" type="pylint Error"><![CDATA[truelearn_experiments/data_analysis/generate_most_active_user_analytics.py:127: [unused-variable(pylint), compute_event_rates] Unused variable 'tot_events']]></error>
	</testcase>
	<testcase name="truelearn_experiments/data_analysis/generate_most_active_user_analytics.py-130">
		<error message="Unused variable 'user'" type="pylint Error"><![CDATA[truelearn_experiments/data_analysis/generate_most_active_user_analytics.py:130: [unused-variable(pylint), compute_event_rates] Unused variable 'user']]></error>
	</testcase>
	<testcase name="truelearn_experiments/data_analysis/generate_most_active_user_analytics.py-160">
		<error message="Unused variable 'user'" type="pylint Error"><![CDATA[truelearn_experiments/data_analysis/generate_most_active_user_analytics.py:160: [unused-variable(pylint), compute_num_users] Unused variable 'user']]></error>
	</testcase>
	<testcase name="truelearn_experiments/data_analysis/generate_most_active_user_analytics.py-179">
		<error message="Unused variable 'user'" type="pylint Error"><![CDATA[truelearn_experiments/data_analysis/generate_most_active_user_analytics.py:179: [unused-variable(pylint), generate_unique_topic_counts] Unused variable 'user']]></error>
	</testcase>
	<testcase name="truelearn_experiments/data_analysis/generate_most_active_user_analytics.py-227">
		<error message="Too many local variables (36/15)" type="pylint Error"><![CDATA[truelearn_experiments/data_analysis/generate_most_active_user_analytics.py:227: [too-many-locals(pylint), main] Too many local variables (36/15)]]></error>
	</testcase>
	<testcase name="truelearn_experiments/data_analysis/generate_most_active_user_analytics.py-241">
		<error message="Lambda expression assigned to a variable. Define a function using the &quot;def&quot; keyword instead." type="pylint Error"><![CDATA[truelearn_experiments/data_analysis/generate_most_active_user_analytics.py:241: [unnecessary-lambda-assignment(pylint), main.<lambda>] Lambda expression assigned to a variable. Define a function using the "def" keyword instead.]]></error>
	</testcase>
	<testcase name="truelearn_experiments/data_analysis/generate_most_active_user_analytics.py-241">
		<error message="Consider using a set comprehension" type="pylint Error"><![CDATA[truelearn_experiments/data_analysis/generate_most_active_user_analytics.py:241: [consider-using-set-comprehension(pylint), main.<lambda>] Consider using a set comprehension]]></error>
	</testcase>
	<testcase name="truelearn_experiments/data_analysis/generate_most_active_user_analytics.py-244">
		<error message="Lambda expression assigned to a variable. Define a function using the &quot;def&quot; keyword instead." type="pylint Error"><![CDATA[truelearn_experiments/data_analysis/generate_most_active_user_analytics.py:244: [unnecessary-lambda-assignment(pylint), main.<lambda>] Lambda expression assigned to a variable. Define a function using the "def" keyword instead.]]></error>
	</testcase>
	<testcase name="truelearn_experiments/data_analysis/generate_most_active_user_analytics.py-301">
		<error message="line too long (171 &gt; 159 characters)" type="pycodestyle Error"><![CDATA[truelearn_experiments/data_analysis/generate_most_active_user_analytics.py:301: [E501(pycodestyle), None] line too long (171 > 159 characters)]]></error>
	</testcase>
	<testcase name="truelearn_experiments/data_analysis/generate_most_active_user_analytics.py-340">
		<error message="Unused variable 'results2'" type="pylint Error"><![CDATA[truelearn_experiments/data_analysis/generate_most_active_user_analytics.py:340: [unused-variable(pylint), main] Unused variable 'results2']]></error>
	</testcase>
	<testcase name="truelearn_experiments/data_analysis/generate_most_active_user_analytics.py-361">
		<error message="Import outside toplevel (seaborn)" type="pylint Error"><![CDATA[truelearn_experiments/data_analysis/generate_most_active_user_analytics.py:361: [import-outside-toplevel(pylint), main] Import outside toplevel (seaborn)]]></error>
	</testcase>
	<testcase name="truelearn_experiments/data_analysis/generate_most_active_user_analytics.py-362">
		<error message="Import outside toplevel (matplotlib.pyplot)" type="pylint Error"><![CDATA[truelearn_experiments/data_analysis/generate_most_active_user_analytics.py:362: [import-outside-toplevel(pylint), main] Import outside toplevel (matplotlib.pyplot)]]></error>
	</testcase>
	<testcase name="truelearn_experiments/data_analysis/generate_most_active_user_analytics.py-366">
		<error message="Unused variable 'ax1'" type="pylint Error"><![CDATA[truelearn_experiments/data_analysis/generate_most_active_user_analytics.py:366: [unused-variable(pylint), main] Unused variable 'ax1']]></error>
	</testcase>
	<testcase name="truelearn_experiments/data_analysis/generate_most_active_user_analytics.py-372">
		<error message="Unused variable 'ax2'" type="pylint Error"><![CDATA[truelearn_experiments/data_analysis/generate_most_active_user_analytics.py:372: [unused-variable(pylint), main] Unused variable 'ax2']]></error>
	</testcase>
	<testcase name="truelearn_experiments/data_analysis/generate_most_active_user_analytics.py-388">
		<error message="String statement has no effect" type="pylint Error"><![CDATA[truelearn_experiments/data_analysis/generate_most_active_user_analytics.py:388: [pointless-string-statement(pylint), None] String statement has no effect]]></error>
	</testcase>
	<testcase name="truelearn_experiments/data_analysis/generate_most_active_user_analytics.py-433">
		<error message="Assigning result of a function call, where the function has no return" type="pylint Error"><![CDATA[truelearn_experiments/data_analysis/generate_most_active_user_analytics.py:433: [assignment-from-no-return(pylint), None] Assigning result of a function call, where the function has no return]]></error>
	</testcase>
	<testcase name="truelearn_experiments/data_analysis/generate_userwise_analyses.py-11">
		<error message="Unable to import 'analyses.truelearn_experiments.grid_search.eval.summarise_experiment_results'" type="pylint Error"><![CDATA[truelearn_experiments/data_analysis/generate_userwise_analyses.py:11: [import-error(pylint), None] Unable to import 'analyses.truelearn_experiments.grid_search.eval.summarise_experiment_results']]></error>
	</testcase>
	<testcase name="truelearn_experiments/data_analysis/generate_userwise_analyses.py-11">
		<error message="Import &quot;from analyses.truelearn_experiments.grid_search.eval.summarise_experiment_results import decode_algo_name&quot; should be placed at the top of the module" type="pylint Error"><![CDATA[truelearn_experiments/data_analysis/generate_userwise_analyses.py:11: [wrong-import-position(pylint), None] Import "from analyses.truelearn_experiments.grid_search.eval.summarise_experiment_results import decode_algo_name" should be placed at the top of the module]]></error>
	</testcase>
	<testcase name="truelearn_experiments/data_analysis/generate_userwise_analyses.py-44">
		<error message="Too many local variables (22/15)" type="pylint Error"><![CDATA[truelearn_experiments/data_analysis/generate_userwise_analyses.py:44: [too-many-locals(pylint), main] Too many local variables (22/15)]]></error>
	</testcase>
	<testcase name="truelearn_experiments/data_analysis/generate_userwise_analyses.py-54">
		<error message="Unused variable 'agg_func'" type="pylint Error"><![CDATA[truelearn_experiments/data_analysis/generate_userwise_analyses.py:54: [unused-variable(pylint), main] Unused variable 'agg_func']]></error>
	</testcase>
	<testcase name="truelearn_experiments/data_analysis/generate_userwise_analyses.py-103">
		<error message="String statement has no effect" type="pylint Error"><![CDATA[truelearn_experiments/data_analysis/generate_userwise_analyses.py:103: [pointless-string-statement(pylint), None] String statement has no effect]]></error>
	</testcase>
	<testcase name="truelearn_experiments/data_analysis/generate_userwise_analyses.py-144">
		<error message="Assigning result of a function call, where the function has no return" type="pylint Error"><![CDATA[truelearn_experiments/data_analysis/generate_userwise_analyses.py:144: [assignment-from-no-return(pylint), None] Assigning result of a function call, where the function has no return]]></error>
	</testcase>
	<testcase name="truelearn_experiments/data_analysis/generate_userwise_stats.py-19">
		<error message="Consider merging these comparisons with 'in' by using 'col in ('session', 'num_events')'. Use a set instead if elements are hashable." type="pylint Error"><![CDATA[truelearn_experiments/data_analysis/generate_userwise_stats.py:19: [consider-using-in(pylint), main] Consider merging these comparisons with 'in' by using 'col in ('session', 'num_events')'. Use a set instead if elements are hashable.]]></error>
	</testcase>
	<testcase name="truelearn_experiments/data_analysis/generate_userwise_stats.py-22">
		<error message="Formatting a regular string which could be a f-string" type="pylint Error"><![CDATA[truelearn_experiments/data_analysis/generate_userwise_stats.py:22: [consider-using-f-string(pylint), main] Formatting a regular string which could be a f-string]]></error>
	</testcase>
	<testcase name="truelearn_experiments/data_analysis/generate_userwise_stats.py-29">
		<error message="Consider merging these comparisons with 'in' by using 'col in ('session', 'num_events')'. Use a set instead if elements are hashable." type="pylint Error"><![CDATA[truelearn_experiments/data_analysis/generate_userwise_stats.py:29: [consider-using-in(pylint), main] Consider merging these comparisons with 'in' by using 'col in ('session', 'num_events')'. Use a set instead if elements are hashable.]]></error>
	</testcase>
	<testcase name="truelearn_experiments/data_analysis/generate_userwise_stats.py-32">
		<error message="Formatting a regular string which could be a f-string" type="pylint Error"><![CDATA[truelearn_experiments/data_analysis/generate_userwise_stats.py:32: [consider-using-f-string(pylint), main] Formatting a regular string which could be a f-string]]></error>
	</testcase>
	<testcase name="truelearn_experiments/data_analysis/generate_userwise_stats.py-42">
		<error message="Import outside toplevel (seaborn)" type="pylint Error"><![CDATA[truelearn_experiments/data_analysis/generate_userwise_stats.py:42: [import-outside-toplevel(pylint), main] Import outside toplevel (seaborn)]]></error>
	</testcase>
	<testcase name="truelearn_experiments/data_analysis/generate_userwise_stats.py-43">
		<error message="Import outside toplevel (matplotlib.pyplot)" type="pylint Error"><![CDATA[truelearn_experiments/data_analysis/generate_userwise_stats.py:43: [import-outside-toplevel(pylint), main] Import outside toplevel (matplotlib.pyplot)]]></error>
	</testcase>
	<testcase name="truelearn_experiments/data_analysis/generate_userwise_stats.py-56">
		<error message="String statement has no effect" type="pylint Error"><![CDATA[truelearn_experiments/data_analysis/generate_userwise_stats.py:56: [pointless-string-statement(pylint), None] String statement has no effect]]></error>
	</testcase>
	<testcase name="truelearn_experiments/data_analysis/generate_userwise_stats.py-102">
		<error message="Assigning result of a function call, where the function has no return" type="pylint Error"><![CDATA[truelearn_experiments/data_analysis/generate_userwise_stats.py:102: [assignment-from-no-return(pylint), None] Assigning result of a function call, where the function has no return]]></error>
	</testcase>
	<testcase name="truelearn_experiments/data_analysis/get_cosine_destribution_for_all_topics_in_lectures.py-1">
		<error message="Unused pandas imported as pd" type="pylint Error"><![CDATA[truelearn_experiments/data_analysis/get_cosine_destribution_for_all_topics_in_lectures.py:1: [unused-import(pylint), None] Unused pandas imported as pd]]></error>
	</testcase>
	<testcase name="truelearn_experiments/data_analysis/get_cosine_destribution_for_all_topics_in_lectures.py-2">
		<error message="Unable to import 'pyspark.sql'" type="pylint Error"><![CDATA[truelearn_experiments/data_analysis/get_cosine_destribution_for_all_topics_in_lectures.py:2: [import-error(pylint), None] Unable to import 'pyspark.sql']]></error>
	</testcase>
	<testcase name="truelearn_experiments/data_analysis/get_cosine_destribution_for_all_topics_in_lectures.py-3">
		<error message="Unable to import 'pyspark.sql'" type="pylint Error"><![CDATA[truelearn_experiments/data_analysis/get_cosine_destribution_for_all_topics_in_lectures.py:3: [import-error(pylint), None] Unable to import 'pyspark.sql']]></error>
	</testcase>
	<testcase name="truelearn_experiments/data_analysis/get_cosine_destribution_for_all_topics_in_lectures.py-33">
		<error message="Module 'ujson' has no 'loads' member, but source is unavailable. Consider adding this module to extension-pkg-allow-list if you want to perform analysis based on run-time introspection of living objects." type="pylint Error"><![CDATA[truelearn_experiments/data_analysis/get_cosine_destribution_for_all_topics_in_lectures.py:33: [c-extension-no-member(pylint), main] Module 'ujson' has no 'loads' member, but source is unavailable. Consider adding this module to extension-pkg-allow-list if you want to perform analysis based on run-time introspection of living objects.]]></error>
	</testcase>
	<testcase name="truelearn_experiments/data_analysis/get_cosine_destribution_for_all_topics_in_lectures.py-47">
		<error message="String statement has no effect" type="pylint Error"><![CDATA[truelearn_experiments/data_analysis/get_cosine_destribution_for_all_topics_in_lectures.py:47: [pointless-string-statement(pylint), None] String statement has no effect]]></error>
	</testcase>
	<testcase name="truelearn_experiments/data_analysis/get_cosine_distributions.py-2">
		<error message="Unable to import 'pyspark.sql'" type="pylint Error"><![CDATA[truelearn_experiments/data_analysis/get_cosine_distributions.py:2: [import-error(pylint), None] Unable to import 'pyspark.sql']]></error>
	</testcase>
	<testcase name="truelearn_experiments/data_analysis/get_cosine_distributions.py-3">
		<error message="Unable to import 'pyspark.sql'" type="pylint Error"><![CDATA[truelearn_experiments/data_analysis/get_cosine_distributions.py:3: [import-error(pylint), None] Unable to import 'pyspark.sql']]></error>
	</testcase>
	<testcase name="truelearn_experiments/data_analysis/get_cosine_distributions.py-5">
		<error message="Unable to import 'analyses.truelearn_experiments.utils'" type="pylint Error"><![CDATA[truelearn_experiments/data_analysis/get_cosine_distributions.py:5: [import-error(pylint), None] Unable to import 'analyses.truelearn_experiments.utils']]></error>
	</testcase>
	<testcase name="truelearn_experiments/data_analysis/get_cosine_distributions.py-44">
		<error message="String statement has no effect" type="pylint Error"><![CDATA[truelearn_experiments/data_analysis/get_cosine_distributions.py:44: [pointless-string-statement(pylint), None] String statement has no effect]]></error>
	</testcase>
	<testcase name="truelearn_experiments/data_analysis/get_related_topic_distribution.py-6">
		<error message="Unable to import 'wordcloud'" type="pylint Error"><![CDATA[truelearn_experiments/data_analysis/get_related_topic_distribution.py:6: [import-error(pylint), None] Unable to import 'wordcloud']]></error>
	</testcase>
	<testcase name="truelearn_experiments/data_analysis/get_related_topic_distribution.py-8">
		<error message="Unable to import 'analyses.truelearn_experiments.utils'" type="pylint Error"><![CDATA[truelearn_experiments/data_analysis/get_related_topic_distribution.py:8: [import-error(pylint), None] Unable to import 'analyses.truelearn_experiments.utils']]></error>
	</testcase>
	<testcase name="truelearn_experiments/data_analysis/get_related_topic_distribution.py-9">
		<error message="Unable to import 'lib.spark_context'" type="pylint Error"><![CDATA[truelearn_experiments/data_analysis/get_related_topic_distribution.py:9: [import-error(pylint), None] Unable to import 'lib.spark_context']]></error>
	</testcase>
	<testcase name="truelearn_experiments/data_analysis/get_related_topic_distribution.py-14">
		<error message="Import outside toplevel (matplotlib.pyplot)" type="pylint Error"><![CDATA[truelearn_experiments/data_analysis/get_related_topic_distribution.py:14: [import-outside-toplevel(pylint), save_wordcloud_figure] Import outside toplevel (matplotlib.pyplot)]]></error>
	</testcase>
	<testcase name="truelearn_experiments/data_analysis/get_related_topic_distribution.py-23">
		<error message="Too many local variables (23/15)" type="pylint Error"><![CDATA[truelearn_experiments/data_analysis/get_related_topic_distribution.py:23: [too-many-locals(pylint), main] Too many local variables (23/15)]]></error>
	</testcase>
	<testcase name="truelearn_experiments/data_analysis/get_related_topic_distribution.py-24">
		<error message="Formatting a regular string which could be a f-string" type="pylint Error"><![CDATA[truelearn_experiments/data_analysis/get_related_topic_distribution.py:24: [consider-using-f-string(pylint), main] Formatting a regular string which could be a f-string]]></error>
	</testcase>
	<testcase name="truelearn_experiments/data_analysis/get_related_topic_distribution.py-27">
		<error message="Using open without explicitly specifying an encoding" type="pylint Error"><![CDATA[truelearn_experiments/data_analysis/get_related_topic_distribution.py:27: [unspecified-encoding(pylint), main] Using open without explicitly specifying an encoding]]></error>
	</testcase>
	<testcase name="truelearn_experiments/data_analysis/get_related_topic_distribution.py-28">
		<error message="Module 'ujson' has no 'load' member, but source is unavailable. Consider adding this module to extension-pkg-allow-list if you want to perform analysis based on run-time introspection of living objects." type="pylint Error"><![CDATA[truelearn_experiments/data_analysis/get_related_topic_distribution.py:28: [c-extension-no-member(pylint), main] Module 'ujson' has no 'load' member, but source is unavailable. Consider adding this module to extension-pkg-allow-list if you want to perform analysis based on run-time introspection of living objects.]]></error>
	</testcase>
	<testcase name="truelearn_experiments/data_analysis/get_related_topic_distribution.py-99">
		<error message="Formatting a regular string which could be a f-string" type="pylint Error"><![CDATA[truelearn_experiments/data_analysis/get_related_topic_distribution.py:99: [consider-using-f-string(pylint), main] Formatting a regular string which could be a f-string]]></error>
	</testcase>
	<testcase name="truelearn_experiments/data_analysis/get_related_topic_distribution.py-102">
		<error message="Formatting a regular string which could be a f-string" type="pylint Error"><![CDATA[truelearn_experiments/data_analysis/get_related_topic_distribution.py:102: [consider-using-f-string(pylint), main] Formatting a regular string which could be a f-string]]></error>
	</testcase>
	<testcase name="truelearn_experiments/data_analysis/get_related_topic_distribution.py-107">
		<error message="String statement has no effect" type="pylint Error"><![CDATA[truelearn_experiments/data_analysis/get_related_topic_distribution.py:107: [pointless-string-statement(pylint), None] String statement has no effect]]></error>
	</testcase>
	<testcase name="truelearn_experiments/data_analysis/plotting_utils.py-2">
		<error message="Unable to import 'networkx'" type="pylint Error"><![CDATA[truelearn_experiments/data_analysis/plotting_utils.py:2: [import-error(pylint), None] Unable to import 'networkx']]></error>
	</testcase>
	<testcase name="truelearn_experiments/data_analysis/plotting_utils.py-24">
		<error message="Too many local variables (29/15)" type="pylint Error"><![CDATA[truelearn_experiments/data_analysis/plotting_utils.py:24: [too-many-locals(pylint), do_graph_analysis] Too many local variables (29/15)]]></error>
	</testcase>
	<testcase name="truelearn_experiments/data_analysis/plotting_utils.py-42">
		<error message="Unused variable 'topic_to_id_mapping'" type="pylint Error"><![CDATA[truelearn_experiments/data_analysis/plotting_utils.py:42: [unused-variable(pylint), do_graph_analysis] Unused variable 'topic_to_id_mapping']]></error>
	</testcase>
	<testcase name="truelearn_experiments/data_analysis/plotting_utils.py-59">
		<error message="Unused variable 'ax'" type="pylint Error"><![CDATA[truelearn_experiments/data_analysis/plotting_utils.py:59: [unused-variable(pylint), do_graph_analysis] Unused variable 'ax']]></error>
	</testcase>
	<testcase name="truelearn_experiments/data_analysis/plotting_utils.py-71">
		<error message="Unused variable 'edges'" type="pylint Error"><![CDATA[truelearn_experiments/data_analysis/plotting_utils.py:71: [unused-variable(pylint), do_graph_analysis] Unused variable 'edges']]></error>
	</testcase>
	<testcase name="truelearn_experiments/data_analysis/summarise_model_training_results.py-1">
		<error message="Unused import json" type="pylint Error"><![CDATA[truelearn_experiments/data_analysis/summarise_model_training_results.py:1: [unused-import(pylint), None] Unused import json]]></error>
	</testcase>
	<testcase name="truelearn_experiments/data_analysis/summarise_model_training_results.py-5">
		<error message="Unused seaborn imported as sns" type="pylint Error"><![CDATA[truelearn_experiments/data_analysis/summarise_model_training_results.py:5: [unused-import(pylint), None] Unused seaborn imported as sns]]></error>
	</testcase>
	<testcase name="truelearn_experiments/data_analysis/summarise_model_training_results.py-6">
		<error message="Unused matplotlib.pyplot imported as plt" type="pylint Error"><![CDATA[truelearn_experiments/data_analysis/summarise_model_training_results.py:6: [unused-import(pylint), None] Unused matplotlib.pyplot imported as plt]]></error>
	</testcase>
	<testcase name="truelearn_experiments/data_analysis/summarise_model_training_results.py-8">
		<error message="line too long (169 &gt; 159 characters)" type="pycodestyle Error"><![CDATA[truelearn_experiments/data_analysis/summarise_model_training_results.py:8: [E501(pycodestyle), None] line too long (169 > 159 characters)]]></error>
	</testcase>
	<testcase name="truelearn_experiments/data_analysis/summarise_model_training_results.py-49">
		<error message="Unused variable 'final_df'" type="pylint Error"><![CDATA[truelearn_experiments/data_analysis/summarise_model_training_results.py:49: [unused-variable(pylint), main] Unused variable 'final_df']]></error>
	</testcase>
	<testcase name="truelearn_experiments/data_analysis/summarise_model_training_results.py-55">
		<error message="String statement has no effect" type="pylint Error"><![CDATA[truelearn_experiments/data_analysis/summarise_model_training_results.py:55: [pointless-string-statement(pylint), None] String statement has no effect]]></error>
	</testcase>
	<testcase name="truelearn_experiments/data_analysis/time_compexity_semantic_truelearn.py-2">
		<error message="Unused defaultdict imported from collections" type="pylint Error"><![CDATA[truelearn_experiments/data_analysis/time_compexity_semantic_truelearn.py:2: [unused-import(pylint), None] Unused defaultdict imported from collections]]></error>
	</testcase>
	<testcase name="truelearn_experiments/data_analysis/time_compexity_semantic_truelearn.py-8">
		<error message="Unable to import 'analyses.truelearn_experiments.data_analysis.analyse_user_stats_performance_relationship'" type="pylint Error"><![CDATA[truelearn_experiments/data_analysis/time_compexity_semantic_truelearn.py:8: [import-error(pylint), None] Unable to import 'analyses.truelearn_experiments.data_analysis.analyse_user_stats_performance_relationship']]></error>
	</testcase>
	<testcase name="truelearn_experiments/data_analysis/time_compexity_semantic_truelearn.py-10">
		<error message="Unable to import 'analyses.truelearn_experiments.grid_search.eval.summarise_experiment_results'" type="pylint Error"><![CDATA[truelearn_experiments/data_analysis/time_compexity_semantic_truelearn.py:10: [import-error(pylint), None] Unable to import 'analyses.truelearn_experiments.grid_search.eval.summarise_experiment_results']]></error>
	</testcase>
	<testcase name="truelearn_experiments/data_analysis/time_compexity_semantic_truelearn.py-32">
		<error message="Unnecessary &quot;elif&quot; after &quot;return&quot;, remove the leading &quot;el&quot; from &quot;elif&quot;" type="pylint Error"><![CDATA[truelearn_experiments/data_analysis/time_compexity_semantic_truelearn.py:32: [no-else-return(pylint), label_event_category] Unnecessary "elif" after "return", remove the leading "el" from "elif"]]></error>
	</testcase>
	<testcase name="truelearn_experiments/data_analysis/time_compexity_semantic_truelearn.py-51">
		<error message="Using open without explicitly specifying an encoding" type="pylint Error"><![CDATA[truelearn_experiments/data_analysis/time_compexity_semantic_truelearn.py:51: [unspecified-encoding(pylint), load_user_data] Using open without explicitly specifying an encoding]]></error>
	</testcase>
	<testcase name="truelearn_experiments/data_analysis/time_compexity_semantic_truelearn.py-52">
		<error message="Module 'ujson' has no 'load' member, but source is unavailable. Consider adding this module to extension-pkg-allow-list if you want to perform analysis based on run-time introspection of living objects." type="pylint Error"><![CDATA[truelearn_experiments/data_analysis/time_compexity_semantic_truelearn.py:52: [c-extension-no-member(pylint), load_user_data] Module 'ujson' has no 'load' member, but source is unavailable. Consider adding this module to extension-pkg-allow-list if you want to perform analysis based on run-time introspection of living objects.]]></error>
	</testcase>
	<testcase name="truelearn_experiments/data_analysis/time_compexity_semantic_truelearn.py-75">
		<error message="Unused variable 'num_users'" type="pylint Error"><![CDATA[truelearn_experiments/data_analysis/time_compexity_semantic_truelearn.py:75: [unused-variable(pylint), main] Unused variable 'num_users']]></error>
	</testcase>
	<testcase name="truelearn_experiments/data_analysis/time_compexity_semantic_truelearn.py-79">
		<error message="Unused variable 'agg_func'" type="pylint Error"><![CDATA[truelearn_experiments/data_analysis/time_compexity_semantic_truelearn.py:79: [unused-variable(pylint), main] Unused variable 'agg_func']]></error>
	</testcase>
	<testcase name="truelearn_experiments/data_analysis/time_compexity_semantic_truelearn.py-90">
		<error message="local variable 'num_users' is assigned to but never used" type="pyflakes Error"><![CDATA[truelearn_experiments/data_analysis/time_compexity_semantic_truelearn.py:90: [F841(pyflakes), None] local variable 'num_users' is assigned to but never used]]></error>
	</testcase>
	<testcase name="truelearn_experiments/data_analysis/time_compexity_semantic_truelearn.py-95">
		<error message="Import outside toplevel (seaborn)" type="pylint Error"><![CDATA[truelearn_experiments/data_analysis/time_compexity_semantic_truelearn.py:95: [import-outside-toplevel(pylint), main] Import outside toplevel (seaborn)]]></error>
	</testcase>
	<testcase name="truelearn_experiments/data_analysis/time_compexity_semantic_truelearn.py-96">
		<error message="Import outside toplevel (matplotlib.pyplot)" type="pylint Error"><![CDATA[truelearn_experiments/data_analysis/time_compexity_semantic_truelearn.py:96: [import-outside-toplevel(pylint), main] Import outside toplevel (matplotlib.pyplot)]]></error>
	</testcase>
	<testcase name="truelearn_experiments/data_analysis/time_compexity_semantic_truelearn.py-97">
		<error message="Unused variable 'ax1'" type="pylint Error"><![CDATA[truelearn_experiments/data_analysis/time_compexity_semantic_truelearn.py:97: [unused-variable(pylint), main] Unused variable 'ax1']]></error>
	</testcase>
	<testcase name="truelearn_experiments/data_analysis/time_compexity_semantic_truelearn.py-114">
		<error message="String statement has no effect" type="pylint Error"><![CDATA[truelearn_experiments/data_analysis/time_compexity_semantic_truelearn.py:114: [pointless-string-statement(pylint), None] String statement has no effect]]></error>
	</testcase>
	<testcase name="truelearn_experiments/data_analysis/topic_sparcity_performance_analysis.py-1">
		<error message="Unused import json" type="pylint Error"><![CDATA[truelearn_experiments/data_analysis/topic_sparcity_performance_analysis.py:1: [unused-import(pylint), None] Unused import json]]></error>
	</testcase>
	<testcase name="truelearn_experiments/data_analysis/topic_sparcity_performance_analysis.py-86">
		<error message="String statement has no effect" type="pylint Error"><![CDATA[truelearn_experiments/data_analysis/topic_sparcity_performance_analysis.py:86: [pointless-string-statement(pylint), None] String statement has no effect]]></error>
	</testcase>
	<testcase name="truelearn_experiments/grid_search/eval/generate_topicwise_plots.py-1">
		<error message="Unused import json" type="pylint Error"><![CDATA[truelearn_experiments/grid_search/eval/generate_topicwise_plots.py:1: [unused-import(pylint), None] Unused import json]]></error>
	</testcase>
	<testcase name="truelearn_experiments/grid_search/eval/generate_topicwise_plots.py-5">
		<error message="Unused seaborn imported as sns" type="pylint Error"><![CDATA[truelearn_experiments/grid_search/eval/generate_topicwise_plots.py:5: [unused-import(pylint), None] Unused seaborn imported as sns]]></error>
	</testcase>
	<testcase name="truelearn_experiments/grid_search/eval/generate_topicwise_plots.py-6">
		<error message="Unused matplotlib.pyplot imported as plt" type="pylint Error"><![CDATA[truelearn_experiments/grid_search/eval/generate_topicwise_plots.py:6: [unused-import(pylint), None] Unused matplotlib.pyplot imported as plt]]></error>
	</testcase>
	<testcase name="truelearn_experiments/grid_search/eval/generate_topicwise_plots.py-15">
		<error message="Unnecessary &quot;else&quot; after &quot;return&quot;, remove the &quot;else&quot; and de-indent the code inside it" type="pylint Error"><![CDATA[truelearn_experiments/grid_search/eval/generate_topicwise_plots.py:15: [no-else-return(pylint), get_tag] Unnecessary "else" after "return", remove the "else" and de-indent the code inside it]]></error>
	</testcase>
	<testcase name="truelearn_experiments/grid_search/eval/generate_topicwise_plots.py-15">
		<error message="test for membership should be 'not in'" type="pycodestyle Error"><![CDATA[truelearn_experiments/grid_search/eval/generate_topicwise_plots.py:15: [E713(pycodestyle), None] test for membership should be 'not in']]></error>
	</testcase>
	<testcase name="truelearn_experiments/grid_search/eval/generate_topicwise_plots.py-62">
		<error message="Import outside toplevel (seaborn)" type="pylint Error"><![CDATA[truelearn_experiments/grid_search/eval/generate_topicwise_plots.py:62: [import-outside-toplevel(pylint), create_plot] Import outside toplevel (seaborn)]]></error>
	</testcase>
	<testcase name="truelearn_experiments/grid_search/eval/generate_topicwise_plots.py-62">
		<error message="Reimport 'seaborn' (imported line 5)" type="pylint Error"><![CDATA[truelearn_experiments/grid_search/eval/generate_topicwise_plots.py:62: [reimported(pylint), create_plot] Reimport 'seaborn' (imported line 5)]]></error>
	</testcase>
	<testcase name="truelearn_experiments/grid_search/eval/generate_topicwise_plots.py-62">
		<error message="redefinition of unused 'sns' from line 5" type="pyflakes Error"><![CDATA[truelearn_experiments/grid_search/eval/generate_topicwise_plots.py:62: [F811(pyflakes), None] redefinition of unused 'sns' from line 5]]></error>
	</testcase>
	<testcase name="truelearn_experiments/grid_search/eval/generate_topicwise_plots.py-63">
		<error message="Import outside toplevel (matplotlib.pyplot)" type="pylint Error"><![CDATA[truelearn_experiments/grid_search/eval/generate_topicwise_plots.py:63: [import-outside-toplevel(pylint), create_plot] Import outside toplevel (matplotlib.pyplot)]]></error>
	</testcase>
	<testcase name="truelearn_experiments/grid_search/eval/generate_topicwise_plots.py-63">
		<error message="Reimport 'pyplot' (imported line 6)" type="pylint Error"><![CDATA[truelearn_experiments/grid_search/eval/generate_topicwise_plots.py:63: [reimported(pylint), create_plot] Reimport 'pyplot' (imported line 6)]]></error>
	</testcase>
	<testcase name="truelearn_experiments/grid_search/eval/generate_topicwise_plots.py-63">
		<error message="redefinition of unused 'plt' from line 6" type="pyflakes Error"><![CDATA[truelearn_experiments/grid_search/eval/generate_topicwise_plots.py:63: [F811(pyflakes), None] redefinition of unused 'plt' from line 6]]></error>
	</testcase>
	<testcase name="truelearn_experiments/grid_search/eval/generate_topicwise_plots.py-68">
		<error message="Unused variable 'f'" type="pylint Error"><![CDATA[truelearn_experiments/grid_search/eval/generate_topicwise_plots.py:68: [unused-variable(pylint), create_plot] Unused variable 'f']]></error>
	</testcase>
	<testcase name="truelearn_experiments/grid_search/eval/generate_topicwise_plots.py-103">
		<error message="String statement has no effect" type="pylint Error"><![CDATA[truelearn_experiments/grid_search/eval/generate_topicwise_plots.py:103: [pointless-string-statement(pylint), None] String statement has no effect]]></error>
	</testcase>
	<testcase name="truelearn_experiments/grid_search/eval/summarise_experiment_results.py-15">
		<error message="Unable to import 'analyses.truelearn_experiments.grid_search.generate_grid_search_config'" type="pylint Error"><![CDATA[truelearn_experiments/grid_search/eval/summarise_experiment_results.py:15: [import-error(pylint), None] Unable to import 'analyses.truelearn_experiments.grid_search.generate_grid_search_config']]></error>
	</testcase>
	<testcase name="truelearn_experiments/grid_search/eval/summarise_experiment_results.py-15">
		<error message="Import &quot;from analyses.truelearn_experiments.grid_search.generate_grid_search_config import EXP_SKILL_REPR_FIELD, EXP_ALGORITHM_FIELD, EXP_TAU_FACT_FIELD, EXP_BETA_FACT_FIELD, EXP_DEF_VAR_FACT_FIELD, EXP_DRAW_PROB_FIELD, EXP_DRAW_FACTOR_FIELD, EXP_INT_DECAY_FACTOR_FIELD&quot; should be placed at the top of the module" type="pylint Error"><![CDATA[truelearn_experiments/grid_search/eval/summarise_experiment_results.py:15: [wrong-import-position(pylint), None] Import "from analyses.truelearn_experiments.grid_search.generate_grid_search_config import EXP_SKILL_REPR_FIELD, EXP_ALGORITHM_FIELD, EXP_TAU_FACT_FIELD, EXP_BETA_FACT_FIELD, EXP_DEF_VAR_FACT_FIELD, EXP_DRAW_PROB_FIELD, EXP_DRAW_FACTOR_FIELD, EXP_INT_DECAY_FACTOR_FIELD" should be placed at the top of the module]]></error>
	</testcase>
	<testcase name="truelearn_experiments/grid_search/eval/summarise_experiment_results.py-25">
		<error message="Using open without explicitly specifying an encoding" type="pylint Error"><![CDATA[truelearn_experiments/grid_search/eval/summarise_experiment_results.py:25: [unspecified-encoding(pylint), _get_basic_configs] Using open without explicitly specifying an encoding]]></error>
	</testcase>
	<testcase name="truelearn_experiments/grid_search/eval/summarise_experiment_results.py-120">
		<error message="String statement has no effect" type="pylint Error"><![CDATA[truelearn_experiments/grid_search/eval/summarise_experiment_results.py:120: [pointless-string-statement(pylint), None] String statement has no effect]]></error>
	</testcase>
	<testcase name="truelearn_experiments/grid_search/eval/summary_pr_cos_combo_results.py-13">
		<error message="Unable to import 'analyses.truelearn_experiments.grid_search.generate_grid_search_config'" type="pylint Error"><![CDATA[truelearn_experiments/grid_search/eval/summary_pr_cos_combo_results.py:13: [import-error(pylint), None] Unable to import 'analyses.truelearn_experiments.grid_search.generate_grid_search_config']]></error>
	</testcase>
	<testcase name="truelearn_experiments/grid_search/eval/summary_pr_cos_combo_results.py-13">
		<error message="Import &quot;from analyses.truelearn_experiments.grid_search.generate_grid_search_config import EXP_SKILL_REPR_FIELD, EXP_ALGORITHM_FIELD, EXP_TAU_FACT_FIELD, EXP_BETA_FACT_FIELD, EXP_DEF_VAR_FACT_FIELD, EXP_DRAW_PROB_FIELD, EXP_DRAW_FACTOR_FIELD, EXP_INT_DECAY_FACTOR_FIELD&quot; should be placed at the top of the module" type="pylint Error"><![CDATA[truelearn_experiments/grid_search/eval/summary_pr_cos_combo_results.py:13: [wrong-import-position(pylint), None] Import "from analyses.truelearn_experiments.grid_search.generate_grid_search_config import EXP_SKILL_REPR_FIELD, EXP_ALGORITHM_FIELD, EXP_TAU_FACT_FIELD, EXP_BETA_FACT_FIELD, EXP_DEF_VAR_FACT_FIELD, EXP_DRAW_PROB_FIELD, EXP_DRAW_FACTOR_FIELD, EXP_INT_DECAY_FACTOR_FIELD" should be placed at the top of the module]]></error>
	</testcase>
	<testcase name="truelearn_experiments/grid_search/eval/summary_pr_cos_combo_results.py-23">
		<error message="Using open without explicitly specifying an encoding" type="pylint Error"><![CDATA[truelearn_experiments/grid_search/eval/summary_pr_cos_combo_results.py:23: [unspecified-encoding(pylint), _get_basic_configs] Using open without explicitly specifying an encoding]]></error>
	</testcase>
	<testcase name="truelearn_experiments/grid_search/eval/summary_pr_cos_combo_results.py-71">
		<error message="String statement has no effect" type="pylint Error"><![CDATA[truelearn_experiments/grid_search/eval/summary_pr_cos_combo_results.py:71: [pointless-string-statement(pylint), None] String statement has no effect]]></error>
	</testcase>
	<testcase name="truelearn_experiments/grid_search/generate_grid_search_config.py-50">
		<error message="Too many local variables (21/15)" type="pylint Error"><![CDATA[truelearn_experiments/grid_search/generate_grid_search_config.py:50: [too-many-locals(pylint), get_exp_params] Too many local variables (21/15)]]></error>
	</testcase>
	<testcase name="truelearn_experiments/grid_search/generate_grid_search_config.py-96">
		<error message="Too many nested blocks (7/5)" type="pylint Error"><![CDATA[truelearn_experiments/grid_search/generate_grid_search_config.py:96: [too-many-nested-blocks(pylint), get_exp_params] Too many nested blocks (7/5)]]></error>
	</testcase>
	<testcase name="truelearn_experiments/grid_search/generate_grid_search_config.py-126">
		<error message="Using open without explicitly specifying an encoding" type="pylint Error"><![CDATA[truelearn_experiments/grid_search/generate_grid_search_config.py:126: [unspecified-encoding(pylint), main] Using open without explicitly specifying an encoding]]></error>
	</testcase>
	<testcase name="truelearn_experiments/grid_search/generate_grid_search_config.py-127">
		<error message="ambiguous variable name 'l'" type="pycodestyle Error"><![CDATA[truelearn_experiments/grid_search/generate_grid_search_config.py:127: [E741(pycodestyle), None] ambiguous variable name 'l']]></error>
	</testcase>
	<testcase name="truelearn_experiments/grid_search/generate_grid_search_config.py-132">
		<error message="String statement has no effect" type="pylint Error"><![CDATA[truelearn_experiments/grid_search/generate_grid_search_config.py:132: [pointless-string-statement(pylint), None] String statement has no effect]]></error>
	</testcase>
	<testcase name="truelearn_experiments/grid_search/get_result_summary.py-13">
		<error message="Unable to import 'analyses.truelearn_experiments.grid_search.generate_grid_search_config'" type="pylint Error"><![CDATA[truelearn_experiments/grid_search/get_result_summary.py:13: [import-error(pylint), None] Unable to import 'analyses.truelearn_experiments.grid_search.generate_grid_search_config']]></error>
	</testcase>
	<testcase name="truelearn_experiments/grid_search/get_result_summary.py-13">
		<error message="Import &quot;from analyses.truelearn_experiments.grid_search.generate_grid_search_config import EXP_SKILL_REPR_FIELD, EXP_ALGORITHM_FIELD, EXP_TAU_FACT_FIELD, EXP_BETA_FACT_FIELD, EXP_DEF_VAR_FACT_FIELD, EXP_DRAW_PROB_FIELD, EXP_DRAW_FACTOR_FIELD, EXP_INT_DECAY_FACTOR_FIELD&quot; should be placed at the top of the module" type="pylint Error"><![CDATA[truelearn_experiments/grid_search/get_result_summary.py:13: [wrong-import-position(pylint), None] Import "from analyses.truelearn_experiments.grid_search.generate_grid_search_config import EXP_SKILL_REPR_FIELD, EXP_ALGORITHM_FIELD, EXP_TAU_FACT_FIELD, EXP_BETA_FACT_FIELD, EXP_DEF_VAR_FACT_FIELD, EXP_DRAW_PROB_FIELD, EXP_DRAW_FACTOR_FIELD, EXP_INT_DECAY_FACTOR_FIELD" should be placed at the top of the module]]></error>
	</testcase>
	<testcase name="truelearn_experiments/grid_search/get_result_summary.py-23">
		<error message="Using open without explicitly specifying an encoding" type="pylint Error"><![CDATA[truelearn_experiments/grid_search/get_result_summary.py:23: [unspecified-encoding(pylint), _get_basic_configs] Using open without explicitly specifying an encoding]]></error>
	</testcase>
	<testcase name="truelearn_experiments/grid_search/get_result_summary.py-46">
		<error message="Unused variable 'inst'" type="pylint Error"><![CDATA[truelearn_experiments/grid_search/get_result_summary.py:46: [unused-variable(pylint), main] Unused variable 'inst']]></error>
	</testcase>
	<testcase name="truelearn_experiments/grid_search/get_result_summary.py-47">
		<error message="Formatting a regular string which could be a f-string" type="pylint Error"><![CDATA[truelearn_experiments/grid_search/get_result_summary.py:47: [consider-using-f-string(pylint), main] Formatting a regular string which could be a f-string]]></error>
	</testcase>
	<testcase name="truelearn_experiments/grid_search/get_result_summary.py-66">
		<error message="local variable 'inst' is assigned to but never used" type="pyflakes Error"><![CDATA[truelearn_experiments/grid_search/get_result_summary.py:66: [F841(pyflakes), None] local variable 'inst' is assigned to but never used]]></error>
	</testcase>
	<testcase name="truelearn_experiments/grid_search/get_result_summary.py-67">
		<error message="Formatting a regular string which could be a f-string" type="pylint Error"><![CDATA[truelearn_experiments/grid_search/get_result_summary.py:67: [consider-using-f-string(pylint), main] Formatting a regular string which could be a f-string]]></error>
	</testcase>
	<testcase name="truelearn_experiments/grid_search/get_result_summary.py-81">
		<error message="String statement has no effect" type="pylint Error"><![CDATA[truelearn_experiments/grid_search/get_result_summary.py:81: [pointless-string-statement(pylint), None] String statement has no effect]]></error>
	</testcase>
	<testcase name="truelearn_experiments/grid_search/run_grid_search.py-7">
		<error message="Unable to import 'analyses.truelearn_experiments.grid_search.generate_grid_search_config'" type="pylint Error"><![CDATA[truelearn_experiments/grid_search/run_grid_search.py:7: [import-error(pylint), None] Unable to import 'analyses.truelearn_experiments.grid_search.generate_grid_search_config']]></error>
	</testcase>
	<testcase name="truelearn_experiments/grid_search/run_grid_search.py-23">
		<error message="Using open without explicitly specifying an encoding" type="pylint Error"><![CDATA[truelearn_experiments/grid_search/run_grid_search.py:23: [unspecified-encoding(pylint), main] Using open without explicitly specifying an encoding]]></error>
	</testcase>
	<testcase name="truelearn_experiments/grid_search/run_grid_search.py-24">
		<error message="ambiguous variable name 'l'" type="pycodestyle Error"><![CDATA[truelearn_experiments/grid_search/run_grid_search.py:24: [E741(pycodestyle), None] ambiguous variable name 'l']]></error>
	</testcase>
	<testcase name="truelearn_experiments/grid_search/run_grid_search.py-31">
		<error message="No exception type(s) specified" type="pylint Error"><![CDATA[truelearn_experiments/grid_search/run_grid_search.py:31: [bare-except(pylint), main] No exception type(s) specified]]></error>
	</testcase>
	<testcase name="truelearn_experiments/grid_search/run_grid_search.py-35">
		<error message="Unable to import 'analyses.truelearn_experiments.run_experiments'" type="pylint Error"><![CDATA[truelearn_experiments/grid_search/run_grid_search.py:35: [import-error(pylint), main] Unable to import 'analyses.truelearn_experiments.run_experiments']]></error>
	</testcase>
	<testcase name="truelearn_experiments/grid_search/run_grid_search.py-35">
		<error message="Import outside toplevel (analyses.truelearn_experiments.run_experiments.main)" type="pylint Error"><![CDATA[truelearn_experiments/grid_search/run_grid_search.py:35: [import-outside-toplevel(pylint), main] Import outside toplevel (analyses.truelearn_experiments.run_experiments.main)]]></error>
	</testcase>
	<testcase name="truelearn_experiments/grid_search/run_grid_search.py-41">
		<error message="No exception type(s) specified" type="pylint Error"><![CDATA[truelearn_experiments/grid_search/run_grid_search.py:41: [bare-except(pylint), main] No exception type(s) specified]]></error>
	</testcase>
	<testcase name="truelearn_experiments/grid_search/run_grid_search.py-47">
		<error message="Using open without explicitly specifying an encoding" type="pylint Error"><![CDATA[truelearn_experiments/grid_search/run_grid_search.py:47: [unspecified-encoding(pylint), main] Using open without explicitly specifying an encoding]]></error>
	</testcase>
	<testcase name="truelearn_experiments/grid_search/run_grid_search.py-55">
		<error message="Formatting a regular string which could be a f-string" type="pylint Error"><![CDATA[truelearn_experiments/grid_search/run_grid_search.py:55: [consider-using-f-string(pylint), main] Formatting a regular string which could be a f-string]]></error>
	</testcase>
	<testcase name="truelearn_experiments/grid_search/run_grid_search.py-59">
		<error message="Unable to import 'analyses.truelearn_experiments.analyse_results'" type="pylint Error"><![CDATA[truelearn_experiments/grid_search/run_grid_search.py:59: [import-error(pylint), main] Unable to import 'analyses.truelearn_experiments.analyse_results']]></error>
	</testcase>
	<testcase name="truelearn_experiments/grid_search/run_grid_search.py-59">
		<error message="Import outside toplevel (analyses.truelearn_experiments.analyse_results.main)" type="pylint Error"><![CDATA[truelearn_experiments/grid_search/run_grid_search.py:59: [import-outside-toplevel(pylint), main] Import outside toplevel (analyses.truelearn_experiments.analyse_results.main)]]></error>
	</testcase>
	<testcase name="truelearn_experiments/grid_search/run_grid_search.py-72">
		<error message="String statement has no effect" type="pylint Error"><![CDATA[truelearn_experiments/grid_search/run_grid_search.py:72: [pointless-string-statement(pylint), None] String statement has no effect]]></error>
	</testcase>
	<testcase name="truelearn_experiments/grid_search/run_validation_experiment.py-36">
		<error message="generate_hyperparameters is too complex (61)" type="mccabe Error"><![CDATA[truelearn_experiments/grid_search/run_validation_experiment.py:36: [MC0001(mccabe), generate_hyperparameters] generate_hyperparameters is too complex (61)]]></error>
	</testcase>
	<testcase name="truelearn_experiments/grid_search/run_validation_experiment.py-36">
		<error message="Too many arguments (18/5)" type="pylint Error"><![CDATA[truelearn_experiments/grid_search/run_validation_experiment.py:36: [too-many-arguments(pylint), generate_hyperparameters] Too many arguments (18/5)]]></error>
	</testcase>
	<testcase name="truelearn_experiments/grid_search/run_validation_experiment.py-36">
		<error message="Too many local variables (42/15)" type="pylint Error"><![CDATA[truelearn_experiments/grid_search/run_validation_experiment.py:36: [too-many-locals(pylint), generate_hyperparameters] Too many local variables (42/15)]]></error>
	</testcase>
	<testcase name="truelearn_experiments/grid_search/run_validation_experiment.py-343">
		<error message="Consider merging these comparisons with 'in' by using 'algorithm in ('persistent', 'majority')'. Use a set instead if elements are hashable." type="pylint Error"><![CDATA[truelearn_experiments/grid_search/run_validation_experiment.py:343: [consider-using-in(pylint), generate_hyperparameters] Consider merging these comparisons with 'in' by using 'algorithm in ('persistent', 'majority')'. Use a set instead if elements are hashable.]]></error>
	</testcase>
	<testcase name="truelearn_experiments/grid_search/run_validation_experiment.py-640">
		<error message="Too many nested blocks (16/5)" type="pylint Error"><![CDATA[truelearn_experiments/grid_search/run_validation_experiment.py:640: [too-many-nested-blocks(pylint), generate_hyperparameters] Too many nested blocks (16/5)]]></error>
	</testcase>
	<testcase name="truelearn_experiments/grid_search/run_validation_experiment.py-764">
		<error message="main is too complex (21)" type="mccabe Error"><![CDATA[truelearn_experiments/grid_search/run_validation_experiment.py:764: [MC0001(mccabe), main] main is too complex (21)]]></error>
	</testcase>
	<testcase name="truelearn_experiments/grid_search/run_validation_experiment.py-764">
		<error message="Too many local variables (19/15)" type="pylint Error"><![CDATA[truelearn_experiments/grid_search/run_validation_experiment.py:764: [too-many-locals(pylint), main] Too many local variables (19/15)]]></error>
	</testcase>
	<testcase name="truelearn_experiments/grid_search/run_validation_experiment.py-765">
		<error message="Unable to import 'analyses.truelearn_experiments.run_experiments'" type="pylint Error"><![CDATA[truelearn_experiments/grid_search/run_validation_experiment.py:765: [import-error(pylint), main] Unable to import 'analyses.truelearn_experiments.run_experiments']]></error>
	</testcase>
	<testcase name="truelearn_experiments/grid_search/run_validation_experiment.py-765">
		<error message="Import outside toplevel (analyses.truelearn_experiments.run_experiments.main)" type="pylint Error"><![CDATA[truelearn_experiments/grid_search/run_validation_experiment.py:765: [import-outside-toplevel(pylint), main] Import outside toplevel (analyses.truelearn_experiments.run_experiments.main)]]></error>
	</testcase>
	<testcase name="truelearn_experiments/grid_search/run_validation_experiment.py-787">
		<error message="Formatting a regular string which could be a f-string" type="pylint Error"><![CDATA[truelearn_experiments/grid_search/run_validation_experiment.py:787: [consider-using-f-string(pylint), main] Formatting a regular string which could be a f-string]]></error>
	</testcase>
	<testcase name="truelearn_experiments/grid_search/run_validation_experiment.py-839">
		<error message="Formatting a regular string which could be a f-string" type="pylint Error"><![CDATA[truelearn_experiments/grid_search/run_validation_experiment.py:839: [consider-using-f-string(pylint), main] Formatting a regular string which could be a f-string]]></error>
	</testcase>
	<testcase name="truelearn_experiments/grid_search/run_validation_experiment.py-921">
		<error message="String statement has no effect" type="pylint Error"><![CDATA[truelearn_experiments/grid_search/run_validation_experiment.py:921: [pointless-string-statement(pylint), None] String statement has no effect]]></error>
	</testcase>
	<testcase name="truelearn_experiments/grid_search/shell_cmd_generators/generate_results_for_experiment_1.py-77">
		<error message="main is too complex (17)" type="mccabe Error"><![CDATA[truelearn_experiments/grid_search/shell_cmd_generators/generate_results_for_experiment_1.py:77: [MC0001(mccabe), main] main is too complex (17)]]></error>
	</testcase>
	<testcase name="truelearn_experiments/grid_search/shell_cmd_generators/generate_results_for_experiment_1.py-77">
		<error message="Too many local variables (25/15)" type="pylint Error"><![CDATA[truelearn_experiments/grid_search/shell_cmd_generators/generate_results_for_experiment_1.py:77: [too-many-locals(pylint), main] Too many local variables (25/15)]]></error>
	</testcase>
	<testcase name="truelearn_experiments/grid_search/shell_cmd_generators/generate_results_for_experiment_1.py-111">
		<error message="Formatting a regular string which could be a f-string" type="pylint Error"><![CDATA[truelearn_experiments/grid_search/shell_cmd_generators/generate_results_for_experiment_1.py:111: [consider-using-f-string(pylint), main] Formatting a regular string which could be a f-string]]></error>
	</testcase>
	<testcase name="truelearn_experiments/grid_search/shell_cmd_generators/generate_results_for_experiment_1.py-153">
		<error message="Formatting a regular string which could be a f-string" type="pylint Error"><![CDATA[truelearn_experiments/grid_search/shell_cmd_generators/generate_results_for_experiment_1.py:153: [consider-using-f-string(pylint), main] Formatting a regular string which could be a f-string]]></error>
	</testcase>
	<testcase name="truelearn_experiments/grid_search/shell_cmd_generators/generate_results_for_experiment_1.py-159">
		<error message="Using open without explicitly specifying an encoding" type="pylint Error"><![CDATA[truelearn_experiments/grid_search/shell_cmd_generators/generate_results_for_experiment_1.py:159: [unspecified-encoding(pylint), main] Using open without explicitly specifying an encoding]]></error>
	</testcase>
	<testcase name="truelearn_experiments/grid_search/shell_cmd_generators/generate_results_for_experiment_1.py-164">
		<error message="String statement has no effect" type="pylint Error"><![CDATA[truelearn_experiments/grid_search/shell_cmd_generators/generate_results_for_experiment_1.py:164: [pointless-string-statement(pylint), None] String statement has no effect]]></error>
	</testcase>
	<testcase name="truelearn_experiments/hybrid_model.py-7">
		<error message="Unable to import 'analyses.truelearn_experiments.knowledge_tracing_model'" type="pylint Error"><![CDATA[truelearn_experiments/hybrid_model.py:7: [import-error(pylint), None] Unable to import 'analyses.truelearn_experiments.knowledge_tracing_model']]></error>
	</testcase>
	<testcase name="truelearn_experiments/hybrid_model.py-8">
		<error message="Unable to import 'analyses.truelearn_experiments.trueknowledge_recommender_models'" type="pylint Error"><![CDATA[truelearn_experiments/hybrid_model.py:8: [import-error(pylint), None] Unable to import 'analyses.truelearn_experiments.trueknowledge_recommender_models']]></error>
	</testcase>
	<testcase name="truelearn_experiments/hybrid_model.py-10">
		<error message="Unable to import 'analyses.truelearn_experiments.utils'" type="pylint Error"><![CDATA[truelearn_experiments/hybrid_model.py:10: [import-error(pylint), None] Unable to import 'analyses.truelearn_experiments.utils']]></error>
	</testcase>
	<testcase name="truelearn_experiments/hybrid_model.py-17">
		<error message="Redefining built-in 'type'" type="pylint Error"><![CDATA[truelearn_experiments/hybrid_model.py:17: [redefined-builtin(pylint), _compute_probability] Redefining built-in 'type']]></error>
	</testcase>
	<testcase name="truelearn_experiments/hybrid_model.py-116">
		<error message="Import outside toplevel (sklearn.linear_model.SGDClassifier)" type="pylint Error"><![CDATA[truelearn_experiments/hybrid_model.py:116: [import-outside-toplevel(pylint), compute_logistic_probability] Import outside toplevel (sklearn.linear_model.SGDClassifier)]]></error>
	</testcase>
	<testcase name="truelearn_experiments/hybrid_model.py-144">
		<error message="Import outside toplevel (sklearn.linear_model.SGDClassifier)" type="pylint Error"><![CDATA[truelearn_experiments/hybrid_model.py:144: [import-outside-toplevel(pylint), compute_perceptron_prediction] Import outside toplevel (sklearn.linear_model.SGDClassifier)]]></error>
	</testcase>
	<testcase name="truelearn_experiments/hybrid_model.py-174">
		<error message="Import outside toplevel (sklearn.linear_model.PassiveAggressiveClassifier)" type="pylint Error"><![CDATA[truelearn_experiments/hybrid_model.py:174: [import-outside-toplevel(pylint), compute_pagg_prediction] Import outside toplevel (sklearn.linear_model.PassiveAggressiveClassifier)]]></error>
	</testcase>
	<testcase name="truelearn_experiments/hybrid_model.py-201">
		<error message="Too many arguments (13/5)" type="pylint Error"><![CDATA[truelearn_experiments/hybrid_model.py:201: [too-many-arguments(pylint), _calculate_sum_prediction] Too many arguments (13/5)]]></error>
	</testcase>
	<testcase name="truelearn_experiments/hybrid_model.py-209">
		<error message="Using open without explicitly specifying an encoding" type="pylint Error"><![CDATA[truelearn_experiments/hybrid_model.py:209: [unspecified-encoding(pylint), get_quality_mapping] Using open without explicitly specifying an encoding]]></error>
	</testcase>
	<testcase name="truelearn_experiments/hybrid_model.py-231">
		<error message="Too many arguments (7/5)" type="pylint Error"><![CDATA[truelearn_experiments/hybrid_model.py:231: [too-many-arguments(pylint), compute_truelearn_prediction] Too many arguments (7/5)]]></error>
	</testcase>
	<testcase name="truelearn_experiments/hybrid_model.py-231">
		<error message="Too many local variables (31/15)" type="pylint Error"><![CDATA[truelearn_experiments/hybrid_model.py:231: [too-many-locals(pylint), compute_truelearn_prediction] Too many local variables (31/15)]]></error>
	</testcase>
	<testcase name="truelearn_experiments/hybrid_model.py-232">
		<error message="Unable to import 'trueskill'" type="pylint Error"><![CDATA[truelearn_experiments/hybrid_model.py:232: [import-error(pylint), compute_truelearn_prediction] Unable to import 'trueskill']]></error>
	</testcase>
	<testcase name="truelearn_experiments/hybrid_model.py-232">
		<error message="Import outside toplevel (trueskill)" type="pylint Error"><![CDATA[truelearn_experiments/hybrid_model.py:232: [import-outside-toplevel(pylint), compute_truelearn_prediction] Import outside toplevel (trueskill)]]></error>
	</testcase>
	<testcase name="truelearn_experiments/hybrid_model.py-247">
		<error message="Unused variable 'idx'" type="pylint Error"><![CDATA[truelearn_experiments/hybrid_model.py:247: [unused-variable(pylint), compute_truelearn_prediction] Unused variable 'idx']]></error>
	</testcase>
	<testcase name="truelearn_experiments/hybrid_model.py-286">
		<error message="Too many arguments (8/5)" type="pylint Error"><![CDATA[truelearn_experiments/hybrid_model.py:286: [too-many-arguments(pylint), compute_truelearn_pink] Too many arguments (8/5)]]></error>
	</testcase>
	<testcase name="truelearn_experiments/hybrid_model.py-286">
		<error message="Too many local variables (37/15)" type="pylint Error"><![CDATA[truelearn_experiments/hybrid_model.py:286: [too-many-locals(pylint), compute_truelearn_pink] Too many local variables (37/15)]]></error>
	</testcase>
	<testcase name="truelearn_experiments/hybrid_model.py-287">
		<error message="Unable to import 'trueskill'" type="pylint Error"><![CDATA[truelearn_experiments/hybrid_model.py:287: [import-error(pylint), compute_truelearn_pink] Unable to import 'trueskill']]></error>
	</testcase>
	<testcase name="truelearn_experiments/hybrid_model.py-287">
		<error message="Import outside toplevel (trueskill)" type="pylint Error"><![CDATA[truelearn_experiments/hybrid_model.py:287: [import-outside-toplevel(pylint), compute_truelearn_pink] Import outside toplevel (trueskill)]]></error>
	</testcase>
	<testcase name="truelearn_experiments/hybrid_model.py-302">
		<error message="Unused variable 'idx'" type="pylint Error"><![CDATA[truelearn_experiments/hybrid_model.py:302: [unused-variable(pylint), compute_truelearn_pink] Unused variable 'idx']]></error>
	</testcase>
	<testcase name="truelearn_experiments/hybrid_model.py-348">
		<error message="Too many arguments (9/5)" type="pylint Error"><![CDATA[truelearn_experiments/hybrid_model.py:348: [too-many-arguments(pylint), compute_hybrid_probabilities] Too many arguments (9/5)]]></error>
	</testcase>
	<testcase name="truelearn_experiments/hybrid_model.py-388">
		<error message="Too many arguments (7/5)" type="pylint Error"><![CDATA[truelearn_experiments/hybrid_model.py:388: [too-many-arguments(pylint), compute_switched_predictions] Too many arguments (7/5)]]></error>
	</testcase>
	<testcase name="truelearn_experiments/hybrid_model.py-392">
		<error message="Consider using enumerate instead of iterating with range and len" type="pylint Error"><![CDATA[truelearn_experiments/hybrid_model.py:392: [consider-using-enumerate(pylint), compute_switched_predictions] Consider using enumerate instead of iterating with range and len]]></error>
	</testcase>
	<testcase name="truelearn_experiments/hybrid_model.py-418">
		<error message="Consider using a generator instead 'sum(bool(x) for x in k_stat['num_updates'][idx])'" type="pylint Error"><![CDATA[truelearn_experiments/hybrid_model.py:418: [consider-using-generator(pylint), compute_switched_predictions] Consider using a generator instead 'sum(bool(x) for x in k_stat['num_updates'][idx])']]></error>
	</testcase>
	<testcase name="truelearn_experiments/hybrid_model.py-430">
		<error message="Too many arguments (28/5)" type="pylint Error"><![CDATA[truelearn_experiments/hybrid_model.py:430: [too-many-arguments(pylint), hybrid_truelearn_model] Too many arguments (28/5)]]></error>
	</testcase>
	<testcase name="truelearn_experiments/hybrid_model.py-430">
		<error message="Too many local variables (47/15)" type="pylint Error"><![CDATA[truelearn_experiments/hybrid_model.py:430: [too-many-locals(pylint), hybrid_truelearn_model] Too many local variables (47/15)]]></error>
	</testcase>
	<testcase name="truelearn_experiments/hybrid_model.py-461">
		<error message="Use isinstance() rather than type() for a typecheck." type="pylint Error"><![CDATA[truelearn_experiments/hybrid_model.py:461: [unidiomatic-typecheck(pylint), hybrid_truelearn_model] Use isinstance() rather than type() for a typecheck.]]></error>
	</testcase>
	<testcase name="truelearn_experiments/hybrid_model.py-550">
		<error message="Too many arguments (33/5)" type="pylint Error"><![CDATA[truelearn_experiments/hybrid_model.py:550: [too-many-arguments(pylint), truelearn_novelq_model] Too many arguments (33/5)]]></error>
	</testcase>
	<testcase name="truelearn_experiments/hybrid_model.py-550">
		<error message="Too many local variables (48/15)" type="pylint Error"><![CDATA[truelearn_experiments/hybrid_model.py:550: [too-many-locals(pylint), truelearn_novelq_model] Too many local variables (48/15)]]></error>
	</testcase>
	<testcase name="truelearn_experiments/hybrid_model.py-550">
		<error message="Unused argument 'i_def_var'" type="pylint Error"><![CDATA[truelearn_experiments/hybrid_model.py:550: [unused-argument(pylint), truelearn_novelq_model] Unused argument 'i_def_var']]></error>
	</testcase>
	<testcase name="truelearn_experiments/hybrid_model.py-550">
		<error message="Unused argument 'tau'" type="pylint Error"><![CDATA[truelearn_experiments/hybrid_model.py:550: [unused-argument(pylint), truelearn_novelq_model] Unused argument 'tau']]></error>
	</testcase>
	<testcase name="truelearn_experiments/hybrid_model.py-550">
		<error message="Unused argument 'i_beta_sqr'" type="pylint Error"><![CDATA[truelearn_experiments/hybrid_model.py:550: [unused-argument(pylint), truelearn_novelq_model] Unused argument 'i_beta_sqr']]></error>
	</testcase>
	<testcase name="truelearn_experiments/hybrid_model.py-554">
		<error message="Unused argument 'prob_combine_type'" type="pylint Error"><![CDATA[truelearn_experiments/hybrid_model.py:554: [unused-argument(pylint), truelearn_novelq_model] Unused argument 'prob_combine_type']]></error>
	</testcase>
	<testcase name="truelearn_experiments/hybrid_model.py-554">
		<error message="Unused argument 'know_prob'" type="pylint Error"><![CDATA[truelearn_experiments/hybrid_model.py:554: [unused-argument(pylint), truelearn_novelq_model] Unused argument 'know_prob']]></error>
	</testcase>
	<testcase name="truelearn_experiments/hybrid_model.py-554">
		<error message="Unused argument 'i_topics'" type="pylint Error"><![CDATA[truelearn_experiments/hybrid_model.py:554: [unused-argument(pylint), truelearn_novelq_model] Unused argument 'i_topics']]></error>
	</testcase>
	<testcase name="truelearn_experiments/hybrid_model.py-555">
		<error message="Unused argument 'quality_type'" type="pylint Error"><![CDATA[truelearn_experiments/hybrid_model.py:555: [unused-argument(pylint), truelearn_novelq_model] Unused argument 'quality_type']]></error>
	</testcase>
	<testcase name="truelearn_experiments/hybrid_model.py-556">
		<error message="Unused argument 'freq_agg'" type="pylint Error"><![CDATA[truelearn_experiments/hybrid_model.py:556: [unused-argument(pylint), truelearn_novelq_model] Unused argument 'freq_agg']]></error>
	</testcase>
	<testcase name="truelearn_experiments/hybrid_model.py-556">
		<error message="Unused argument 'weighted'" type="pylint Error"><![CDATA[truelearn_experiments/hybrid_model.py:556: [unused-argument(pylint), truelearn_novelq_model] Unused argument 'weighted']]></error>
	</testcase>
	<testcase name="truelearn_experiments/hybrid_model.py-573">
		<error message="Use isinstance() rather than type() for a typecheck." type="pylint Error"><![CDATA[truelearn_experiments/hybrid_model.py:573: [unidiomatic-typecheck(pylint), truelearn_novelq_model] Use isinstance() rather than type() for a typecheck.]]></error>
	</testcase>
	<testcase name="truelearn_experiments/hybrid_model.py-624">
		<error message="Too many arguments (33/5)" type="pylint Error"><![CDATA[truelearn_experiments/hybrid_model.py:624: [too-many-arguments(pylint), qink_truelearn_model] Too many arguments (33/5)]]></error>
	</testcase>
	<testcase name="truelearn_experiments/hybrid_model.py-624">
		<error message="Too many local variables (53/15)" type="pylint Error"><![CDATA[truelearn_experiments/hybrid_model.py:624: [too-many-locals(pylint), qink_truelearn_model] Too many local variables (53/15)]]></error>
	</testcase>
	<testcase name="truelearn_experiments/hybrid_model.py-629">
		<error message="Unused argument 'quality_type'" type="pylint Error"><![CDATA[truelearn_experiments/hybrid_model.py:629: [unused-argument(pylint), qink_truelearn_model] Unused argument 'quality_type']]></error>
	</testcase>
	<testcase name="truelearn_experiments/hybrid_model.py-656">
		<error message="Use isinstance() rather than type() for a typecheck." type="pylint Error"><![CDATA[truelearn_experiments/hybrid_model.py:656: [unidiomatic-typecheck(pylint), qink_truelearn_model] Use isinstance() rather than type() for a typecheck.]]></error>
	</testcase>
	<testcase name="truelearn_experiments/knowledge_tracing_model.py-6">
		<error message="Unable to import 'analyses.truelearn_experiments.utils'" type="pylint Error"><![CDATA[truelearn_experiments/knowledge_tracing_model.py:6: [import-error(pylint), None] Unable to import 'analyses.truelearn_experiments.utils']]></error>
	</testcase>
	<testcase name="truelearn_experiments/knowledge_tracing_model.py-9">
		<error message="Too many local variables (22/15)" type="pylint Error"><![CDATA[truelearn_experiments/knowledge_tracing_model.py:9: [too-many-locals(pylint), train_joint_probability] Too many local variables (22/15)]]></error>
	</testcase>
	<testcase name="truelearn_experiments/knowledge_tracing_model.py-94">
		<error message="Too many local variables (18/15)" type="pylint Error"><![CDATA[truelearn_experiments/knowledge_tracing_model.py:94: [too-many-locals(pylint), predict_joint_probability] Too many local variables (18/15)]]></error>
	</testcase>
	<testcase name="truelearn_experiments/knowledge_tracing_model.py-109">
		<error message="Unused variable 'relevant_skills'" type="pylint Error"><![CDATA[truelearn_experiments/knowledge_tracing_model.py:109: [unused-variable(pylint), predict_joint_probability] Unused variable 'relevant_skills']]></error>
	</testcase>
	<testcase name="truelearn_experiments/knowledge_tracing_model.py-153">
		<error message="Too many arguments (11/5)" type="pylint Error"><![CDATA[truelearn_experiments/knowledge_tracing_model.py:153: [too-many-arguments(pylint), predict_and_model_kt_model] Too many arguments (11/5)]]></error>
	</testcase>
	<testcase name="truelearn_experiments/knowledge_tracing_model.py-153">
		<error message="Too many local variables (34/15)" type="pylint Error"><![CDATA[truelearn_experiments/knowledge_tracing_model.py:153: [too-many-locals(pylint), predict_and_model_kt_model] Too many local variables (34/15)]]></error>
	</testcase>
	<testcase name="truelearn_experiments/knowledge_tracing_model.py-159">
		<error message="Unused variable 'rel_topics'" type="pylint Error"><![CDATA[truelearn_experiments/knowledge_tracing_model.py:159: [unused-variable(pylint), predict_and_model_kt_model] Unused variable 'rel_topics']]></error>
	</testcase>
	<testcase name="truelearn_experiments/knowledge_tracing_model.py-163">
		<error message="Unused variable 'user_id'" type="pylint Error"><![CDATA[truelearn_experiments/knowledge_tracing_model.py:163: [unused-variable(pylint), predict_and_model_kt_model] Unused variable 'user_id']]></error>
	</testcase>
	<testcase name="truelearn_experiments/knowledge_tracing_model.py-230">
		<error message="Too many arguments (9/5)" type="pylint Error"><![CDATA[truelearn_experiments/knowledge_tracing_model.py:230: [too-many-arguments(pylint), knowledge_tracing_model] Too many arguments (9/5)]]></error>
	</testcase>
	<testcase name="truelearn_experiments/knowledge_tracing_model.py-230">
		<error message="Too many local variables (21/15)" type="pylint Error"><![CDATA[truelearn_experiments/knowledge_tracing_model.py:230: [too-many-locals(pylint), knowledge_tracing_model] Too many local variables (21/15)]]></error>
	</testcase>
	<testcase name="truelearn_experiments/run_experiments.py-6">
		<error message="Unable to import 'analyses.truelearn_experiments.baseline_models'" type="pylint Error"><![CDATA[truelearn_experiments/run_experiments.py:6: [import-error(pylint), None] Unable to import 'analyses.truelearn_experiments.baseline_models']]></error>
	</testcase>
	<testcase name="truelearn_experiments/run_experiments.py-8">
		<error message="Unable to import 'analyses.truelearn_experiments.baseline_recommender_models'" type="pylint Error"><![CDATA[truelearn_experiments/run_experiments.py:8: [import-error(pylint), None] Unable to import 'analyses.truelearn_experiments.baseline_recommender_models']]></error>
	</testcase>
	<testcase name="truelearn_experiments/run_experiments.py-11">
		<error message="Unable to import 'analyses.truelearn_experiments.hybrid_model'" type="pylint Error"><![CDATA[truelearn_experiments/run_experiments.py:11: [import-error(pylint), None] Unable to import 'analyses.truelearn_experiments.hybrid_model']]></error>
	</testcase>
	<testcase name="truelearn_experiments/run_experiments.py-13">
		<error message="Unable to import 'analyses.truelearn_experiments.semantic_truelearn.data_preperation.generate_concept_frequencies'" type="pylint Error"><![CDATA[truelearn_experiments/run_experiments.py:13: [import-error(pylint), None] Unable to import 'analyses.truelearn_experiments.semantic_truelearn.data_preperation.generate_concept_frequencies']]></error>
	</testcase>
	<testcase name="truelearn_experiments/run_experiments.py-15">
		<error message="Unable to import 'analyses.truelearn_experiments.semantic_truelearn.data_preperation.generate_lecture_transitions_mapping'" type="pylint Error"><![CDATA[truelearn_experiments/run_experiments.py:15: [import-error(pylint), None] Unable to import 'analyses.truelearn_experiments.semantic_truelearn.data_preperation.generate_lecture_transitions_mapping']]></error>
	</testcase>
	<testcase name="truelearn_experiments/run_experiments.py-17">
		<error message="Unable to import 'analyses.truelearn_experiments.trueknowledge_recommender_models'" type="pylint Error"><![CDATA[truelearn_experiments/run_experiments.py:17: [import-error(pylint), None] Unable to import 'analyses.truelearn_experiments.trueknowledge_recommender_models']]></error>
	</testcase>
	<testcase name="truelearn_experiments/run_experiments.py-20">
		<error message="Unable to import 'analyses.truelearn_experiments.knowledge_tracing_model'" type="pylint Error"><![CDATA[truelearn_experiments/run_experiments.py:20: [import-error(pylint), None] Unable to import 'analyses.truelearn_experiments.knowledge_tracing_model']]></error>
	</testcase>
	<testcase name="truelearn_experiments/run_experiments.py-21">
		<error message="Unable to import 'analyses.truelearn_experiments.utils'" type="pylint Error"><![CDATA[truelearn_experiments/run_experiments.py:21: [import-error(pylint), None] Unable to import 'analyses.truelearn_experiments.utils']]></error>
	</testcase>
	<testcase name="truelearn_experiments/run_experiments.py-22">
		<error message="Unable to import 'lib.spark_context'" type="pylint Error"><![CDATA[truelearn_experiments/run_experiments.py:22: [import-error(pylint), None] Unable to import 'lib.spark_context']]></error>
	</testcase>
	<testcase name="truelearn_experiments/run_experiments.py-32">
		<error message="_get_eval_func is too complex (22)" type="mccabe Error"><![CDATA[truelearn_experiments/run_experiments.py:32: [MC0001(mccabe), _get_eval_func] _get_eval_func is too complex (22)]]></error>
	</testcase>
	<testcase name="truelearn_experiments/run_experiments.py-32">
		<error message="Either all return statements in a function should return an expression, or none of them should." type="pylint Error"><![CDATA[truelearn_experiments/run_experiments.py:32: [inconsistent-return-statements(pylint), _get_eval_func] Either all return statements in a function should return an expression, or none of them should.]]></error>
	</testcase>
	<testcase name="truelearn_experiments/run_experiments.py-32">
		<error message="Too many arguments (33/5)" type="pylint Error"><![CDATA[truelearn_experiments/run_experiments.py:32: [too-many-arguments(pylint), _get_eval_func] Too many arguments (33/5)]]></error>
	</testcase>
	<testcase name="truelearn_experiments/run_experiments.py-32">
		<error message="Too many local variables (55/15)" type="pylint Error"><![CDATA[truelearn_experiments/run_experiments.py:32: [too-many-locals(pylint), _get_eval_func] Too many local variables (55/15)]]></error>
	</testcase>
	<testcase name="truelearn_experiments/run_experiments.py-32">
		<error message="Unused argument 'engage_func'" type="pylint Error"><![CDATA[truelearn_experiments/run_experiments.py:32: [unused-argument(pylint), _get_eval_func] Unused argument 'engage_func']]></error>
	</testcase>
	<testcase name="truelearn_experiments/run_experiments.py-39">
		<error message="Unnecessary &quot;elif&quot; after &quot;return&quot;, remove the leading &quot;el&quot; from &quot;elif&quot;" type="pylint Error"><![CDATA[truelearn_experiments/run_experiments.py:39: [no-else-return(pylint), _get_eval_func] Unnecessary "elif" after "return", remove the leading "el" from "elif"]]></error>
	</testcase>
	<testcase name="truelearn_experiments/run_experiments.py-338">
		<error message="main is too complex (24)" type="mccabe Error"><![CDATA[truelearn_experiments/run_experiments.py:338: [MC0001(mccabe), main] main is too complex (24)]]></error>
	</testcase>
	<testcase name="truelearn_experiments/run_experiments.py-338">
		<error message="Too many local variables (17/15)" type="pylint Error"><![CDATA[truelearn_experiments/run_experiments.py:338: [too-many-locals(pylint), main] Too many local variables (17/15)]]></error>
	</testcase>
	<testcase name="truelearn_experiments/run_experiments.py-344">
		<error message="Formatting a regular string which could be a f-string" type="pylint Error"><![CDATA[truelearn_experiments/run_experiments.py:344: [consider-using-f-string(pylint), main] Formatting a regular string which could be a f-string]]></error>
	</testcase>
	<testcase name="truelearn_experiments/run_experiments.py-540">
		<error message="Redefining built-in 'id'" type="pylint Error"><![CDATA[truelearn_experiments/run_experiments.py:540: [redefined-builtin(pylint), main] Redefining built-in 'id']]></error>
	</testcase>
	<testcase name="truelearn_experiments/run_experiments.py-544">
		<error message="Formatting a regular string which could be a f-string" type="pylint Error"><![CDATA[truelearn_experiments/run_experiments.py:544: [consider-using-f-string(pylint), main] Formatting a regular string which could be a f-string]]></error>
	</testcase>
	<testcase name="truelearn_experiments/run_experiments.py-555">
		<error message="Import outside toplevel (sys)" type="pylint Error"><![CDATA[truelearn_experiments/run_experiments.py:555: [import-outside-toplevel(pylint), main] Import outside toplevel (sys)]]></error>
	</testcase>
	<testcase name="truelearn_experiments/run_experiments.py-581">
		<error message="Using open without explicitly specifying an encoding" type="pylint Error"><![CDATA[truelearn_experiments/run_experiments.py:581: [unspecified-encoding(pylint), main] Using open without explicitly specifying an encoding]]></error>
	</testcase>
	<testcase name="truelearn_experiments/run_experiments.py-588">
		<error message="String statement has no effect" type="pylint Error"><![CDATA[truelearn_experiments/run_experiments.py:588: [pointless-string-statement(pylint), None] String statement has no effect]]></error>
	</testcase>
	<testcase name="truelearn_experiments/run_experiments_seq.py-4">
		<error message="Unable to import 'mpmath'" type="pylint Error"><![CDATA[truelearn_experiments/run_experiments_seq.py:4: [import-error(pylint), None] Unable to import 'mpmath']]></error>
	</testcase>
	<testcase name="truelearn_experiments/run_experiments_seq.py-5">
		<error message="Unable to import 'trueskill'" type="pylint Error"><![CDATA[truelearn_experiments/run_experiments_seq.py:5: [import-error(pylint), None] Unable to import 'trueskill']]></error>
	</testcase>
	<testcase name="truelearn_experiments/run_experiments_seq.py-11">
		<error message="Unable to import 'analyses.truelearn_experiments.utils'" type="pylint Error"><![CDATA[truelearn_experiments/run_experiments_seq.py:11: [import-error(pylint), None] Unable to import 'analyses.truelearn_experiments.utils']]></error>
	</testcase>
	<testcase name="truelearn_experiments/run_experiments_seq.py-11">
		<error message="Unused get_videowise_data imported from analyses.truelearn_experiments.utils" type="pylint Error"><![CDATA[truelearn_experiments/run_experiments_seq.py:11: [unused-import(pylint), None] Unused get_videowise_data imported from analyses.truelearn_experiments.utils]]></error>
	</testcase>
	<testcase name="truelearn_experiments/run_experiments_seq.py-14">
		<error message="Unable to import 'lib.spark_context'" type="pylint Error"><![CDATA[truelearn_experiments/run_experiments_seq.py:14: [import-error(pylint), None] Unable to import 'lib.spark_context']]></error>
	</testcase>
	<testcase name="truelearn_experiments/run_experiments_seq.py-24">
		<error message="Too many local variables (31/15)" type="pylint Error"><![CDATA[truelearn_experiments/run_experiments_seq.py:24: [too-many-locals(pylint), get_accuracy_values] Too many local variables (31/15)]]></error>
	</testcase>
	<testcase name="truelearn_experiments/run_experiments_seq.py-95">
		<error message="Too many arguments (8/5)" type="pylint Error"><![CDATA[truelearn_experiments/run_experiments_seq.py:95: [too-many-arguments(pylint), get_sr_enabled_params] Too many arguments (8/5)]]></error>
	</testcase>
	<testcase name="truelearn_experiments/run_experiments_seq.py-103">
		<error message="Too many arguments (16/5)" type="pylint Error"><![CDATA[truelearn_experiments/run_experiments_seq.py:103: [too-many-arguments(pylint), predict_and_model] Too many arguments (16/5)]]></error>
	</testcase>
	<testcase name="truelearn_experiments/run_experiments_seq.py-103">
		<error message="Too many branches (18/15)" type="pylint Error"><![CDATA[truelearn_experiments/run_experiments_seq.py:103: [too-many-branches(pylint), predict_and_model] Too many branches (18/15)]]></error>
	</testcase>
	<testcase name="truelearn_experiments/run_experiments_seq.py-103">
		<error message="Too many local variables (63/15)" type="pylint Error"><![CDATA[truelearn_experiments/run_experiments_seq.py:103: [too-many-locals(pylint), predict_and_model] Too many local variables (63/15)]]></error>
	</testcase>
	<testcase name="truelearn_experiments/run_experiments_seq.py-103">
		<error message="Too many statements (90/60)" type="pylint Error"><![CDATA[truelearn_experiments/run_experiments_seq.py:103: [too-many-statements(pylint), predict_and_model] Too many statements (90/60)]]></error>
	</testcase>
	<testcase name="truelearn_experiments/run_experiments_seq.py-147">
		<error message="Consider using [] instead of list()" type="pylint Error"><![CDATA[truelearn_experiments/run_experiments_seq.py:147: [use-list-literal(pylint), predict_and_model] Consider using [] instead of list()]]></error>
	</testcase>
	<testcase name="truelearn_experiments/run_experiments_seq.py-149">
		<error message="Consider using [] instead of list()" type="pylint Error"><![CDATA[truelearn_experiments/run_experiments_seq.py:149: [use-list-literal(pylint), predict_and_model] Consider using [] instead of list()]]></error>
	</testcase>
	<testcase name="truelearn_experiments/run_experiments_seq.py-150">
		<error message="Consider using [] instead of list()" type="pylint Error"><![CDATA[truelearn_experiments/run_experiments_seq.py:150: [use-list-literal(pylint), predict_and_model] Consider using [] instead of list()]]></error>
	</testcase>
	<testcase name="truelearn_experiments/run_experiments_seq.py-155">
		<error message="Consider using [] instead of list()" type="pylint Error"><![CDATA[truelearn_experiments/run_experiments_seq.py:155: [use-list-literal(pylint), predict_and_model] Consider using [] instead of list()]]></error>
	</testcase>
	<testcase name="truelearn_experiments/run_experiments_seq.py-157">
		<error message="Consider using [] instead of list()" type="pylint Error"><![CDATA[truelearn_experiments/run_experiments_seq.py:157: [use-list-literal(pylint), predict_and_model] Consider using [] instead of list()]]></error>
	</testcase>
	<testcase name="truelearn_experiments/run_experiments_seq.py-158">
		<error message="Consider using [] instead of list()" type="pylint Error"><![CDATA[truelearn_experiments/run_experiments_seq.py:158: [use-list-literal(pylint), predict_and_model] Consider using [] instead of list()]]></error>
	</testcase>
	<testcase name="truelearn_experiments/run_experiments_seq.py-178">
		<error message="local variable '_topic' is assigned to but never used" type="pyflakes Error"><![CDATA[truelearn_experiments/run_experiments_seq.py:178: [F841(pyflakes), None] local variable '_topic' is assigned to but never used]]></error>
	</testcase>
	<testcase name="truelearn_experiments/run_experiments_seq.py-220">
		<error message="Unused variable 'tmp_content_skill'" type="pylint Error"><![CDATA[truelearn_experiments/run_experiments_seq.py:220: [unused-variable(pylint), predict_and_model] Unused variable 'tmp_content_skill']]></error>
	</testcase>
	<testcase name="truelearn_experiments/run_experiments_seq.py-260">
		<error message="Unused variable 'new_team_content'" type="pylint Error"><![CDATA[truelearn_experiments/run_experiments_seq.py:260: [unused-variable(pylint), predict_and_model] Unused variable 'new_team_content']]></error>
	</testcase>
	<testcase name="truelearn_experiments/run_experiments_seq.py-295">
		<error message="Too many arguments (13/5)" type="pylint Error"><![CDATA[truelearn_experiments/run_experiments_seq.py:295: [too-many-arguments(pylint), fit_model] Too many arguments (13/5)]]></error>
	</testcase>
	<testcase name="truelearn_experiments/run_experiments_seq.py-295">
		<error message="Too many local variables (34/15)" type="pylint Error"><![CDATA[truelearn_experiments/run_experiments_seq.py:295: [too-many-locals(pylint), fit_model] Too many local variables (34/15)]]></error>
	</testcase>
	<testcase name="truelearn_experiments/run_experiments_seq.py-344">
		<error message="Consider iterating with .items()" type="pylint Error"><![CDATA[truelearn_experiments/run_experiments_seq.py:344: [consider-using-dict-items(pylint), fit_model] Consider iterating with .items()]]></error>
	</testcase>
	<testcase name="truelearn_experiments/run_experiments_seq.py-389">
		<error message="String statement has no effect" type="pylint Error"><![CDATA[truelearn_experiments/run_experiments_seq.py:389: [pointless-string-statement(pylint), None] String statement has no effect]]></error>
	</testcase>
	<testcase name="truelearn_experiments/semantic_truelearn/data_preperation/add_truelearn_wikipedia_ids.py-1">
		<error message="Unable to import 'analyses.truelearn_experiments.semantic_truelearn.data_preperation.get_all_topics_for_user'" type="pylint Error"><![CDATA[truelearn_experiments/semantic_truelearn/data_preperation/add_truelearn_wikipedia_ids.py:1: [import-error(pylint), None] Unable to import 'analyses.truelearn_experiments.semantic_truelearn.data_preperation.get_all_topics_for_user']]></error>
	</testcase>
	<testcase name="truelearn_experiments/semantic_truelearn/data_preperation/add_truelearn_wikipedia_ids.py-2">
		<error message="Unable to import 'lib.spark_context'" type="pylint Error"><![CDATA[truelearn_experiments/semantic_truelearn/data_preperation/add_truelearn_wikipedia_ids.py:2: [import-error(pylint), None] Unable to import 'lib.spark_context']]></error>
	</testcase>
	<testcase name="truelearn_experiments/semantic_truelearn/data_preperation/add_truelearn_wikipedia_ids.py-28">
		<error message="Module 'ujson' has no 'loads' member, but source is unavailable. Consider adding this module to extension-pkg-allow-list if you want to perform analysis based on run-time introspection of living objects." type="pylint Error"><![CDATA[truelearn_experiments/semantic_truelearn/data_preperation/add_truelearn_wikipedia_ids.py:28: [c-extension-no-member(pylint), main] Module 'ujson' has no 'loads' member, but source is unavailable. Consider adding this module to extension-pkg-allow-list if you want to perform analysis based on run-time introspection of living objects.]]></error>
	</testcase>
	<testcase name="truelearn_experiments/semantic_truelearn/data_preperation/add_truelearn_wikipedia_ids.py-30">
		<error message="Module 'ujson' has no 'dumps' member, but source is unavailable. Consider adding this module to extension-pkg-allow-list if you want to perform analysis based on run-time introspection of living objects." type="pylint Error"><![CDATA[truelearn_experiments/semantic_truelearn/data_preperation/add_truelearn_wikipedia_ids.py:30: [c-extension-no-member(pylint), main] Module 'ujson' has no 'dumps' member, but source is unavailable. Consider adding this module to extension-pkg-allow-list if you want to perform analysis based on run-time introspection of living objects.]]></error>
	</testcase>
	<testcase name="truelearn_experiments/semantic_truelearn/data_preperation/add_truelearn_wikipedia_ids.py-36">
		<error message="String statement has no effect" type="pylint Error"><![CDATA[truelearn_experiments/semantic_truelearn/data_preperation/add_truelearn_wikipedia_ids.py:36: [pointless-string-statement(pylint), None] String statement has no effect]]></error>
	</testcase>
	<testcase name="truelearn_experiments/semantic_truelearn/data_preperation/add_truelearn_wikipedia_ids.py-54">
		<error message="Assigning result of a function call, where the function has no return" type="pylint Error"><![CDATA[truelearn_experiments/semantic_truelearn/data_preperation/add_truelearn_wikipedia_ids.py:54: [assignment-from-no-return(pylint), None] Assigning result of a function call, where the function has no return]]></error>
	</testcase>
	<testcase name="truelearn_experiments/semantic_truelearn/data_preperation/generate_concept_frequencies.py-6">
		<error message="Unable to import 'analyses.truelearn_experiments.utils'" type="pylint Error"><![CDATA[truelearn_experiments/semantic_truelearn/data_preperation/generate_concept_frequencies.py:6: [import-error(pylint), make_concept_counts] Unable to import 'analyses.truelearn_experiments.utils']]></error>
	</testcase>
	<testcase name="truelearn_experiments/semantic_truelearn/data_preperation/generate_concept_frequencies.py-6">
		<error message="Import outside toplevel (analyses.truelearn_experiments.utils.get_topic_dict)" type="pylint Error"><![CDATA[truelearn_experiments/semantic_truelearn/data_preperation/generate_concept_frequencies.py:6: [import-outside-toplevel(pylint), make_concept_counts] Import outside toplevel (analyses.truelearn_experiments.utils.get_topic_dict)]]></error>
	</testcase>
	<testcase name="truelearn_experiments/semantic_truelearn/data_preperation/generate_concept_frequencies.py-16">
		<error message="Unable to import 'lib.spark_context'" type="pylint Error"><![CDATA[truelearn_experiments/semantic_truelearn/data_preperation/generate_concept_frequencies.py:16: [import-error(pylint), get_document_frequency_mapping] Unable to import 'lib.spark_context']]></error>
	</testcase>
	<testcase name="truelearn_experiments/semantic_truelearn/data_preperation/generate_concept_frequencies.py-16">
		<error message="Import outside toplevel (lib.spark_context.get_spark_context)" type="pylint Error"><![CDATA[truelearn_experiments/semantic_truelearn/data_preperation/generate_concept_frequencies.py:16: [import-outside-toplevel(pylint), get_document_frequency_mapping] Import outside toplevel (lib.spark_context.get_spark_context)]]></error>
	</testcase>
	<testcase name="truelearn_experiments/semantic_truelearn/data_preperation/generate_concept_frequencies.py-17">
		<error message="Unable to import 'analyses.truelearn_experiments.run_experiments'" type="pylint Error"><![CDATA[truelearn_experiments/semantic_truelearn/data_preperation/generate_concept_frequencies.py:17: [import-error(pylint), get_document_frequency_mapping] Unable to import 'analyses.truelearn_experiments.run_experiments']]></error>
	</testcase>
	<testcase name="truelearn_experiments/semantic_truelearn/data_preperation/generate_concept_frequencies.py-17">
		<error message="Import outside toplevel (analyses.truelearn_experiments.run_experiments.MIN_NUM_EVENTS)" type="pylint Error"><![CDATA[truelearn_experiments/semantic_truelearn/data_preperation/generate_concept_frequencies.py:17: [import-outside-toplevel(pylint), get_document_frequency_mapping] Import outside toplevel (analyses.truelearn_experiments.run_experiments.MIN_NUM_EVENTS)]]></error>
	</testcase>
	<testcase name="truelearn_experiments/semantic_truelearn/data_preperation/generate_concept_frequencies.py-18">
		<error message="Unable to import 'analyses.truelearn_experiments.utils'" type="pylint Error"><![CDATA[truelearn_experiments/semantic_truelearn/data_preperation/generate_concept_frequencies.py:18: [import-error(pylint), get_document_frequency_mapping] Unable to import 'analyses.truelearn_experiments.utils']]></error>
	</testcase>
	<testcase name="truelearn_experiments/semantic_truelearn/data_preperation/generate_concept_frequencies.py-18">
		<error message="Import outside toplevel (analyses.truelearn_experiments.utils.convert_to_records)" type="pylint Error"><![CDATA[truelearn_experiments/semantic_truelearn/data_preperation/generate_concept_frequencies.py:18: [import-outside-toplevel(pylint), get_document_frequency_mapping] Import outside toplevel (analyses.truelearn_experiments.utils.convert_to_records)]]></error>
	</testcase>
	<testcase name="truelearn_experiments/semantic_truelearn/data_preperation/generate_concept_frequencies.py-45">
		<error message="Using open without explicitly specifying an encoding" type="pylint Error"><![CDATA[truelearn_experiments/semantic_truelearn/data_preperation/generate_concept_frequencies.py:45: [unspecified-encoding(pylint), main] Using open without explicitly specifying an encoding]]></error>
	</testcase>
	<testcase name="truelearn_experiments/semantic_truelearn/data_preperation/generate_concept_frequencies.py-50">
		<error message="String statement has no effect" type="pylint Error"><![CDATA[truelearn_experiments/semantic_truelearn/data_preperation/generate_concept_frequencies.py:50: [pointless-string-statement(pylint), None] String statement has no effect]]></error>
	</testcase>
	<testcase name="truelearn_experiments/semantic_truelearn/data_preperation/generate_intertopic_correlation.py-6">
		<error message="Unable to import 'analyses.truelearn_experiments.utils'" type="pylint Error"><![CDATA[truelearn_experiments/semantic_truelearn/data_preperation/generate_intertopic_correlation.py:6: [import-error(pylint), None] Unable to import 'analyses.truelearn_experiments.utils']]></error>
	</testcase>
	<testcase name="truelearn_experiments/semantic_truelearn/data_preperation/generate_intertopic_correlation.py-7">
		<error message="Unable to import 'lib.api'" type="pylint Error"><![CDATA[truelearn_experiments/semantic_truelearn/data_preperation/generate_intertopic_correlation.py:7: [import-error(pylint), None] Unable to import 'lib.api']]></error>
	</testcase>
	<testcase name="truelearn_experiments/semantic_truelearn/data_preperation/generate_intertopic_correlation.py-8">
		<error message="Unable to import 'lib.spark_context'" type="pylint Error"><![CDATA[truelearn_experiments/semantic_truelearn/data_preperation/generate_intertopic_correlation.py:8: [import-error(pylint), None] Unable to import 'lib.spark_context']]></error>
	</testcase>
	<testcase name="truelearn_experiments/semantic_truelearn/data_preperation/generate_intertopic_correlation.py-48">
		<error message="Formatting a regular string which could be a f-string" type="pylint Error"><![CDATA[truelearn_experiments/semantic_truelearn/data_preperation/generate_intertopic_correlation.py:48: [consider-using-f-string(pylint), main] Formatting a regular string which could be a f-string]]></error>
	</testcase>
	<testcase name="truelearn_experiments/semantic_truelearn/data_preperation/generate_intertopic_correlation.py-73">
		<error message="Module 'ujson' has no 'dumps' member, but source is unavailable. Consider adding this module to extension-pkg-allow-list if you want to perform analysis based on run-time introspection of living objects." type="pylint Error"><![CDATA[truelearn_experiments/semantic_truelearn/data_preperation/generate_intertopic_correlation.py:73: [c-extension-no-member(pylint), main] Module 'ujson' has no 'dumps' member, but source is unavailable. Consider adding this module to extension-pkg-allow-list if you want to perform analysis based on run-time introspection of living objects.]]></error>
	</testcase>
	<testcase name="truelearn_experiments/semantic_truelearn/data_preperation/generate_intertopic_correlation.py-80">
		<error message="String statement has no effect" type="pylint Error"><![CDATA[truelearn_experiments/semantic_truelearn/data_preperation/generate_intertopic_correlation.py:80: [pointless-string-statement(pylint), None] String statement has no effect]]></error>
	</testcase>
	<testcase name="truelearn_experiments/semantic_truelearn/data_preperation/generate_lecture_transitions_mapping.py-2">
		<error message="Unused import os" type="pylint Error"><![CDATA[truelearn_experiments/semantic_truelearn/data_preperation/generate_lecture_transitions_mapping.py:2: [unused-import(pylint), None] Unused import os]]></error>
	</testcase>
	<testcase name="truelearn_experiments/semantic_truelearn/data_preperation/generate_lecture_transitions_mapping.py-5">
		<error message="Unable to import 'analyses.truelearn_experiments.utils'" type="pylint Error"><![CDATA[truelearn_experiments/semantic_truelearn/data_preperation/generate_lecture_transitions_mapping.py:5: [import-error(pylint), None] Unable to import 'analyses.truelearn_experiments.utils']]></error>
	</testcase>
	<testcase name="truelearn_experiments/semantic_truelearn/data_preperation/generate_lecture_transitions_mapping.py-6">
		<error message="Unable to import 'lib.spark_context'" type="pylint Error"><![CDATA[truelearn_experiments/semantic_truelearn/data_preperation/generate_lecture_transitions_mapping.py:6: [import-error(pylint), None] Unable to import 'lib.spark_context']]></error>
	</testcase>
	<testcase name="truelearn_experiments/semantic_truelearn/data_preperation/generate_lecture_transitions_mapping.py-26">
		<error message="Unable to import 'analyses.truelearn_experiments.run_experiments'" type="pylint Error"><![CDATA[truelearn_experiments/semantic_truelearn/data_preperation/generate_lecture_transitions_mapping.py:26: [import-error(pylint), get_lecture_transition] Unable to import 'analyses.truelearn_experiments.run_experiments']]></error>
	</testcase>
	<testcase name="truelearn_experiments/semantic_truelearn/data_preperation/generate_lecture_transitions_mapping.py-26">
		<error message="Import outside toplevel (analyses.truelearn_experiments.run_experiments.MIN_NUM_EVENTS)" type="pylint Error"><![CDATA[truelearn_experiments/semantic_truelearn/data_preperation/generate_lecture_transitions_mapping.py:26: [import-outside-toplevel(pylint), get_lecture_transition] Import outside toplevel (analyses.truelearn_experiments.run_experiments.MIN_NUM_EVENTS)]]></error>
	</testcase>
	<testcase name="truelearn_experiments/semantic_truelearn/data_preperation/generate_required_semantic_relatedness_measures.py-5">
		<error message="Unable to import 'analyses.truelearn_experiments.utils'" type="pylint Error"><![CDATA[truelearn_experiments/semantic_truelearn/data_preperation/generate_required_semantic_relatedness_measures.py:5: [import-error(pylint), None] Unable to import 'analyses.truelearn_experiments.utils']]></error>
	</testcase>
	<testcase name="truelearn_experiments/semantic_truelearn/data_preperation/generate_required_semantic_relatedness_measures.py-5">
		<error message="Unused vectorise_data imported from analyses.truelearn_experiments.utils" type="pylint Error"><![CDATA[truelearn_experiments/semantic_truelearn/data_preperation/generate_required_semantic_relatedness_measures.py:5: [unused-import(pylint), None] Unused vectorise_data imported from analyses.truelearn_experiments.utils]]></error>
	</testcase>
	<testcase name="truelearn_experiments/semantic_truelearn/data_preperation/generate_required_semantic_relatedness_measures.py-6">
		<error message="Unable to import 'lib.spark_context'" type="pylint Error"><![CDATA[truelearn_experiments/semantic_truelearn/data_preperation/generate_required_semantic_relatedness_measures.py:6: [import-error(pylint), None] Unable to import 'lib.spark_context']]></error>
	</testcase>
	<testcase name="truelearn_experiments/semantic_truelearn/data_preperation/generate_required_semantic_relatedness_measures.py-80">
		<error message="Module 'ujson' has no 'dumps' member, but source is unavailable. Consider adding this module to extension-pkg-allow-list if you want to perform analysis based on run-time introspection of living objects." type="pylint Error"><![CDATA[truelearn_experiments/semantic_truelearn/data_preperation/generate_required_semantic_relatedness_measures.py:80: [c-extension-no-member(pylint), main] Module 'ujson' has no 'dumps' member, but source is unavailable. Consider adding this module to extension-pkg-allow-list if you want to perform analysis based on run-time introspection of living objects.]]></error>
	</testcase>
	<testcase name="truelearn_experiments/semantic_truelearn/data_preperation/generate_required_semantic_relatedness_measures.py-87">
		<error message="String statement has no effect" type="pylint Error"><![CDATA[truelearn_experiments/semantic_truelearn/data_preperation/generate_required_semantic_relatedness_measures.py:87: [pointless-string-statement(pylint), None] String statement has no effect]]></error>
	</testcase>
	<testcase name="truelearn_experiments/semantic_truelearn/data_preperation/get_all_topics_for_user.py-5">
		<error message="Unable to import 'analyses.truelearn_experiments.utils'" type="pylint Error"><![CDATA[truelearn_experiments/semantic_truelearn/data_preperation/get_all_topics_for_user.py:5: [import-error(pylint), None] Unable to import 'analyses.truelearn_experiments.utils']]></error>
	</testcase>
	<testcase name="truelearn_experiments/semantic_truelearn/data_preperation/get_all_topics_for_user.py-6">
		<error message="Unable to import 'lib.spark_context'" type="pylint Error"><![CDATA[truelearn_experiments/semantic_truelearn/data_preperation/get_all_topics_for_user.py:6: [import-error(pylint), None] Unable to import 'lib.spark_context']]></error>
	</testcase>
	<testcase name="truelearn_experiments/semantic_truelearn/data_preperation/get_all_topics_for_user.py-28">
		<error message="Formatting a regular string which could be a f-string" type="pylint Error"><![CDATA[truelearn_experiments/semantic_truelearn/data_preperation/get_all_topics_for_user.py:28: [consider-using-f-string(pylint), main] Formatting a regular string which could be a f-string]]></error>
	</testcase>
	<testcase name="truelearn_experiments/semantic_truelearn/data_preperation/get_all_topics_for_user.py-47">
		<error message="Module 'ujson' has no 'dumps' member, but source is unavailable. Consider adding this module to extension-pkg-allow-list if you want to perform analysis based on run-time introspection of living objects." type="pylint Error"><![CDATA[truelearn_experiments/semantic_truelearn/data_preperation/get_all_topics_for_user.py:47: [c-extension-no-member(pylint), main] Module 'ujson' has no 'dumps' member, but source is unavailable. Consider adding this module to extension-pkg-allow-list if you want to perform analysis based on run-time introspection of living objects.]]></error>
	</testcase>
	<testcase name="truelearn_experiments/semantic_truelearn/data_preperation/get_all_topics_for_user.py-52">
		<error message="String statement has no effect" type="pylint Error"><![CDATA[truelearn_experiments/semantic_truelearn/data_preperation/get_all_topics_for_user.py:52: [pointless-string-statement(pylint), None] String statement has no effect]]></error>
	</testcase>
	<testcase name="truelearn_experiments/semantic_truelearn/data_preperation/get_all_topics_for_user.py-73">
		<error message="Assigning result of a function call, where the function has no return" type="pylint Error"><![CDATA[truelearn_experiments/semantic_truelearn/data_preperation/get_all_topics_for_user.py:73: [assignment-from-no-return(pylint), None] Assigning result of a function call, where the function has no return]]></error>
	</testcase>
	<testcase name="truelearn_experiments/semantic_truelearn/diagnostics/_lib/truelearn_models.py-4">
		<error message="Unable to import 'trueskill'" type="pylint Error"><![CDATA[truelearn_experiments/semantic_truelearn/diagnostics/_lib/truelearn_models.py:4: [import-error(pylint), None] Unable to import 'trueskill']]></error>
	</testcase>
	<testcase name="truelearn_experiments/semantic_truelearn/diagnostics/_lib/truelearn_models.py-6">
		<error message="Unable to import 'analyses.truelearn_experiments.trueknowledge_recommender_models'" type="pylint Error"><![CDATA[truelearn_experiments/semantic_truelearn/diagnostics/_lib/truelearn_models.py:6: [import-error(pylint), None] Unable to import 'analyses.truelearn_experiments.trueknowledge_recommender_models']]></error>
	</testcase>
	<testcase name="truelearn_experiments/semantic_truelearn/diagnostics/_lib/truelearn_models.py-8">
		<error message="Unable to import 'analyses.truelearn_experiments.utils'" type="pylint Error"><![CDATA[truelearn_experiments/semantic_truelearn/diagnostics/_lib/truelearn_models.py:8: [import-error(pylint), None] Unable to import 'analyses.truelearn_experiments.utils']]></error>
	</testcase>
	<testcase name="truelearn_experiments/semantic_truelearn/diagnostics/_lib/truelearn_models.py-16">
		<error message="Formatting a regular string which could be a f-string" type="pylint Error"><![CDATA[truelearn_experiments/semantic_truelearn/diagnostics/_lib/truelearn_models.py:16: [consider-using-f-string(pylint), _print_team_stats] Formatting a regular string which could be a f-string]]></error>
	</testcase>
	<testcase name="truelearn_experiments/semantic_truelearn/diagnostics/_lib/truelearn_models.py-18">
		<error message="Formatting a regular string which could be a f-string" type="pylint Error"><![CDATA[truelearn_experiments/semantic_truelearn/diagnostics/_lib/truelearn_models.py:18: [consider-using-f-string(pylint), _print_team_stats] Formatting a regular string which could be a f-string]]></error>
	</testcase>
	<testcase name="truelearn_experiments/semantic_truelearn/diagnostics/_lib/truelearn_models.py-21">
		<error message="Formatting a regular string which could be a f-string" type="pylint Error"><![CDATA[truelearn_experiments/semantic_truelearn/diagnostics/_lib/truelearn_models.py:21: [consider-using-f-string(pylint), _print_team_stats] Formatting a regular string which could be a f-string]]></error>
	</testcase>
	<testcase name="truelearn_experiments/semantic_truelearn/diagnostics/_lib/truelearn_models.py-23">
		<error message="Formatting a regular string which could be a f-string" type="pylint Error"><![CDATA[truelearn_experiments/semantic_truelearn/diagnostics/_lib/truelearn_models.py:23: [consider-using-f-string(pylint), _print_team_stats] Formatting a regular string which could be a f-string]]></error>
	</testcase>
	<testcase name="truelearn_experiments/semantic_truelearn/diagnostics/_lib/truelearn_models.py-28">
		<error message="predict_and_model_truelearn_novel is too complex (20)" type="mccabe Error"><![CDATA[truelearn_experiments/semantic_truelearn/diagnostics/_lib/truelearn_models.py:28: [MC0001(mccabe), predict_and_model_truelearn_novel] predict_and_model_truelearn_novel is too complex (20)]]></error>
	</testcase>
	<testcase name="truelearn_experiments/semantic_truelearn/diagnostics/_lib/truelearn_models.py-28">
		<error message="Too many arguments (18/5)" type="pylint Error"><![CDATA[truelearn_experiments/semantic_truelearn/diagnostics/_lib/truelearn_models.py:28: [too-many-arguments(pylint), predict_and_model_truelearn_novel] Too many arguments (18/5)]]></error>
	</testcase>
	<testcase name="truelearn_experiments/semantic_truelearn/diagnostics/_lib/truelearn_models.py-28">
		<error message="Too many local variables (52/15)" type="pylint Error"><![CDATA[truelearn_experiments/semantic_truelearn/diagnostics/_lib/truelearn_models.py:28: [too-many-locals(pylint), predict_and_model_truelearn_novel] Too many local variables (52/15)]]></error>
	</testcase>
	<testcase name="truelearn_experiments/semantic_truelearn/diagnostics/_lib/truelearn_models.py-50">
		<error message="Formatting a regular string which could be a f-string" type="pylint Error"><![CDATA[truelearn_experiments/semantic_truelearn/diagnostics/_lib/truelearn_models.py:50: [consider-using-f-string(pylint), predict_and_model_truelearn_novel] Formatting a regular string which could be a f-string]]></error>
	</testcase>
	<testcase name="truelearn_experiments/semantic_truelearn/diagnostics/_lib/truelearn_models.py-51">
		<error message="Formatting a regular string which could be a f-string" type="pylint Error"><![CDATA[truelearn_experiments/semantic_truelearn/diagnostics/_lib/truelearn_models.py:51: [consider-using-f-string(pylint), predict_and_model_truelearn_novel] Formatting a regular string which could be a f-string]]></error>
	</testcase>
	<testcase name="truelearn_experiments/semantic_truelearn/diagnostics/_lib/truelearn_models.py-52">
		<error message="Formatting a regular string which could be a f-string" type="pylint Error"><![CDATA[truelearn_experiments/semantic_truelearn/diagnostics/_lib/truelearn_models.py:52: [consider-using-f-string(pylint), predict_and_model_truelearn_novel] Formatting a regular string which could be a f-string]]></error>
	</testcase>
	<testcase name="truelearn_experiments/semantic_truelearn/diagnostics/_lib/truelearn_models.py-72">
		<error message="Formatting a regular string which could be a f-string" type="pylint Error"><![CDATA[truelearn_experiments/semantic_truelearn/diagnostics/_lib/truelearn_models.py:72: [consider-using-f-string(pylint), predict_and_model_truelearn_novel] Formatting a regular string which could be a f-string]]></error>
	</testcase>
	<testcase name="truelearn_experiments/semantic_truelearn/diagnostics/_lib/truelearn_models.py-78">
		<error message="Formatting a regular string which could be a f-string" type="pylint Error"><![CDATA[truelearn_experiments/semantic_truelearn/diagnostics/_lib/truelearn_models.py:78: [consider-using-f-string(pylint), predict_and_model_truelearn_novel] Formatting a regular string which could be a f-string]]></error>
	</testcase>
	<testcase name="truelearn_experiments/semantic_truelearn/diagnostics/_lib/truelearn_models.py-232">
		<error message="Too many arguments (16/5)" type="pylint Error"><![CDATA[truelearn_experiments/semantic_truelearn/diagnostics/_lib/truelearn_models.py:232: [too-many-arguments(pylint), truelearn_novel_model] Too many arguments (16/5)]]></error>
	</testcase>
	<testcase name="truelearn_experiments/semantic_truelearn/diagnostics/_lib/truelearn_models.py-232">
		<error message="Too many local variables (31/15)" type="pylint Error"><![CDATA[truelearn_experiments/semantic_truelearn/diagnostics/_lib/truelearn_models.py:232: [too-many-locals(pylint), truelearn_novel_model] Too many local variables (31/15)]]></error>
	</testcase>
	<testcase name="truelearn_experiments/semantic_truelearn/diagnostics/diagnose_truelearn_novelty_with_user.py-7">
		<error message="Unable to import 'analyses.truelearn_experiments.semantic_truelearn.diagnostics._lib.truelearn_models'" type="pylint Error"><![CDATA[truelearn_experiments/semantic_truelearn/diagnostics/diagnose_truelearn_novelty_with_user.py:7: [import-error(pylint), None] Unable to import 'analyses.truelearn_experiments.semantic_truelearn.diagnostics._lib.truelearn_models']]></error>
	</testcase>
	<testcase name="truelearn_experiments/semantic_truelearn/diagnostics/diagnose_truelearn_novelty_with_user.py-8">
		<error message="Unable to import 'analyses.truelearn_experiments.trueknowledge_recommender_models'" type="pylint Error"><![CDATA[truelearn_experiments/semantic_truelearn/diagnostics/diagnose_truelearn_novelty_with_user.py:8: [import-error(pylint), None] Unable to import 'analyses.truelearn_experiments.trueknowledge_recommender_models']]></error>
	</testcase>
	<testcase name="truelearn_experiments/semantic_truelearn/diagnostics/diagnose_truelearn_novelty_with_user.py-10">
		<error message="Unable to import 'analyses.truelearn_experiments.utils'" type="pylint Error"><![CDATA[truelearn_experiments/semantic_truelearn/diagnostics/diagnose_truelearn_novelty_with_user.py:10: [import-error(pylint), None] Unable to import 'analyses.truelearn_experiments.utils']]></error>
	</testcase>
	<testcase name="truelearn_experiments/semantic_truelearn/diagnostics/diagnose_truelearn_novelty_with_user.py-11">
		<error message="Unable to import 'lib.spark_context'" type="pylint Error"><![CDATA[truelearn_experiments/semantic_truelearn/diagnostics/diagnose_truelearn_novelty_with_user.py:11: [import-error(pylint), None] Unable to import 'lib.spark_context']]></error>
	</testcase>
	<testcase name="truelearn_experiments/semantic_truelearn/diagnostics/diagnose_truelearn_novelty_with_user.py-14">
		<error message="Too many arguments (17/5)" type="pylint Error"><![CDATA[truelearn_experiments/semantic_truelearn/diagnostics/diagnose_truelearn_novelty_with_user.py:14: [too-many-arguments(pylint), _get_eval_func] Too many arguments (17/5)]]></error>
	</testcase>
	<testcase name="truelearn_experiments/semantic_truelearn/diagnostics/diagnose_truelearn_novelty_with_user.py-14">
		<error message="Too many local variables (24/15)" type="pylint Error"><![CDATA[truelearn_experiments/semantic_truelearn/diagnostics/diagnose_truelearn_novelty_with_user.py:14: [too-many-locals(pylint), _get_eval_func] Too many local variables (24/15)]]></error>
	</testcase>
	<testcase name="truelearn_experiments/semantic_truelearn/diagnostics/diagnose_truelearn_novelty_with_user.py-14">
		<error message="Unused argument 'engage_func'" type="pylint Error"><![CDATA[truelearn_experiments/semantic_truelearn/diagnostics/diagnose_truelearn_novelty_with_user.py:14: [unused-argument(pylint), _get_eval_func] Unused argument 'engage_func']]></error>
	</testcase>
	<testcase name="truelearn_experiments/semantic_truelearn/diagnostics/diagnose_truelearn_novelty_with_user.py-16">
		<error message="Unused argument 'interest_decay_factor'" type="pylint Error"><![CDATA[truelearn_experiments/semantic_truelearn/diagnostics/diagnose_truelearn_novelty_with_user.py:16: [unused-argument(pylint), _get_eval_func] Unused argument 'interest_decay_factor']]></error>
	</testcase>
	<testcase name="truelearn_experiments/semantic_truelearn/diagnostics/diagnose_truelearn_novelty_with_user.py-18">
		<error message="Unnecessary &quot;else&quot; after &quot;return&quot;, remove the &quot;else&quot; and de-indent the code inside it" type="pylint Error"><![CDATA[truelearn_experiments/semantic_truelearn/diagnostics/diagnose_truelearn_novelty_with_user.py:18: [no-else-return(pylint), _get_eval_func] Unnecessary "else" after "return", remove the "else" and de-indent the code inside it]]></error>
	</testcase>
	<testcase name="truelearn_experiments/semantic_truelearn/diagnostics/diagnose_truelearn_novelty_with_user.py-71">
		<error message="Formatting a regular string which could be a f-string" type="pylint Error"><![CDATA[truelearn_experiments/semantic_truelearn/diagnostics/diagnose_truelearn_novelty_with_user.py:71: [consider-using-f-string(pylint), main] Formatting a regular string which could be a f-string]]></error>
	</testcase>
	<testcase name="truelearn_experiments/semantic_truelearn/diagnostics/diagnose_truelearn_novelty_with_user.py-169">
		<error message="Using open without explicitly specifying an encoding" type="pylint Error"><![CDATA[truelearn_experiments/semantic_truelearn/diagnostics/diagnose_truelearn_novelty_with_user.py:169: [unspecified-encoding(pylint), main] Using open without explicitly specifying an encoding]]></error>
	</testcase>
	<testcase name="truelearn_experiments/semantic_truelearn/diagnostics/diagnose_truelearn_novelty_with_user.py-176">
		<error message="String statement has no effect" type="pylint Error"><![CDATA[truelearn_experiments/semantic_truelearn/diagnostics/diagnose_truelearn_novelty_with_user.py:176: [pointless-string-statement(pylint), None] String statement has no effect]]></error>
	</testcase>
	<testcase name="truelearn_experiments/semantic_truelearn/diagnostics/investigate_temparal performance.py-6">
		<error message="Unable to import 'analyses.truelearn_experiments.trueknowledge_recommender_models'" type="pylint Error"><![CDATA[truelearn_experiments/semantic_truelearn/diagnostics/investigate_temparal performance.py:6: [import-error(pylint), None] Unable to import 'analyses.truelearn_experiments.trueknowledge_recommender_models']]></error>
	</testcase>
	<testcase name="truelearn_experiments/semantic_truelearn/diagnostics/investigate_temparal performance.py-8">
		<error message="Unable to import 'analyses.truelearn_experiments.utils'" type="pylint Error"><![CDATA[truelearn_experiments/semantic_truelearn/diagnostics/investigate_temparal performance.py:8: [import-error(pylint), None] Unable to import 'analyses.truelearn_experiments.utils']]></error>
	</testcase>
	<testcase name="truelearn_experiments/semantic_truelearn/diagnostics/investigate_temparal performance.py-9">
		<error message="Unable to import 'lib.spark_context'" type="pylint Error"><![CDATA[truelearn_experiments/semantic_truelearn/diagnostics/investigate_temparal performance.py:9: [import-error(pylint), None] Unable to import 'lib.spark_context']]></error>
	</testcase>
	<testcase name="truelearn_experiments/semantic_truelearn/diagnostics/investigate_temparal performance.py-12">
		<error message="Too many arguments (6/5)" type="pylint Error"><![CDATA[truelearn_experiments/semantic_truelearn/diagnostics/investigate_temparal performance.py:12: [too-many-arguments(pylint), _update_summary_stats_records] Too many arguments (6/5)]]></error>
	</testcase>
	<testcase name="truelearn_experiments/semantic_truelearn/diagnostics/investigate_temparal performance.py-12">
		<error message="Redefining built-in 'id'" type="pylint Error"><![CDATA[truelearn_experiments/semantic_truelearn/diagnostics/investigate_temparal performance.py:12: [redefined-builtin(pylint), _update_summary_stats_records] Redefining built-in 'id']]></error>
	</testcase>
	<testcase name="truelearn_experiments/semantic_truelearn/diagnostics/investigate_temparal performance.py-30">
		<error message="Redefining built-in 'id'" type="pylint Error"><![CDATA[truelearn_experiments/semantic_truelearn/diagnostics/investigate_temparal performance.py:30: [redefined-builtin(pylint), get_partitioned_metrics] Redefining built-in 'id']]></error>
	</testcase>
	<testcase name="truelearn_experiments/semantic_truelearn/diagnostics/investigate_temparal performance.py-51">
		<error message="Import outside toplevel (seaborn)" type="pylint Error"><![CDATA[truelearn_experiments/semantic_truelearn/diagnostics/investigate_temparal performance.py:51: [import-outside-toplevel(pylint), generate_performance_figure] Import outside toplevel (seaborn)]]></error>
	</testcase>
	<testcase name="truelearn_experiments/semantic_truelearn/diagnostics/investigate_temparal performance.py-54">
		<error message="Import outside toplevel (matplotlib.pyplot)" type="pylint Error"><![CDATA[truelearn_experiments/semantic_truelearn/diagnostics/investigate_temparal performance.py:54: [import-outside-toplevel(pylint), generate_performance_figure] Import outside toplevel (matplotlib.pyplot)]]></error>
	</testcase>
	<testcase name="truelearn_experiments/semantic_truelearn/diagnostics/investigate_temparal performance.py-56">
		<error message="Unused variable 'ax'" type="pylint Error"><![CDATA[truelearn_experiments/semantic_truelearn/diagnostics/investigate_temparal performance.py:56: [unused-variable(pylint), generate_performance_figure] Unused variable 'ax']]></error>
	</testcase>
	<testcase name="truelearn_experiments/semantic_truelearn/diagnostics/investigate_temparal performance.py-65">
		<error message="Too many local variables (17/15)" type="pylint Error"><![CDATA[truelearn_experiments/semantic_truelearn/diagnostics/investigate_temparal performance.py:65: [too-many-locals(pylint), main] Too many local variables (17/15)]]></error>
	</testcase>
	<testcase name="truelearn_experiments/semantic_truelearn/diagnostics/investigate_temparal performance.py-66">
		<error message="Formatting a regular string which could be a f-string" type="pylint Error"><![CDATA[truelearn_experiments/semantic_truelearn/diagnostics/investigate_temparal performance.py:66: [consider-using-f-string(pylint), main] Formatting a regular string which could be a f-string]]></error>
	</testcase>
	<testcase name="truelearn_experiments/semantic_truelearn/diagnostics/investigate_temparal performance.py-136">
		<error message="String statement has no effect" type="pylint Error"><![CDATA[truelearn_experiments/semantic_truelearn/diagnostics/investigate_temparal performance.py:136: [pointless-string-statement(pylint), None] String statement has no effect]]></error>
	</testcase>
	<testcase name="truelearn_experiments/semantic_truelearn/diagnostics/investigate_temparal performance.py-156">
		<error message="Assigning result of a function call, where the function has no return" type="pylint Error"><![CDATA[truelearn_experiments/semantic_truelearn/diagnostics/investigate_temparal performance.py:156: [assignment-from-no-return(pylint), None] Assigning result of a function call, where the function has no return]]></error>
	</testcase>
	<testcase name="truelearn_experiments/semantic_truelearn/validate_topic_correlation_to_f1_relationship.py-3">
		<error message="Unable to import 'analyses.truelearn_experiments.run_experiments'" type="pylint Error"><![CDATA[truelearn_experiments/semantic_truelearn/validate_topic_correlation_to_f1_relationship.py:3: [import-error(pylint), None] Unable to import 'analyses.truelearn_experiments.run_experiments']]></error>
	</testcase>
	<testcase name="truelearn_experiments/semantic_truelearn/validate_topic_correlation_to_f1_relationship.py-8">
		<error message="Unable to import 'analyses.truelearn_experiments.trueknowledge_recommender_models'" type="pylint Error"><![CDATA[truelearn_experiments/semantic_truelearn/validate_topic_correlation_to_f1_relationship.py:8: [import-error(pylint), None] Unable to import 'analyses.truelearn_experiments.trueknowledge_recommender_models']]></error>
	</testcase>
	<testcase name="truelearn_experiments/semantic_truelearn/validate_topic_correlation_to_f1_relationship.py-10">
		<error message="Unable to import 'analyses.truelearn_experiments.utils'" type="pylint Error"><![CDATA[truelearn_experiments/semantic_truelearn/validate_topic_correlation_to_f1_relationship.py:10: [import-error(pylint), None] Unable to import 'analyses.truelearn_experiments.utils']]></error>
	</testcase>
	<testcase name="truelearn_experiments/semantic_truelearn/validate_topic_correlation_to_f1_relationship.py-11">
		<error message="Unable to import 'lib.spark_context'" type="pylint Error"><![CDATA[truelearn_experiments/semantic_truelearn/validate_topic_correlation_to_f1_relationship.py:11: [import-error(pylint), None] Unable to import 'lib.spark_context']]></error>
	</testcase>
	<testcase name="truelearn_experiments/semantic_truelearn/validate_topic_correlation_to_f1_relationship.py-38">
		<error message="Redefining built-in 'id'" type="pylint Error"><![CDATA[truelearn_experiments/semantic_truelearn/validate_topic_correlation_to_f1_relationship.py:38: [redefined-builtin(pylint), get_records] Redefining built-in 'id']]></error>
	</testcase>
	<testcase name="truelearn_experiments/semantic_truelearn/validate_topic_correlation_to_f1_relationship.py-49">
		<error message="Module 'ujson' has no 'loads' member, but source is unavailable. Consider adding this module to extension-pkg-allow-list if you want to perform analysis based on run-time introspection of living objects." type="pylint Error"><![CDATA[truelearn_experiments/semantic_truelearn/validate_topic_correlation_to_f1_relationship.py:49: [c-extension-no-member(pylint), main] Module 'ujson' has no 'loads' member, but source is unavailable. Consider adding this module to extension-pkg-allow-list if you want to perform analysis based on run-time introspection of living objects.]]></error>
	</testcase>
	<testcase name="truelearn_experiments/semantic_truelearn/validate_topic_correlation_to_f1_relationship.py-81">
		<error message="Unused variable 'final_df'" type="pylint Error"><![CDATA[truelearn_experiments/semantic_truelearn/validate_topic_correlation_to_f1_relationship.py:81: [unused-variable(pylint), main] Unused variable 'final_df']]></error>
	</testcase>
	<testcase name="truelearn_experiments/semantic_truelearn/validate_topic_correlation_to_f1_relationship.py-102">
		<error message="String statement has no effect" type="pylint Error"><![CDATA[truelearn_experiments/semantic_truelearn/validate_topic_correlation_to_f1_relationship.py:102: [pointless-string-statement(pylint), None] String statement has no effect]]></error>
	</testcase>
	<testcase name="truelearn_experiments/trueknowledge_recommender_models.py-5">
		<error message="Unable to import 'mpmath'" type="pylint Error"><![CDATA[truelearn_experiments/trueknowledge_recommender_models.py:5: [import-error(pylint), None] Unable to import 'mpmath']]></error>
	</testcase>
	<testcase name="truelearn_experiments/trueknowledge_recommender_models.py-7">
		<error message="Unable to import 'trueskill'" type="pylint Error"><![CDATA[truelearn_experiments/trueknowledge_recommender_models.py:7: [import-error(pylint), None] Unable to import 'trueskill']]></error>
	</testcase>
	<testcase name="truelearn_experiments/trueknowledge_recommender_models.py-9">
		<error message="Unable to import 'analyses.truelearn_experiments.utils'" type="pylint Error"><![CDATA[truelearn_experiments/trueknowledge_recommender_models.py:9: [import-error(pylint), None] Unable to import 'analyses.truelearn_experiments.utils']]></error>
	</testcase>
	<testcase name="truelearn_experiments/trueknowledge_recommender_models.py-44">
		<error message="Too many arguments (8/5)" type="pylint Error"><![CDATA[truelearn_experiments/trueknowledge_recommender_models.py:44: [too-many-arguments(pylint), dilute_variance] Too many arguments (8/5)]]></error>
	</testcase>
	<testcase name="truelearn_experiments/trueknowledge_recommender_models.py-65">
		<error message="Redefining built-in 'type'" type="pylint Error"><![CDATA[truelearn_experiments/trueknowledge_recommender_models.py:65: [redefined-builtin(pylint), get_default_variance_from_coverage_values] Redefining built-in 'type']]></error>
	</testcase>
	<testcase name="truelearn_experiments/trueknowledge_recommender_models.py-102">
		<error message="Either all return statements in a function should return an expression, or none of them should." type="pylint Error"><![CDATA[truelearn_experiments/trueknowledge_recommender_models.py:102: [inconsistent-return-statements(pylint), get_user_engageability] Either all return statements in a function should return an expression, or none of them should.]]></error>
	</testcase>
	<testcase name="truelearn_experiments/trueknowledge_recommender_models.py-102">
		<error message="Too many arguments (6/5)" type="pylint Error"><![CDATA[truelearn_experiments/trueknowledge_recommender_models.py:102: [too-many-arguments(pylint), get_user_engageability] Too many arguments (6/5)]]></error>
	</testcase>
	<testcase name="truelearn_experiments/trueknowledge_recommender_models.py-102">
		<error message="Too many local variables (16/15)" type="pylint Error"><![CDATA[truelearn_experiments/trueknowledge_recommender_models.py:102: [too-many-locals(pylint), get_user_engageability] Too many local variables (16/15)]]></error>
	</testcase>
	<testcase name="truelearn_experiments/trueknowledge_recommender_models.py-114">
		<error message="Unnecessary &quot;elif&quot; after &quot;return&quot;, remove the leading &quot;el&quot; from &quot;elif&quot;" type="pylint Error"><![CDATA[truelearn_experiments/trueknowledge_recommender_models.py:114: [no-else-return(pylint), get_user_engageability] Unnecessary "elif" after "return", remove the leading "el" from "elif"]]></error>
	</testcase>
	<testcase name="truelearn_experiments/trueknowledge_recommender_models.py-116">
		<error message="Consider using a generator instead 'sum(user['mean'].get(topic, 0.0) &gt;= cov for (topic, cov) in topics.items())'" type="pylint Error"><![CDATA[truelearn_experiments/trueknowledge_recommender_models.py:116: [consider-using-generator(pylint), get_user_engageability] Consider using a generator instead 'sum(user['mean'].get(topic, 0.0) >= cov for (topic, cov) in topics.items())']]></error>
	</testcase>
	<testcase name="truelearn_experiments/trueknowledge_recommender_models.py-120">
		<error message="Consider using a generator instead 'sum(user['mean'].get(topic, 0.0) - cov for (topic, cov) in topics.items())'" type="pylint Error"><![CDATA[truelearn_experiments/trueknowledge_recommender_models.py:120: [consider-using-generator(pylint), get_user_engageability] Consider using a generator instead 'sum(user['mean'].get(topic, 0.0) - cov for (topic, cov) in topics.items())']]></error>
	</testcase>
	<testcase name="truelearn_experiments/trueknowledge_recommender_models.py-124">
		<error message="Consider using [] instead of list()" type="pylint Error"><![CDATA[truelearn_experiments/trueknowledge_recommender_models.py:124: [use-list-literal(pylint), get_user_engageability] Consider using [] instead of list()]]></error>
	</testcase>
	<testcase name="truelearn_experiments/trueknowledge_recommender_models.py-168">
		<error message="Too many arguments (7/5)" type="pylint Error"><![CDATA[truelearn_experiments/trueknowledge_recommender_models.py:168: [too-many-arguments(pylint), update_truelearn_novel] Too many arguments (7/5)]]></error>
	</testcase>
	<testcase name="truelearn_experiments/trueknowledge_recommender_models.py-196">
		<error message="predict_and_model_truelearn_novel is too complex (23)" type="mccabe Error"><![CDATA[truelearn_experiments/trueknowledge_recommender_models.py:196: [MC0001(mccabe), predict_and_model_truelearn_novel] predict_and_model_truelearn_novel is too complex (23)]]></error>
	</testcase>
	<testcase name="truelearn_experiments/trueknowledge_recommender_models.py-196">
		<error message="Too many arguments (28/5)" type="pylint Error"><![CDATA[truelearn_experiments/trueknowledge_recommender_models.py:196: [too-many-arguments(pylint), predict_and_model_truelearn_novel] Too many arguments (28/5)]]></error>
	</testcase>
	<testcase name="truelearn_experiments/trueknowledge_recommender_models.py-196">
		<error message="Too many local variables (84/15)" type="pylint Error"><![CDATA[truelearn_experiments/trueknowledge_recommender_models.py:196: [too-many-locals(pylint), predict_and_model_truelearn_novel] Too many local variables (84/15)]]></error>
	</testcase>
	<testcase name="truelearn_experiments/trueknowledge_recommender_models.py-198">
		<error message="Unused argument 'is_diluted'" type="pylint Error"><![CDATA[truelearn_experiments/trueknowledge_recommender_models.py:198: [unused-argument(pylint), predict_and_model_truelearn_novel] Unused argument 'is_diluted']]></error>
	</testcase>
	<testcase name="truelearn_experiments/trueknowledge_recommender_models.py-198">
		<error message="Unused argument 'dil_factor'" type="pylint Error"><![CDATA[truelearn_experiments/trueknowledge_recommender_models.py:198: [unused-argument(pylint), predict_and_model_truelearn_novel] Unused argument 'dil_factor']]></error>
	</testcase>
	<testcase name="truelearn_experiments/trueknowledge_recommender_models.py-228">
		<error message="Unused variable 'turn'" type="pylint Error"><![CDATA[truelearn_experiments/trueknowledge_recommender_models.py:228: [unused-variable(pylint), predict_and_model_truelearn_novel] Unused variable 'turn']]></error>
	</testcase>
	<testcase name="truelearn_experiments/trueknowledge_recommender_models.py-234">
		<error message="Unused variable 'user_id'" type="pylint Error"><![CDATA[truelearn_experiments/trueknowledge_recommender_models.py:234: [unused-variable(pylint), predict_and_model_truelearn_novel] Unused variable 'user_id']]></error>
	</testcase>
	<testcase name="truelearn_experiments/trueknowledge_recommender_models.py-264">
		<error message="Consider using [] instead of list()" type="pylint Error"><![CDATA[truelearn_experiments/trueknowledge_recommender_models.py:264: [use-list-literal(pylint), predict_and_model_truelearn_novel] Consider using [] instead of list()]]></error>
	</testcase>
	<testcase name="truelearn_experiments/trueknowledge_recommender_models.py-265">
		<error message="Consider using [] instead of list()" type="pylint Error"><![CDATA[truelearn_experiments/trueknowledge_recommender_models.py:265: [use-list-literal(pylint), predict_and_model_truelearn_novel] Consider using [] instead of list()]]></error>
	</testcase>
	<testcase name="truelearn_experiments/trueknowledge_recommender_models.py-266">
		<error message="Consider using [] instead of list()" type="pylint Error"><![CDATA[truelearn_experiments/trueknowledge_recommender_models.py:266: [use-list-literal(pylint), predict_and_model_truelearn_novel] Consider using [] instead of list()]]></error>
	</testcase>
	<testcase name="truelearn_experiments/trueknowledge_recommender_models.py-271">
		<error message="Consider using [] instead of list()" type="pylint Error"><![CDATA[truelearn_experiments/trueknowledge_recommender_models.py:271: [use-list-literal(pylint), predict_and_model_truelearn_novel] Consider using [] instead of list()]]></error>
	</testcase>
	<testcase name="truelearn_experiments/trueknowledge_recommender_models.py-272">
		<error message="Consider using [] instead of list()" type="pylint Error"><![CDATA[truelearn_experiments/trueknowledge_recommender_models.py:272: [use-list-literal(pylint), predict_and_model_truelearn_novel] Consider using [] instead of list()]]></error>
	</testcase>
	<testcase name="truelearn_experiments/trueknowledge_recommender_models.py-273">
		<error message="Consider using [] instead of list()" type="pylint Error"><![CDATA[truelearn_experiments/trueknowledge_recommender_models.py:273: [use-list-literal(pylint), predict_and_model_truelearn_novel] Consider using [] instead of list()]]></error>
	</testcase>
	<testcase name="truelearn_experiments/trueknowledge_recommender_models.py-291">
		<error message="local variable '_topic' is assigned to but never used" type="pyflakes Error"><![CDATA[truelearn_experiments/trueknowledge_recommender_models.py:291: [F841(pyflakes), None] local variable '_topic' is assigned to but never used]]></error>
	</testcase>
	<testcase name="truelearn_experiments/trueknowledge_recommender_models.py-459">
		<error message="Redefining built-in 'type'" type="pylint Error"><![CDATA[truelearn_experiments/trueknowledge_recommender_models.py:459: [redefined-builtin(pylint), get_interest_decay_func] Redefining built-in 'type']]></error>
	</testcase>
	<testcase name="truelearn_experiments/trueknowledge_recommender_models.py-464">
		<error message="Unnecessary &quot;else&quot; after &quot;return&quot;, remove the &quot;else&quot; and de-indent the code inside it" type="pylint Error"><![CDATA[truelearn_experiments/trueknowledge_recommender_models.py:464: [no-else-return(pylint), get_interest_decay_func] Unnecessary "else" after "return", remove the "else" and de-indent the code inside it]]></error>
	</testcase>
	<testcase name="truelearn_experiments/trueknowledge_recommender_models.py-470">
		<error message="Too many arguments (23/5)" type="pylint Error"><![CDATA[truelearn_experiments/trueknowledge_recommender_models.py:470: [too-many-arguments(pylint), truelearn_novel_model] Too many arguments (23/5)]]></error>
	</testcase>
	<testcase name="truelearn_experiments/trueknowledge_recommender_models.py-470">
		<error message="Too many local variables (35/15)" type="pylint Error"><![CDATA[truelearn_experiments/trueknowledge_recommender_models.py:470: [too-many-locals(pylint), truelearn_novel_model] Too many local variables (35/15)]]></error>
	</testcase>
	<testcase name="truelearn_experiments/trueknowledge_recommender_models.py-508">
		<error message="Use isinstance() rather than type() for a typecheck." type="pylint Error"><![CDATA[truelearn_experiments/trueknowledge_recommender_models.py:508: [unidiomatic-typecheck(pylint), truelearn_novel_model] Use isinstance() rather than type() for a typecheck.]]></error>
	</testcase>
	<testcase name="truelearn_experiments/trueknowledge_recommender_models.py-512">
		<error message="No value for argument 'q_random' in function call" type="pylint Error"><![CDATA[truelearn_experiments/trueknowledge_recommender_models.py:512: [no-value-for-parameter(pylint), truelearn_novel_model] No value for argument 'q_random' in function call]]></error>
	</testcase>
	<testcase name="truelearn_experiments/trueknowledge_recommender_models.py-543">
		<error message="Too many local variables (17/15)" type="pylint Error"><![CDATA[truelearn_experiments/trueknowledge_recommender_models.py:543: [too-many-locals(pylint), compute_quality_based_predictions] Too many local variables (17/15)]]></error>
	</testcase>
	<testcase name="truelearn_experiments/trueknowledge_recommender_models.py-547">
		<error message="Unused variable 'turn'" type="pylint Error"><![CDATA[truelearn_experiments/trueknowledge_recommender_models.py:547: [unused-variable(pylint), compute_quality_based_predictions] Unused variable 'turn']]></error>
	</testcase>
	<testcase name="truelearn_experiments/trueknowledge_recommender_models.py-553">
		<error message="Unused variable 'user_id'" type="pylint Error"><![CDATA[truelearn_experiments/trueknowledge_recommender_models.py:553: [unused-variable(pylint), compute_quality_based_predictions] Unused variable 'user_id']]></error>
	</testcase>
	<testcase name="truelearn_experiments/utils.py-6">
		<error message="Unable to import 'networkx'" type="pylint Error"><![CDATA[truelearn_experiments/utils.py:6: [import-error(pylint), None] Unable to import 'networkx']]></error>
	</testcase>
	<testcase name="truelearn_experiments/utils.py-12">
		<error message="Unable to import 'statsmodels.stats.moment_helpers'" type="pylint Error"><![CDATA[truelearn_experiments/utils.py:12: [import-error(pylint), None] Unable to import 'statsmodels.stats.moment_helpers']]></error>
	</testcase>
	<testcase name="truelearn_experiments/utils.py-49">
		<error message="Too many arguments (11/5)" type="pylint Error"><![CDATA[truelearn_experiments/utils.py:49: [too-many-arguments(pylint), get_summary_stats] Too many arguments (11/5)]]></error>
	</testcase>
	<testcase name="truelearn_experiments/utils.py-49">
		<error message="Too many local variables (22/15)" type="pylint Error"><![CDATA[truelearn_experiments/utils.py:49: [too-many-locals(pylint), get_summary_stats] Too many local variables (22/15)]]></error>
	</testcase>
	<testcase name="truelearn_experiments/utils.py-72">
		<error message="Unused variable 'thresh'" type="pylint Error"><![CDATA[truelearn_experiments/utils.py:72: [unused-variable(pylint), get_summary_stats] Unused variable 'thresh']]></error>
	</testcase>
	<testcase name="truelearn_experiments/utils.py-75">
		<error message="Use a generator instead 'all(i == 0 for i in actual)'" type="pylint Error"><![CDATA[truelearn_experiments/utils.py:75: [use-a-generator(pylint), get_summary_stats] Use a generator instead 'all(i == 0 for i in actual)']]></error>
	</testcase>
	<testcase name="truelearn_experiments/utils.py-138">
		<error message="Unable to import 'networkx'" type="pylint Error"><![CDATA[truelearn_experiments/utils.py:138: [import-error(pylint), build_graph] Unable to import 'networkx']]></error>
	</testcase>
	<testcase name="truelearn_experiments/utils.py-138">
		<error message="Import outside toplevel (networkx)" type="pylint Error"><![CDATA[truelearn_experiments/utils.py:138: [import-outside-toplevel(pylint), build_graph] Import outside toplevel (networkx)]]></error>
	</testcase>
	<testcase name="truelearn_experiments/utils.py-138">
		<error message="Reimport 'networkx' (imported line 6)" type="pylint Error"><![CDATA[truelearn_experiments/utils.py:138: [reimported(pylint), build_graph] Reimport 'networkx' (imported line 6)]]></error>
	</testcase>
	<testcase name="truelearn_experiments/utils.py-227">
		<error message="Redefining built-in 'type'" type="pylint Error"><![CDATA[truelearn_experiments/utils.py:227: [redefined-builtin(pylint), get_topic_dict] Redefining built-in 'type']]></error>
	</testcase>
	<testcase name="truelearn_experiments/utils.py-249">
		<error message="Unnecessary &quot;elif&quot; after &quot;return&quot;, remove the leading &quot;el&quot; from &quot;elif&quot;" type="pylint Error"><![CDATA[truelearn_experiments/utils.py:249: [no-else-return(pylint), get_topic_dict] Unnecessary "elif" after "return", remove the leading "el" from "elif"]]></error>
	</testcase>
	<testcase name="truelearn_experiments/utils.py-258">
		<error message="Redefining built-in 'type'" type="pylint Error"><![CDATA[truelearn_experiments/utils.py:258: [redefined-builtin(pylint), _get_topic_vector] Redefining built-in 'type']]></error>
	</testcase>
	<testcase name="truelearn_experiments/utils.py-259">
		<error message="Unnecessary &quot;else&quot; after &quot;return&quot;, remove the &quot;else&quot; and de-indent the code inside it" type="pylint Error"><![CDATA[truelearn_experiments/utils.py:259: [no-else-return(pylint), _get_topic_vector] Unnecessary "else" after "return", remove the "else" and de-indent the code inside it]]></error>
	</testcase>
	<testcase name="truelearn_experiments/utils.py-270">
		<error message="Consider using a generator instead 'sum(topics[i * 2 + 1] for i in range(n_topics))'" type="pylint Error"><![CDATA[truelearn_experiments/utils.py:270: [consider-using-generator(pylint), _get_topic_vector] Consider using a generator instead 'sum(topics[i * 2 + 1] for i in range(n_topics))']]></error>
	</testcase>
	<testcase name="truelearn_experiments/utils.py-293">
		<error message="ambiguous variable name 'l'" type="pycodestyle Error"><![CDATA[truelearn_experiments/utils.py:293: [E741(pycodestyle), None] ambiguous variable name 'l']]></error>
	</testcase>
	<testcase name="truelearn_experiments/utils.py-296">
		<error message="Unused argument 'is_video'" type="pylint Error"><![CDATA[truelearn_experiments/utils.py:296: [unused-argument(pylint), get_videowise_data] Unused argument 'is_video']]></error>
	</testcase>
	<testcase name="truelearn_experiments/utils.py-351">
		<error message="Unused argument 'user_model'" type="pylint Error"><![CDATA[truelearn_experiments/utils.py:351: [unused-argument(pylint), compute_gaussian_based_skills] Unused argument 'user_model']]></error>
	</testcase>
	<testcase name="truelearn_experiments/utils.py-351">
		<error message="Unused argument 'current_topic'" type="pylint Error"><![CDATA[truelearn_experiments/utils.py:351: [unused-argument(pylint), compute_gaussian_based_skills] Unused argument 'current_topic']]></error>
	</testcase>
	<testcase name="truelearn_experiments/utils.py-351">
		<error message="Unused argument 'mapping'" type="pylint Error"><![CDATA[truelearn_experiments/utils.py:351: [unused-argument(pylint), compute_gaussian_based_skills] Unused argument 'mapping']]></error>
	</testcase>
	<testcase name="truelearn_experiments/utils.py-371">
		<error message="Unnecessary use of a comprehension, use list(related_skills.items()) instead." type="pylint Error"><![CDATA[truelearn_experiments/utils.py:371: [unnecessary-comprehension(pylint), get_related_skill_set] Unnecessary use of a comprehension, use list(related_skills.items()) instead.]]></error>
	</testcase>
	<testcase name="truelearn_experiments/utils.py-373">
		<error message="Unnecessary use of a comprehension, use dict(sorted_related_skills[:top_k_sr_topics]) instead." type="pylint Error"><![CDATA[truelearn_experiments/utils.py:373: [unnecessary-comprehension(pylint), get_related_skill_set] Unnecessary use of a comprehension, use dict(sorted_related_skills[:top_k_sr_topics]) instead.]]></error>
	</testcase>
	<testcase name="truelearn_experiments/utils.py-471">
		<error message="Too many arguments (9/5)" type="pylint Error"><![CDATA[truelearn_experiments/utils.py:471: [too-many-arguments(pylint), get_semantic_skill_inference] Too many arguments (9/5)]]></error>
	</testcase>
	<testcase name="truelearn_experiments/utils.py-471">
		<error message="Unused argument 'event_time'" type="pylint Error"><![CDATA[truelearn_experiments/utils.py:471: [unused-argument(pylint), get_semantic_skill_inference] Unused argument 'event_time']]></error>
	</testcase>
	<testcase name="truelearn_experiments/utils.py-477">
		<error message="Unnecessary &quot;else&quot; after &quot;return&quot;, remove the &quot;else&quot; and de-indent the code inside it" type="pylint Error"><![CDATA[truelearn_experiments/utils.py:477: [no-else-return(pylint), get_semantic_skill_inference] Unnecessary "else" after "return", remove the "else" and de-indent the code inside it]]></error>
	</testcase>
</testsuite>

